[ 2016-12-23T10:21:36+08:00 ] 127.0.0.1 /Index/index.html
INFO: [ app_init ] --START--
INFO: Run Behavior\BuildLiteBehavior [ RunTime:0.000000s ]
INFO: [ app_init ] --END-- [ RunTime:0.002000s ]
INFO: [ app_begin ] --START--
INFO: Run Behavior\ReadHtmlCacheBehavior [ RunTime:0.000000s ]
INFO: [ app_begin ] --END-- [ RunTime:0.000000s ]
SQL: SHOW COLUMNS FROM `cies_site_meta` [ RunTime:0.0030s ]
SQL: SELECT * FROM `cies_site_meta` WHERE `site_meta_id` = 1 LIMIT 1   [ RunTime:0.0000s ]
SQL: SHOW COLUMNS FROM `cies_news_classify` [ RunTime:0.0030s ]
SQL: SELECT * FROM `cies_news_classify` WHERE ( status=1 ) ORDER BY sort desc  [ RunTime:0.0000s ]
SQL: SHOW COLUMNS FROM `cies_product_classify` [ RunTime:0.0040s ]
SQL: SELECT * FROM `cies_product_classify` WHERE `pid` = 0 AND `status` = 1 ORDER BY sort desc  [ RunTime:0.0010s ]
SQL: SELECT * FROM `cies_product_classify` WHERE `pid` <> 0 AND `status` = 1 ORDER BY sort desc  [ RunTime:0.0010s ]
SQL: SHOW COLUMNS FROM `cies_project_classify` [ RunTime:0.0040s ]
SQL: SELECT * FROM `cies_project_classify` WHERE ( status=1 ) ORDER BY sort desc  [ RunTime:0.0010s ]
SQL: SHOW COLUMNS FROM `cies_banner_index` [ RunTime:0.0030s ]
SQL: SELECT * FROM `cies_banner_index` WHERE ( status=1 ) ORDER BY sort desc  [ RunTime:0.0000s ]
SQL: SELECT * FROM `cies_product_classify` WHERE `pid` = 0 AND `status` = 1 ORDER BY sort desc  [ RunTime:0.0010s ]
SQL: SHOW COLUMNS FROM `cies_product` [ RunTime:0.0030s ]
SQL: SELECT * FROM `cies_product` WHERE ( status=1 and showindex=1 ) ORDER BY sort desc,showtime desc LIMIT 5   [ RunTime:0.0000s ]
SQL: SELECT * FROM `cies_news_classify` WHERE ( status=1 ) ORDER BY sort desc  [ RunTime:0.0000s ]
SQL: SHOW COLUMNS FROM `cies_news` [ RunTime:0.0040s ]
SQL: SELECT * FROM `cies_news` WHERE ( status=1 and showindex=1 ) ORDER BY sort desc,showtime desc LIMIT 4   [ RunTime:0.0000s ]
SQL: SHOW COLUMNS FROM `cies_friend` [ RunTime:0.0040s ]
SQL: SELECT * FROM `cies_friend` WHERE ( status=1 ) ORDER BY sort desc  [ RunTime:0.0010s ]
INFO: [ view_parse ] --START--
INFO: [ template_filter ] --START--
INFO: Run Behavior\ContentReplaceBehavior [ RunTime:0.001000s ]
INFO: [ template_filter ] --END-- [ RunTime:0.001000s ]
NOTIC: [8] Undefined variable: data D:\wamp\www\appollo\Application\Runtime\Cache\Home\2a94b8bda04ff446dcedd42276fc99ee.php 第 8 行.
NOTIC: [8] Undefined variable: data D:\wamp\www\appollo\Application\Runtime\Cache\Home\2a94b8bda04ff446dcedd42276fc99ee.php 第 9 行.
NOTIC: [8] Undefined variable: data D:\wamp\www\appollo\Application\Runtime\Cache\Home\2a94b8bda04ff446dcedd42276fc99ee.php 第 10 行.
NOTIC: [8] Undefined variable: data D:\wamp\www\appollo\Application\Runtime\Cache\Home\2a94b8bda04ff446dcedd42276fc99ee.php 第 11 行.
NOTIC: [8] Undefined variable: data D:\wamp\www\appollo\Application\Runtime\Cache\Home\2a94b8bda04ff446dcedd42276fc99ee.php 第 12 行.
NOTIC: [8] Undefined variable: data D:\wamp\www\appollo\Application\Runtime\Cache\Home\2a94b8bda04ff446dcedd42276fc99ee.php 第 13 行.
NOTIC: [8] Use of undefined constant Index - assumed 'Index' D:\wamp\www\appollo\Application\Runtime\Cache\Home\2a94b8bda04ff446dcedd42276fc99ee.php 第 27 行.
NOTIC: [8] Use of undefined constant About - assumed 'About' D:\wamp\www\appollo\Application\Runtime\Cache\Home\2a94b8bda04ff446dcedd42276fc99ee.php 第 31 行.
NOTIC: [8] Use of undefined constant News - assumed 'News' D:\wamp\www\appollo\Application\Runtime\Cache\Home\2a94b8bda04ff446dcedd42276fc99ee.php 第 77 行.
NOTIC: [8] Use of undefined constant Product - assumed 'Product' D:\wamp\www\appollo\Application\Runtime\Cache\Home\2a94b8bda04ff446dcedd42276fc99ee.php 第 115 行.
NOTIC: [8] Use of undefined constant pid - assumed 'pid' D:\wamp\www\appollo\Application\Runtime\Cache\Home\2a94b8bda04ff446dcedd42276fc99ee.php 第 121 行.
NOTIC: [8] Use of undefined constant pid - assumed 'pid' D:\wamp\www\appollo\Application\Runtime\Cache\Home\2a94b8bda04ff446dcedd42276fc99ee.php 第 121 行.
NOTIC: [8] Use of undefined constant pid - assumed 'pid' D:\wamp\www\appollo\Application\Runtime\Cache\Home\2a94b8bda04ff446dcedd42276fc99ee.php 第 121 行.
NOTIC: [8] Use of undefined constant pid - assumed 'pid' D:\wamp\www\appollo\Application\Runtime\Cache\Home\2a94b8bda04ff446dcedd42276fc99ee.php 第 121 行.
NOTIC: [8] Use of undefined constant pid - assumed 'pid' D:\wamp\www\appollo\Application\Runtime\Cache\Home\2a94b8bda04ff446dcedd42276fc99ee.php 第 121 行.
NOTIC: [8] Use of undefined constant pid - assumed 'pid' D:\wamp\www\appollo\Application\Runtime\Cache\Home\2a94b8bda04ff446dcedd42276fc99ee.php 第 121 行.
NOTIC: [8] Use of undefined constant pid - assumed 'pid' D:\wamp\www\appollo\Application\Runtime\Cache\Home\2a94b8bda04ff446dcedd42276fc99ee.php 第 121 行.
NOTIC: [8] Use of undefined constant pid - assumed 'pid' D:\wamp\www\appollo\Application\Runtime\Cache\Home\2a94b8bda04ff446dcedd42276fc99ee.php 第 121 行.
NOTIC: [8] Use of undefined constant pid - assumed 'pid' D:\wamp\www\appollo\Application\Runtime\Cache\Home\2a94b8bda04ff446dcedd42276fc99ee.php 第 121 行.
NOTIC: [8] Use of undefined constant pid - assumed 'pid' D:\wamp\www\appollo\Application\Runtime\Cache\Home\2a94b8bda04ff446dcedd42276fc99ee.php 第 121 行.
NOTIC: [8] Use of undefined constant pid - assumed 'pid' D:\wamp\www\appollo\Application\Runtime\Cache\Home\2a94b8bda04ff446dcedd42276fc99ee.php 第 121 行.
NOTIC: [8] Use of undefined constant pid - assumed 'pid' D:\wamp\www\appollo\Application\Runtime\Cache\Home\2a94b8bda04ff446dcedd42276fc99ee.php 第 121 行.
NOTIC: [8] Use of undefined constant pid - assumed 'pid' D:\wamp\www\appollo\Application\Runtime\Cache\Home\2a94b8bda04ff446dcedd42276fc99ee.php 第 121 行.
NOTIC: [8] Use of undefined constant pid - assumed 'pid' D:\wamp\www\appollo\Application\Runtime\Cache\Home\2a94b8bda04ff446dcedd42276fc99ee.php 第 121 行.
NOTIC: [8] Use of undefined constant pid - assumed 'pid' D:\wamp\www\appollo\Application\Runtime\Cache\Home\2a94b8bda04ff446dcedd42276fc99ee.php 第 121 行.
NOTIC: [8] Use of undefined constant pid - assumed 'pid' D:\wamp\www\appollo\Application\Runtime\Cache\Home\2a94b8bda04ff446dcedd42276fc99ee.php 第 121 行.
NOTIC: [8] Use of undefined constant pid - assumed 'pid' D:\wamp\www\appollo\Application\Runtime\Cache\Home\2a94b8bda04ff446dcedd42276fc99ee.php 第 121 行.
NOTIC: [8] Use of undefined constant pid - assumed 'pid' D:\wamp\www\appollo\Application\Runtime\Cache\Home\2a94b8bda04ff446dcedd42276fc99ee.php 第 121 行.
NOTIC: [8] Use of undefined constant pid - assumed 'pid' D:\wamp\www\appollo\Application\Runtime\Cache\Home\2a94b8bda04ff446dcedd42276fc99ee.php 第 121 行.
NOTIC: [8] Use of undefined constant pid - assumed 'pid' D:\wamp\www\appollo\Application\Runtime\Cache\Home\2a94b8bda04ff446dcedd42276fc99ee.php 第 121 行.
NOTIC: [8] Use of undefined constant pid - assumed 'pid' D:\wamp\www\appollo\Application\Runtime\Cache\Home\2a94b8bda04ff446dcedd42276fc99ee.php 第 121 行.
NOTIC: [8] Use of undefined constant pid - assumed 'pid' D:\wamp\www\appollo\Application\Runtime\Cache\Home\2a94b8bda04ff446dcedd42276fc99ee.php 第 121 行.
NOTIC: [8] Use of undefined constant pid - assumed 'pid' D:\wamp\www\appollo\Application\Runtime\Cache\Home\2a94b8bda04ff446dcedd42276fc99ee.php 第 121 行.
NOTIC: [8] Use of undefined constant pid - assumed 'pid' D:\wamp\www\appollo\Application\Runtime\Cache\Home\2a94b8bda04ff446dcedd42276fc99ee.php 第 121 行.
NOTIC: [8] Use of undefined constant pid - assumed 'pid' D:\wamp\www\appollo\Application\Runtime\Cache\Home\2a94b8bda04ff446dcedd42276fc99ee.php 第 121 行.
NOTIC: [8] Use of undefined constant pid - assumed 'pid' D:\wamp\www\appollo\Application\Runtime\Cache\Home\2a94b8bda04ff446dcedd42276fc99ee.php 第 121 行.
NOTIC: [8] Use of undefined constant pid - assumed 'pid' D:\wamp\www\appollo\Application\Runtime\Cache\Home\2a94b8bda04ff446dcedd42276fc99ee.php 第 121 行.
NOTIC: [8] Use of undefined constant pid - assumed 'pid' D:\wamp\www\appollo\Application\Runtime\Cache\Home\2a94b8bda04ff446dcedd42276fc99ee.php 第 121 行.
NOTIC: [8] Use of undefined constant pid - assumed 'pid' D:\wamp\www\appollo\Application\Runtime\Cache\Home\2a94b8bda04ff446dcedd42276fc99ee.php 第 121 行.
NOTIC: [8] Use of undefined constant pid - assumed 'pid' D:\wamp\www\appollo\Application\Runtime\Cache\Home\2a94b8bda04ff446dcedd42276fc99ee.php 第 121 行.
NOTIC: [8] Use of undefined constant pid - assumed 'pid' D:\wamp\www\appollo\Application\Runtime\Cache\Home\2a94b8bda04ff446dcedd42276fc99ee.php 第 121 行.
NOTIC: [8] Use of undefined constant pid - assumed 'pid' D:\wamp\www\appollo\Application\Runtime\Cache\Home\2a94b8bda04ff446dcedd42276fc99ee.php 第 121 行.
NOTIC: [8] Use of undefined constant pid - assumed 'pid' D:\wamp\www\appollo\Application\Runtime\Cache\Home\2a94b8bda04ff446dcedd42276fc99ee.php 第 121 行.
NOTIC: [8] Use of undefined constant pid - assumed 'pid' D:\wamp\www\appollo\Application\Runtime\Cache\Home\2a94b8bda04ff446dcedd42276fc99ee.php 第 121 行.
NOTIC: [8] Use of undefined constant pid - assumed 'pid' D:\wamp\www\appollo\Application\Runtime\Cache\Home\2a94b8bda04ff446dcedd42276fc99ee.php 第 121 行.
NOTIC: [8] Use of undefined constant pid - assumed 'pid' D:\wamp\www\appollo\Application\Runtime\Cache\Home\2a94b8bda04ff446dcedd42276fc99ee.php 第 121 行.
NOTIC: [8] Use of undefined constant pid - assumed 'pid' D:\wamp\www\appollo\Application\Runtime\Cache\Home\2a94b8bda04ff446dcedd42276fc99ee.php 第 121 行.
NOTIC: [8] Use of undefined constant pid - assumed 'pid' D:\wamp\www\appollo\Application\Runtime\Cache\Home\2a94b8bda04ff446dcedd42276fc99ee.php 第 121 行.
NOTIC: [8] Use of undefined constant pid - assumed 'pid' D:\wamp\www\appollo\Application\Runtime\Cache\Home\2a94b8bda04ff446dcedd42276fc99ee.php 第 121 行.
NOTIC: [8] Use of undefined constant pid - assumed 'pid' D:\wamp\www\appollo\Application\Runtime\Cache\Home\2a94b8bda04ff446dcedd42276fc99ee.php 第 121 行.
NOTIC: [8] Use of undefined constant pid - assumed 'pid' D:\wamp\www\appollo\Application\Runtime\Cache\Home\2a94b8bda04ff446dcedd42276fc99ee.php 第 121 行.
NOTIC: [8] Use of undefined constant pid - assumed 'pid' D:\wamp\www\appollo\Application\Runtime\Cache\Home\2a94b8bda04ff446dcedd42276fc99ee.php 第 121 行.
NOTIC: [8] Use of undefined constant pid - assumed 'pid' D:\wamp\www\appollo\Application\Runtime\Cache\Home\2a94b8bda04ff446dcedd42276fc99ee.php 第 121 行.
NOTIC: [8] Use of undefined constant pid - assumed 'pid' D:\wamp\www\appollo\Application\Runtime\Cache\Home\2a94b8bda04ff446dcedd42276fc99ee.php 第 121 行.
NOTIC: [8] Use of undefined constant pid - assumed 'pid' D:\wamp\www\appollo\Application\Runtime\Cache\Home\2a94b8bda04ff446dcedd42276fc99ee.php 第 121 行.
NOTIC: [8] Use of undefined constant pid - assumed 'pid' D:\wamp\www\appollo\Application\Runtime\Cache\Home\2a94b8bda04ff446dcedd42276fc99ee.php 第 121 行.
NOTIC: [8] Use of undefined constant pid - assumed 'pid' D:\wamp\www\appollo\Application\Runtime\Cache\Home\2a94b8bda04ff446dcedd42276fc99ee.php 第 121 行.
NOTIC: [8] Use of undefined constant pid - assumed 'pid' D:\wamp\www\appollo\Application\Runtime\Cache\Home\2a94b8bda04ff446dcedd42276fc99ee.php 第 121 行.
NOTIC: [8] Use of undefined constant pid - assumed 'pid' D:\wamp\www\appollo\Application\Runtime\Cache\Home\2a94b8bda04ff446dcedd42276fc99ee.php 第 121 行.
NOTIC: [8] Use of undefined constant pid - assumed 'pid' D:\wamp\www\appollo\Application\Runtime\Cache\Home\2a94b8bda04ff446dcedd42276fc99ee.php 第 121 行.
NOTIC: [8] Use of undefined constant pid - assumed 'pid' D:\wamp\www\appollo\Application\Runtime\Cache\Home\2a94b8bda04ff446dcedd42276fc99ee.php 第 121 行.
NOTIC: [8] Use of undefined constant pid - assumed 'pid' D:\wamp\www\appollo\Application\Runtime\Cache\Home\2a94b8bda04ff446dcedd42276fc99ee.php 第 121 行.
NOTIC: [8] Use of undefined constant pid - assumed 'pid' D:\wamp\www\appollo\Application\Runtime\Cache\Home\2a94b8bda04ff446dcedd42276fc99ee.php 第 121 行.
NOTIC: [8] Use of undefined constant pid - assumed 'pid' D:\wamp\www\appollo\Application\Runtime\Cache\Home\2a94b8bda04ff446dcedd42276fc99ee.php 第 121 行.
NOTIC: [8] Use of undefined constant pid - assumed 'pid' D:\wamp\www\appollo\Application\Runtime\Cache\Home\2a94b8bda04ff446dcedd42276fc99ee.php 第 121 行.
NOTIC: [8] Use of undefined constant pid - assumed 'pid' D:\wamp\www\appollo\Application\Runtime\Cache\Home\2a94b8bda04ff446dcedd42276fc99ee.php 第 121 行.
NOTIC: [8] Use of undefined constant pid - assumed 'pid' D:\wamp\www\appollo\Application\Runtime\Cache\Home\2a94b8bda04ff446dcedd42276fc99ee.php 第 121 行.
NOTIC: [8] Use of undefined constant pid - assumed 'pid' D:\wamp\www\appollo\Application\Runtime\Cache\Home\2a94b8bda04ff446dcedd42276fc99ee.php 第 121 行.
NOTIC: [8] Use of undefined constant pid - assumed 'pid' D:\wamp\www\appollo\Application\Runtime\Cache\Home\2a94b8bda04ff446dcedd42276fc99ee.php 第 121 行.
NOTIC: [8] Use of undefined constant pid - assumed 'pid' D:\wamp\www\appollo\Application\Runtime\Cache\Home\2a94b8bda04ff446dcedd42276fc99ee.php 第 121 行.
NOTIC: [8] Use of undefined constant pid - assumed 'pid' D:\wamp\www\appollo\Application\Runtime\Cache\Home\2a94b8bda04ff446dcedd42276fc99ee.php 第 121 行.
NOTIC: [8] Use of undefined constant pid - assumed 'pid' D:\wamp\www\appollo\Application\Runtime\Cache\Home\2a94b8bda04ff446dcedd42276fc99ee.php 第 121 行.
NOTIC: [8] Use of undefined constant pid - assumed 'pid' D:\wamp\www\appollo\Application\Runtime\Cache\Home\2a94b8bda04ff446dcedd42276fc99ee.php 第 121 行.
NOTIC: [8] Use of undefined constant pid - assumed 'pid' D:\wamp\www\appollo\Application\Runtime\Cache\Home\2a94b8bda04ff446dcedd42276fc99ee.php 第 121 行.
NOTIC: [8] Use of undefined constant pid - assumed 'pid' D:\wamp\www\appollo\Application\Runtime\Cache\Home\2a94b8bda04ff446dcedd42276fc99ee.php 第 121 行.
NOTIC: [8] Use of undefined constant pid - assumed 'pid' D:\wamp\www\appollo\Application\Runtime\Cache\Home\2a94b8bda04ff446dcedd42276fc99ee.php 第 121 行.
NOTIC: [8] Use of undefined constant pid - assumed 'pid' D:\wamp\www\appollo\Application\Runtime\Cache\Home\2a94b8bda04ff446dcedd42276fc99ee.php 第 121 行.
NOTIC: [8] Use of undefined constant pid - assumed 'pid' D:\wamp\www\appollo\Application\Runtime\Cache\Home\2a94b8bda04ff446dcedd42276fc99ee.php 第 121 行.
NOTIC: [8] Use of undefined constant pid - assumed 'pid' D:\wamp\www\appollo\Application\Runtime\Cache\Home\2a94b8bda04ff446dcedd42276fc99ee.php 第 121 行.
NOTIC: [8] Use of undefined constant pid - assumed 'pid' D:\wamp\www\appollo\Application\Runtime\Cache\Home\2a94b8bda04ff446dcedd42276fc99ee.php 第 121 行.
NOTIC: [8] Use of undefined constant pid - assumed 'pid' D:\wamp\www\appollo\Application\Runtime\Cache\Home\2a94b8bda04ff446dcedd42276fc99ee.php 第 121 行.
NOTIC: [8] Use of undefined constant pid - assumed 'pid' D:\wamp\www\appollo\Application\Runtime\Cache\Home\2a94b8bda04ff446dcedd42276fc99ee.php 第 121 行.
NOTIC: [8] Use of undefined constant pid - assumed 'pid' D:\wamp\www\appollo\Application\Runtime\Cache\Home\2a94b8bda04ff446dcedd42276fc99ee.php 第 121 行.
NOTIC: [8] Use of undefined constant pid - assumed 'pid' D:\wamp\www\appollo\Application\Runtime\Cache\Home\2a94b8bda04ff446dcedd42276fc99ee.php 第 121 行.
NOTIC: [8] Use of undefined constant pid - assumed 'pid' D:\wamp\www\appollo\Application\Runtime\Cache\Home\2a94b8bda04ff446dcedd42276fc99ee.php 第 121 行.
NOTIC: [8] Use of undefined constant pid - assumed 'pid' D:\wamp\www\appollo\Application\Runtime\Cache\Home\2a94b8bda04ff446dcedd42276fc99ee.php 第 121 行.
NOTIC: [8] Use of undefined constant pid - assumed 'pid' D:\wamp\www\appollo\Application\Runtime\Cache\Home\2a94b8bda04ff446dcedd42276fc99ee.php 第 121 行.
NOTIC: [8] Use of undefined constant pid - assumed 'pid' D:\wamp\www\appollo\Application\Runtime\Cache\Home\2a94b8bda04ff446dcedd42276fc99ee.php 第 121 行.
NOTIC: [8] Use of undefined constant pid - assumed 'pid' D:\wamp\www\appollo\Application\Runtime\Cache\Home\2a94b8bda04ff446dcedd42276fc99ee.php 第 121 行.
NOTIC: [8] Use of undefined constant pid - assumed 'pid' D:\wamp\www\appollo\Application\Runtime\Cache\Home\2a94b8bda04ff446dcedd42276fc99ee.php 第 121 行.
NOTIC: [8] Use of undefined constant pid - assumed 'pid' D:\wamp\www\appollo\Application\Runtime\Cache\Home\2a94b8bda04ff446dcedd42276fc99ee.php 第 121 行.
NOTIC: [8] Use of undefined constant pid - assumed 'pid' D:\wamp\www\appollo\Application\Runtime\Cache\Home\2a94b8bda04ff446dcedd42276fc99ee.php 第 121 行.
NOTIC: [8] Use of undefined constant pid - assumed 'pid' D:\wamp\www\appollo\Application\Runtime\Cache\Home\2a94b8bda04ff446dcedd42276fc99ee.php 第 121 行.
NOTIC: [8] Use of undefined constant pid - assumed 'pid' D:\wamp\www\appollo\Application\Runtime\Cache\Home\2a94b8bda04ff446dcedd42276fc99ee.php 第 121 行.
NOTIC: [8] Use of undefined constant pid - assumed 'pid' D:\wamp\www\appollo\Application\Runtime\Cache\Home\2a94b8bda04ff446dcedd42276fc99ee.php 第 121 行.
NOTIC: [8] Use of undefined constant pid - assumed 'pid' D:\wamp\www\appollo\Application\Runtime\Cache\Home\2a94b8bda04ff446dcedd42276fc99ee.php 第 121 行.
NOTIC: [8] Use of undefined constant pid - assumed 'pid' D:\wamp\www\appollo\Application\Runtime\Cache\Home\2a94b8bda04ff446dcedd42276fc99ee.php 第 121 行.
NOTIC: [8] Use of undefined constant pid - assumed 'pid' D:\wamp\www\appollo\Application\Runtime\Cache\Home\2a94b8bda04ff446dcedd42276fc99ee.php 第 121 行.
NOTIC: [8] Use of undefined constant pid - assumed 'pid' D:\wamp\www\appollo\Application\Runtime\Cache\Home\2a94b8bda04ff446dcedd42276fc99ee.php 第 121 行.
NOTIC: [8] Use of undefined constant pid - assumed 'pid' D:\wamp\www\appollo\Application\Runtime\Cache\Home\2a94b8bda04ff446dcedd42276fc99ee.php 第 121 行.
NOTIC: [8] Use of undefined constant pid - assumed 'pid' D:\wamp\www\appollo\Application\Runtime\Cache\Home\2a94b8bda04ff446dcedd42276fc99ee.php 第 121 行.
NOTIC: [8] Use of undefined constant pid - assumed 'pid' D:\wamp\www\appollo\Application\Runtime\Cache\Home\2a94b8bda04ff446dcedd42276fc99ee.php 第 121 行.
NOTIC: [8] Use of undefined constant pid - assumed 'pid' D:\wamp\www\appollo\Application\Runtime\Cache\Home\2a94b8bda04ff446dcedd42276fc99ee.php 第 121 行.
NOTIC: [8] Use of undefined constant pid - assumed 'pid' D:\wamp\www\appollo\Application\Runtime\Cache\Home\2a94b8bda04ff446dcedd42276fc99ee.php 第 121 行.
NOTIC: [8] Use of undefined constant pid - assumed 'pid' D:\wamp\www\appollo\Application\Runtime\Cache\Home\2a94b8bda04ff446dcedd42276fc99ee.php 第 121 行.
NOTIC: [8] Use of undefined constant pid - assumed 'pid' D:\wamp\www\appollo\Application\Runtime\Cache\Home\2a94b8bda04ff446dcedd42276fc99ee.php 第 121 行.
NOTIC: [8] Use of undefined constant pid - assumed 'pid' D:\wamp\www\appollo\Application\Runtime\Cache\Home\2a94b8bda04ff446dcedd42276fc99ee.php 第 121 行.
NOTIC: [8] Use of undefined constant pid - assumed 'pid' D:\wamp\www\appollo\Application\Runtime\Cache\Home\2a94b8bda04ff446dcedd42276fc99ee.php 第 121 行.
NOTIC: [8] Use of undefined constant pid - assumed 'pid' D:\wamp\www\appollo\Application\Runtime\Cache\Home\2a94b8bda04ff446dcedd42276fc99ee.php 第 121 行.
NOTIC: [8] Use of undefined constant pid - assumed 'pid' D:\wamp\www\appollo\Application\Runtime\Cache\Home\2a94b8bda04ff446dcedd42276fc99ee.php 第 121 行.
NOTIC: [8] Use of undefined constant pid - assumed 'pid' D:\wamp\www\appollo\Application\Runtime\Cache\Home\2a94b8bda04ff446dcedd42276fc99ee.php 第 121 行.
NOTIC: [8] Use of undefined constant pid - assumed 'pid' D:\wamp\www\appollo\Application\Runtime\Cache\Home\2a94b8bda04ff446dcedd42276fc99ee.php 第 121 行.
NOTIC: [8] Use of undefined constant pid - assumed 'pid' D:\wamp\www\appollo\Application\Runtime\Cache\Home\2a94b8bda04ff446dcedd42276fc99ee.php 第 121 行.
NOTIC: [8] Use of undefined constant pid - assumed 'pid' D:\wamp\www\appollo\Application\Runtime\Cache\Home\2a94b8bda04ff446dcedd42276fc99ee.php 第 121 行.
NOTIC: [8] Use of undefined constant pid - assumed 'pid' D:\wamp\www\appollo\Application\Runtime\Cache\Home\2a94b8bda04ff446dcedd42276fc99ee.php 第 121 行.
NOTIC: [8] Use of undefined constant pid - assumed 'pid' D:\wamp\www\appollo\Application\Runtime\Cache\Home\2a94b8bda04ff446dcedd42276fc99ee.php 第 121 行.
NOTIC: [8] Use of undefined constant pid - assumed 'pid' D:\wamp\www\appollo\Application\Runtime\Cache\Home\2a94b8bda04ff446dcedd42276fc99ee.php 第 121 行.
NOTIC: [8] Use of undefined constant pid - assumed 'pid' D:\wamp\www\appollo\Application\Runtime\Cache\Home\2a94b8bda04ff446dcedd42276fc99ee.php 第 121 行.
NOTIC: [8] Use of undefined constant pid - assumed 'pid' D:\wamp\www\appollo\Application\Runtime\Cache\Home\2a94b8bda04ff446dcedd42276fc99ee.php 第 121 行.
NOTIC: [8] Use of undefined constant pid - assumed 'pid' D:\wamp\www\appollo\Application\Runtime\Cache\Home\2a94b8bda04ff446dcedd42276fc99ee.php 第 121 行.
NOTIC: [8] Use of undefined constant pid - assumed 'pid' D:\wamp\www\appollo\Application\Runtime\Cache\Home\2a94b8bda04ff446dcedd42276fc99ee.php 第 121 行.
NOTIC: [8] Use of undefined constant pid - assumed 'pid' D:\wamp\www\appollo\Application\Runtime\Cache\Home\2a94b8bda04ff446dcedd42276fc99ee.php 第 121 行.
NOTIC: [8] Use of undefined constant pid - assumed 'pid' D:\wamp\www\appollo\Application\Runtime\Cache\Home\2a94b8bda04ff446dcedd42276fc99ee.php 第 121 行.
NOTIC: [8] Use of undefined constant pid - assumed 'pid' D:\wamp\www\appollo\Application\Runtime\Cache\Home\2a94b8bda04ff446dcedd42276fc99ee.php 第 121 行.
NOTIC: [8] Use of undefined constant pid - assumed 'pid' D:\wamp\www\appollo\Application\Runtime\Cache\Home\2a94b8bda04ff446dcedd42276fc99ee.php 第 121 行.
NOTIC: [8] Use of undefined constant pid - assumed 'pid' D:\wamp\www\appollo\Application\Runtime\Cache\Home\2a94b8bda04ff446dcedd42276fc99ee.php 第 121 行.
NOTIC: [8] Use of undefined constant pid - assumed 'pid' D:\wamp\www\appollo\Application\Runtime\Cache\Home\2a94b8bda04ff446dcedd42276fc99ee.php 第 121 行.
NOTIC: [8] Use of undefined constant pid - assumed 'pid' D:\wamp\www\appollo\Application\Runtime\Cache\Home\2a94b8bda04ff446dcedd42276fc99ee.php 第 121 行.
NOTIC: [8] Use of undefined constant pid - assumed 'pid' D:\wamp\www\appollo\Application\Runtime\Cache\Home\2a94b8bda04ff446dcedd42276fc99ee.php 第 121 行.
NOTIC: [8] Use of undefined constant pid - assumed 'pid' D:\wamp\www\appollo\Application\Runtime\Cache\Home\2a94b8bda04ff446dcedd42276fc99ee.php 第 121 行.
NOTIC: [8] Use of undefined constant pid - assumed 'pid' D:\wamp\www\appollo\Application\Runtime\Cache\Home\2a94b8bda04ff446dcedd42276fc99ee.php 第 121 行.
NOTIC: [8] Use of undefined constant pid - assumed 'pid' D:\wamp\www\appollo\Application\Runtime\Cache\Home\2a94b8bda04ff446dcedd42276fc99ee.php 第 121 行.
NOTIC: [8] Use of undefined constant pid - assumed 'pid' D:\wamp\www\appollo\Application\Runtime\Cache\Home\2a94b8bda04ff446dcedd42276fc99ee.php 第 121 行.
NOTIC: [8] Use of undefined constant pid - assumed 'pid' D:\wamp\www\appollo\Application\Runtime\Cache\Home\2a94b8bda04ff446dcedd42276fc99ee.php 第 121 行.
NOTIC: [8] Use of undefined constant pid - assumed 'pid' D:\wamp\www\appollo\Application\Runtime\Cache\Home\2a94b8bda04ff446dcedd42276fc99ee.php 第 121 行.
NOTIC: [8] Use of undefined constant pid - assumed 'pid' D:\wamp\www\appollo\Application\Runtime\Cache\Home\2a94b8bda04ff446dcedd42276fc99ee.php 第 121 行.
NOTIC: [8] Use of undefined constant pid - assumed 'pid' D:\wamp\www\appollo\Application\Runtime\Cache\Home\2a94b8bda04ff446dcedd42276fc99ee.php 第 121 行.
NOTIC: [8] Use of undefined constant pid - assumed 'pid' D:\wamp\www\appollo\Application\Runtime\Cache\Home\2a94b8bda04ff446dcedd42276fc99ee.php 第 121 行.
NOTIC: [8] Use of undefined constant pid - assumed 'pid' D:\wamp\www\appollo\Application\Runtime\Cache\Home\2a94b8bda04ff446dcedd42276fc99ee.php 第 121 行.
NOTIC: [8] Use of undefined constant pid - assumed 'pid' D:\wamp\www\appollo\Application\Runtime\Cache\Home\2a94b8bda04ff446dcedd42276fc99ee.php 第 121 行.
NOTIC: [8] Use of undefined constant pid - assumed 'pid' D:\wamp\www\appollo\Application\Runtime\Cache\Home\2a94b8bda04ff446dcedd42276fc99ee.php 第 121 行.
NOTIC: [8] Use of undefined constant pid - assumed 'pid' D:\wamp\www\appollo\Application\Runtime\Cache\Home\2a94b8bda04ff446dcedd42276fc99ee.php 第 121 行.
NOTIC: [8] Use of undefined constant pid - assumed 'pid' D:\wamp\www\appollo\Application\Runtime\Cache\Home\2a94b8bda04ff446dcedd42276fc99ee.php 第 121 行.
NOTIC: [8] Use of undefined constant pid - assumed 'pid' D:\wamp\www\appollo\Application\Runtime\Cache\Home\2a94b8bda04ff446dcedd42276fc99ee.php 第 121 行.
NOTIC: [8] Use of undefined constant pid - assumed 'pid' D:\wamp\www\appollo\Application\Runtime\Cache\Home\2a94b8bda04ff446dcedd42276fc99ee.php 第 121 行.
NOTIC: [8] Use of undefined constant pid - assumed 'pid' D:\wamp\www\appollo\Application\Runtime\Cache\Home\2a94b8bda04ff446dcedd42276fc99ee.php 第 121 行.
NOTIC: [8] Use of undefined constant pid - assumed 'pid' D:\wamp\www\appollo\Application\Runtime\Cache\Home\2a94b8bda04ff446dcedd42276fc99ee.php 第 121 行.
NOTIC: [8] Use of undefined constant pid - assumed 'pid' D:\wamp\www\appollo\Application\Runtime\Cache\Home\2a94b8bda04ff446dcedd42276fc99ee.php 第 121 行.
NOTIC: [8] Use of undefined constant pid - assumed 'pid' D:\wamp\www\appollo\Application\Runtime\Cache\Home\2a94b8bda04ff446dcedd42276fc99ee.php 第 121 行.
NOTIC: [8] Use of undefined constant pid - assumed 'pid' D:\wamp\www\appollo\Application\Runtime\Cache\Home\2a94b8bda04ff446dcedd42276fc99ee.php 第 121 行.
NOTIC: [8] Use of undefined constant pid - assumed 'pid' D:\wamp\www\appollo\Application\Runtime\Cache\Home\2a94b8bda04ff446dcedd42276fc99ee.php 第 121 行.
NOTIC: [8] Use of undefined constant pid - assumed 'pid' D:\wamp\www\appollo\Application\Runtime\Cache\Home\2a94b8bda04ff446dcedd42276fc99ee.php 第 121 行.
NOTIC: [8] Use of undefined constant pid - assumed 'pid' D:\wamp\www\appollo\Application\Runtime\Cache\Home\2a94b8bda04ff446dcedd42276fc99ee.php 第 121 行.
NOTIC: [8] Use of undefined constant pid - assumed 'pid' D:\wamp\www\appollo\Application\Runtime\Cache\Home\2a94b8bda04ff446dcedd42276fc99ee.php 第 121 行.
NOTIC: [8] Use of undefined constant pid - assumed 'pid' D:\wamp\www\appollo\Application\Runtime\Cache\Home\2a94b8bda04ff446dcedd42276fc99ee.php 第 121 行.
NOTIC: [8] Use of undefined constant pid - assumed 'pid' D:\wamp\www\appollo\Application\Runtime\Cache\Home\2a94b8bda04ff446dcedd42276fc99ee.php 第 121 行.
NOTIC: [8] Use of undefined constant pid - assumed 'pid' D:\wamp\www\appollo\Application\Runtime\Cache\Home\2a94b8bda04ff446dcedd42276fc99ee.php 第 121 行.
NOTIC: [8] Use of undefined constant pid - assumed 'pid' D:\wamp\www\appollo\Application\Runtime\Cache\Home\2a94b8bda04ff446dcedd42276fc99ee.php 第 121 行.
NOTIC: [8] Use of undefined constant pid - assumed 'pid' D:\wamp\www\appollo\Application\Runtime\Cache\Home\2a94b8bda04ff446dcedd42276fc99ee.php 第 121 行.
NOTIC: [8] Use of undefined constant pid - assumed 'pid' D:\wamp\www\appollo\Application\Runtime\Cache\Home\2a94b8bda04ff446dcedd42276fc99ee.php 第 121 行.
NOTIC: [8] Use of undefined constant pid - assumed 'pid' D:\wamp\www\appollo\Application\Runtime\Cache\Home\2a94b8bda04ff446dcedd42276fc99ee.php 第 121 行.
NOTIC: [8] Use of undefined constant pid - assumed 'pid' D:\wamp\www\appollo\Application\Runtime\Cache\Home\2a94b8bda04ff446dcedd42276fc99ee.php 第 121 行.
NOTIC: [8] Use of undefined constant pid - assumed 'pid' D:\wamp\www\appollo\Application\Runtime\Cache\Home\2a94b8bda04ff446dcedd42276fc99ee.php 第 121 行.
NOTIC: [8] Use of undefined constant pid - assumed 'pid' D:\wamp\www\appollo\Application\Runtime\Cache\Home\2a94b8bda04ff446dcedd42276fc99ee.php 第 121 行.
NOTIC: [8] Use of undefined constant pid - assumed 'pid' D:\wamp\www\appollo\Application\Runtime\Cache\Home\2a94b8bda04ff446dcedd42276fc99ee.php 第 121 行.
NOTIC: [8] Use of undefined constant pid - assumed 'pid' D:\wamp\www\appollo\Application\Runtime\Cache\Home\2a94b8bda04ff446dcedd42276fc99ee.php 第 121 行.
NOTIC: [8] Use of undefined constant pid - assumed 'pid' D:\wamp\www\appollo\Application\Runtime\Cache\Home\2a94b8bda04ff446dcedd42276fc99ee.php 第 121 行.
NOTIC: [8] Use of undefined constant pid - assumed 'pid' D:\wamp\www\appollo\Application\Runtime\Cache\Home\2a94b8bda04ff446dcedd42276fc99ee.php 第 121 行.
NOTIC: [8] Use of undefined constant pid - assumed 'pid' D:\wamp\www\appollo\Application\Runtime\Cache\Home\2a94b8bda04ff446dcedd42276fc99ee.php 第 121 行.
NOTIC: [8] Use of undefined constant pid - assumed 'pid' D:\wamp\www\appollo\Application\Runtime\Cache\Home\2a94b8bda04ff446dcedd42276fc99ee.php 第 121 行.
NOTIC: [8] Use of undefined constant pid - assumed 'pid' D:\wamp\www\appollo\Application\Runtime\Cache\Home\2a94b8bda04ff446dcedd42276fc99ee.php 第 121 行.
NOTIC: [8] Use of undefined constant pid - assumed 'pid' D:\wamp\www\appollo\Application\Runtime\Cache\Home\2a94b8bda04ff446dcedd42276fc99ee.php 第 121 行.
NOTIC: [8] Use of undefined constant pid - assumed 'pid' D:\wamp\www\appollo\Application\Runtime\Cache\Home\2a94b8bda04ff446dcedd42276fc99ee.php 第 121 行.
NOTIC: [8] Use of undefined constant pid - assumed 'pid' D:\wamp\www\appollo\Application\Runtime\Cache\Home\2a94b8bda04ff446dcedd42276fc99ee.php 第 121 行.
NOTIC: [8] Use of undefined constant pid - assumed 'pid' D:\wamp\www\appollo\Application\Runtime\Cache\Home\2a94b8bda04ff446dcedd42276fc99ee.php 第 121 行.
NOTIC: [8] Use of undefined constant pid - assumed 'pid' D:\wamp\www\appollo\Application\Runtime\Cache\Home\2a94b8bda04ff446dcedd42276fc99ee.php 第 121 行.
NOTIC: [8] Use of undefined constant pid - assumed 'pid' D:\wamp\www\appollo\Application\Runtime\Cache\Home\2a94b8bda04ff446dcedd42276fc99ee.php 第 121 行.
NOTIC: [8] Use of undefined constant pid - assumed 'pid' D:\wamp\www\appollo\Application\Runtime\Cache\Home\2a94b8bda04ff446dcedd42276fc99ee.php 第 121 行.
NOTIC: [8] Use of undefined constant pid - assumed 'pid' D:\wamp\www\appollo\Application\Runtime\Cache\Home\2a94b8bda04ff446dcedd42276fc99ee.php 第 121 行.
NOTIC: [8] Use of undefined constant pid - assumed 'pid' D:\wamp\www\appollo\Application\Runtime\Cache\Home\2a94b8bda04ff446dcedd42276fc99ee.php 第 121 行.
NOTIC: [8] Use of undefined constant pid - assumed 'pid' D:\wamp\www\appollo\Application\Runtime\Cache\Home\2a94b8bda04ff446dcedd42276fc99ee.php 第 121 行.
NOTIC: [8] Use of undefined constant pid - assumed 'pid' D:\wamp\www\appollo\Application\Runtime\Cache\Home\2a94b8bda04ff446dcedd42276fc99ee.php 第 121 行.
NOTIC: [8] Use of undefined constant pid - assumed 'pid' D:\wamp\www\appollo\Application\Runtime\Cache\Home\2a94b8bda04ff446dcedd42276fc99ee.php 第 121 行.
NOTIC: [8] Use of undefined constant pid - assumed 'pid' D:\wamp\www\appollo\Application\Runtime\Cache\Home\2a94b8bda04ff446dcedd42276fc99ee.php 第 121 行.
NOTIC: [8] Use of undefined constant pid - assumed 'pid' D:\wamp\www\appollo\Application\Runtime\Cache\Home\2a94b8bda04ff446dcedd42276fc99ee.php 第 121 行.
NOTIC: [8] Use of undefined constant pid - assumed 'pid' D:\wamp\www\appollo\Application\Runtime\Cache\Home\2a94b8bda04ff446dcedd42276fc99ee.php 第 121 行.
NOTIC: [8] Use of undefined constant pid - assumed 'pid' D:\wamp\www\appollo\Application\Runtime\Cache\Home\2a94b8bda04ff446dcedd42276fc99ee.php 第 121 行.
NOTIC: [8] Use of undefined constant pid - assumed 'pid' D:\wamp\www\appollo\Application\Runtime\Cache\Home\2a94b8bda04ff446dcedd42276fc99ee.php 第 121 行.
NOTIC: [8] Use of undefined constant pid - assumed 'pid' D:\wamp\www\appollo\Application\Runtime\Cache\Home\2a94b8bda04ff446dcedd42276fc99ee.php 第 121 行.
NOTIC: [8] Use of undefined constant pid - assumed 'pid' D:\wamp\www\appollo\Application\Runtime\Cache\Home\2a94b8bda04ff446dcedd42276fc99ee.php 第 121 行.
NOTIC: [8] Use of undefined constant pid - assumed 'pid' D:\wamp\www\appollo\Application\Runtime\Cache\Home\2a94b8bda04ff446dcedd42276fc99ee.php 第 121 行.
NOTIC: [8] Use of undefined constant pid - assumed 'pid' D:\wamp\www\appollo\Application\Runtime\Cache\Home\2a94b8bda04ff446dcedd42276fc99ee.php 第 121 行.
NOTIC: [8] Use of undefined constant pid - assumed 'pid' D:\wamp\www\appollo\Application\Runtime\Cache\Home\2a94b8bda04ff446dcedd42276fc99ee.php 第 121 行.
NOTIC: [8] Use of undefined constant pid - assumed 'pid' D:\wamp\www\appollo\Application\Runtime\Cache\Home\2a94b8bda04ff446dcedd42276fc99ee.php 第 121 行.
NOTIC: [8] Use of undefined constant pid - assumed 'pid' D:\wamp\www\appollo\Application\Runtime\Cache\Home\2a94b8bda04ff446dcedd42276fc99ee.php 第 121 行.
NOTIC: [8] Use of undefined constant pid - assumed 'pid' D:\wamp\www\appollo\Application\Runtime\Cache\Home\2a94b8bda04ff446dcedd42276fc99ee.php 第 121 行.
NOTIC: [8] Use of undefined constant pid - assumed 'pid' D:\wamp\www\appollo\Application\Runtime\Cache\Home\2a94b8bda04ff446dcedd42276fc99ee.php 第 121 行.
NOTIC: [8] Use of undefined constant pid - assumed 'pid' D:\wamp\www\appollo\Application\Runtime\Cache\Home\2a94b8bda04ff446dcedd42276fc99ee.php 第 121 行.
NOTIC: [8] Use of undefined constant pid - assumed 'pid' D:\wamp\www\appollo\Application\Runtime\Cache\Home\2a94b8bda04ff446dcedd42276fc99ee.php 第 121 行.
NOTIC: [8] Use of undefined constant pid - assumed 'pid' D:\wamp\www\appollo\Application\Runtime\Cache\Home\2a94b8bda04ff446dcedd42276fc99ee.php 第 121 行.
NOTIC: [8] Use of undefined constant pid - assumed 'pid' D:\wamp\www\appollo\Application\Runtime\Cache\Home\2a94b8bda04ff446dcedd42276fc99ee.php 第 121 行.
NOTIC: [8] Use of undefined constant pid - assumed 'pid' D:\wamp\www\appollo\Application\Runtime\Cache\Home\2a94b8bda04ff446dcedd42276fc99ee.php 第 121 行.
NOTIC: [8] Use of undefined constant pid - assumed 'pid' D:\wamp\www\appollo\Application\Runtime\Cache\Home\2a94b8bda04ff446dcedd42276fc99ee.php 第 121 行.
NOTIC: [8] Use of undefined constant pid - assumed 'pid' D:\wamp\www\appollo\Application\Runtime\Cache\Home\2a94b8bda04ff446dcedd42276fc99ee.php 第 121 行.
NOTIC: [8] Use of undefined constant pid - assumed 'pid' D:\wamp\www\appollo\Application\Runtime\Cache\Home\2a94b8bda04ff446dcedd42276fc99ee.php 第 121 行.
NOTIC: [8] Use of undefined constant pid - assumed 'pid' D:\wamp\www\appollo\Application\Runtime\Cache\Home\2a94b8bda04ff446dcedd42276fc99ee.php 第 121 行.
NOTIC: [8] Use of undefined constant pid - assumed 'pid' D:\wamp\www\appollo\Application\Runtime\Cache\Home\2a94b8bda04ff446dcedd42276fc99ee.php 第 121 行.
NOTIC: [8] Use of undefined constant pid - assumed 'pid' D:\wamp\www\appollo\Application\Runtime\Cache\Home\2a94b8bda04ff446dcedd42276fc99ee.php 第 121 行.
NOTIC: [8] Use of undefined constant pid - assumed 'pid' D:\wamp\www\appollo\Application\Runtime\Cache\Home\2a94b8bda04ff446dcedd42276fc99ee.php 第 121 行.
NOTIC: [8] Use of undefined constant pid - assumed 'pid' D:\wamp\www\appollo\Application\Runtime\Cache\Home\2a94b8bda04ff446dcedd42276fc99ee.php 第 121 行.
NOTIC: [8] Use of undefined constant pid - assumed 'pid' D:\wamp\www\appollo\Application\Runtime\Cache\Home\2a94b8bda04ff446dcedd42276fc99ee.php 第 121 行.
NOTIC: [8] Use of undefined constant pid - assumed 'pid' D:\wamp\www\appollo\Application\Runtime\Cache\Home\2a94b8bda04ff446dcedd42276fc99ee.php 第 121 行.
NOTIC: [8] Use of undefined constant pid - assumed 'pid' D:\wamp\www\appollo\Application\Runtime\Cache\Home\2a94b8bda04ff446dcedd42276fc99ee.php 第 121 行.
NOTIC: [8] Use of undefined constant pid - assumed 'pid' D:\wamp\www\appollo\Application\Runtime\Cache\Home\2a94b8bda04ff446dcedd42276fc99ee.php 第 121 行.
NOTIC: [8] Use of undefined constant pid - assumed 'pid' D:\wamp\www\appollo\Application\Runtime\Cache\Home\2a94b8bda04ff446dcedd42276fc99ee.php 第 121 行.
NOTIC: [8] Use of undefined constant pid - assumed 'pid' D:\wamp\www\appollo\Application\Runtime\Cache\Home\2a94b8bda04ff446dcedd42276fc99ee.php 第 121 行.
NOTIC: [8] Use of undefined constant pid - assumed 'pid' D:\wamp\www\appollo\Application\Runtime\Cache\Home\2a94b8bda04ff446dcedd42276fc99ee.php 第 121 行.
NOTIC: [8] Use of undefined constant pid - assumed 'pid' D:\wamp\www\appollo\Application\Runtime\Cache\Home\2a94b8bda04ff446dcedd42276fc99ee.php 第 121 行.
NOTIC: [8] Use of undefined constant pid - assumed 'pid' D:\wamp\www\appollo\Application\Runtime\Cache\Home\2a94b8bda04ff446dcedd42276fc99ee.php 第 121 行.
NOTIC: [8] Use of undefined constant pid - assumed 'pid' D:\wamp\www\appollo\Application\Runtime\Cache\Home\2a94b8bda04ff446dcedd42276fc99ee.php 第 121 行.
NOTIC: [8] Use of undefined constant pid - assumed 'pid' D:\wamp\www\appollo\Application\Runtime\Cache\Home\2a94b8bda04ff446dcedd42276fc99ee.php 第 121 行.
NOTIC: [8] Use of undefined constant pid - assumed 'pid' D:\wamp\www\appollo\Application\Runtime\Cache\Home\2a94b8bda04ff446dcedd42276fc99ee.php 第 121 行.
NOTIC: [8] Use of undefined constant pid - assumed 'pid' D:\wamp\www\appollo\Application\Runtime\Cache\Home\2a94b8bda04ff446dcedd42276fc99ee.php 第 121 行.
NOTIC: [8] Use of undefined constant pid - assumed 'pid' D:\wamp\www\appollo\Application\Runtime\Cache\Home\2a94b8bda04ff446dcedd42276fc99ee.php 第 121 行.
NOTIC: [8] Use of undefined constant pid - assumed 'pid' D:\wamp\www\appollo\Application\Runtime\Cache\Home\2a94b8bda04ff446dcedd42276fc99ee.php 第 121 行.
NOTIC: [8] Use of undefined constant pid - assumed 'pid' D:\wamp\www\appollo\Application\Runtime\Cache\Home\2a94b8bda04ff446dcedd42276fc99ee.php 第 121 行.
NOTIC: [8] Use of undefined constant pid - assumed 'pid' D:\wamp\www\appollo\Application\Runtime\Cache\Home\2a94b8bda04ff446dcedd42276fc99ee.php 第 121 行.
NOTIC: [8] Use of undefined constant Experience - assumed 'Experience' D:\wamp\www\appollo\Application\Runtime\Cache\Home\2a94b8bda04ff446dcedd42276fc99ee.php 第 127 行.
NOTIC: [8] Use of undefined constant Cases - assumed 'Cases' D:\wamp\www\appollo\Application\Runtime\Cache\Home\2a94b8bda04ff446dcedd42276fc99ee.php 第 154 行.
NOTIC: [8] Use of undefined constant Join - assumed 'Join' D:\wamp\www\appollo\Application\Runtime\Cache\Home\2a94b8bda04ff446dcedd42276fc99ee.php 第 158 行.
NOTIC: [8] Use of undefined constant Contact - assumed 'Contact' D:\wamp\www\appollo\Application\Runtime\Cache\Home\2a94b8bda04ff446dcedd42276fc99ee.php 第 203 行.
NOTIC: [8] Use of undefined constant pid - assumed 'pid' D:\wamp\www\appollo\Application\Runtime\Cache\Home\2a94b8bda04ff446dcedd42276fc99ee.php 第 236 行.
NOTIC: [8] Use of undefined constant pid - assumed 'pid' D:\wamp\www\appollo\Application\Runtime\Cache\Home\2a94b8bda04ff446dcedd42276fc99ee.php 第 236 行.
NOTIC: [8] Use of undefined constant pid - assumed 'pid' D:\wamp\www\appollo\Application\Runtime\Cache\Home\2a94b8bda04ff446dcedd42276fc99ee.php 第 236 行.
NOTIC: [8] Use of undefined constant pid - assumed 'pid' D:\wamp\www\appollo\Application\Runtime\Cache\Home\2a94b8bda04ff446dcedd42276fc99ee.php 第 236 行.
NOTIC: [8] Use of undefined constant pid - assumed 'pid' D:\wamp\www\appollo\Application\Runtime\Cache\Home\2a94b8bda04ff446dcedd42276fc99ee.php 第 236 行.
NOTIC: [8] Use of undefined constant pid - assumed 'pid' D:\wamp\www\appollo\Application\Runtime\Cache\Home\2a94b8bda04ff446dcedd42276fc99ee.php 第 236 行.
NOTIC: [8] Use of undefined constant pid - assumed 'pid' D:\wamp\www\appollo\Application\Runtime\Cache\Home\2a94b8bda04ff446dcedd42276fc99ee.php 第 236 行.
NOTIC: [8] Use of undefined constant pid - assumed 'pid' D:\wamp\www\appollo\Application\Runtime\Cache\Home\2a94b8bda04ff446dcedd42276fc99ee.php 第 236 行.
NOTIC: [8] Use of undefined constant pid - assumed 'pid' D:\wamp\www\appollo\Application\Runtime\Cache\Home\2a94b8bda04ff446dcedd42276fc99ee.php 第 236 行.
NOTIC: [8] Use of undefined constant pid - assumed 'pid' D:\wamp\www\appollo\Application\Runtime\Cache\Home\2a94b8bda04ff446dcedd42276fc99ee.php 第 236 行.
NOTIC: [8] Use of undefined constant pid - assumed 'pid' D:\wamp\www\appollo\Application\Runtime\Cache\Home\2a94b8bda04ff446dcedd42276fc99ee.php 第 236 行.
NOTIC: [8] Use of undefined constant pid - assumed 'pid' D:\wamp\www\appollo\Application\Runtime\Cache\Home\2a94b8bda04ff446dcedd42276fc99ee.php 第 236 行.
NOTIC: [8] Use of undefined constant pid - assumed 'pid' D:\wamp\www\appollo\Application\Runtime\Cache\Home\2a94b8bda04ff446dcedd42276fc99ee.php 第 236 行.
NOTIC: [8] Use of undefined constant pid - assumed 'pid' D:\wamp\www\appollo\Application\Runtime\Cache\Home\2a94b8bda04ff446dcedd42276fc99ee.php 第 236 行.
NOTIC: [8] Use of undefined constant pid - assumed 'pid' D:\wamp\www\appollo\Application\Runtime\Cache\Home\2a94b8bda04ff446dcedd42276fc99ee.php 第 236 行.
NOTIC: [8] Use of undefined constant pid - assumed 'pid' D:\wamp\www\appollo\Application\Runtime\Cache\Home\2a94b8bda04ff446dcedd42276fc99ee.php 第 236 行.
NOTIC: [8] Use of undefined constant pid - assumed 'pid' D:\wamp\www\appollo\Application\Runtime\Cache\Home\2a94b8bda04ff446dcedd42276fc99ee.php 第 236 行.
NOTIC: [8] Use of undefined constant pid - assumed 'pid' D:\wamp\www\appollo\Application\Runtime\Cache\Home\2a94b8bda04ff446dcedd42276fc99ee.php 第 236 行.
NOTIC: [8] Use of undefined constant pid - assumed 'pid' D:\wamp\www\appollo\Application\Runtime\Cache\Home\2a94b8bda04ff446dcedd42276fc99ee.php 第 236 行.
NOTIC: [8] Use of undefined constant pid - assumed 'pid' D:\wamp\www\appollo\Application\Runtime\Cache\Home\2a94b8bda04ff446dcedd42276fc99ee.php 第 236 行.
NOTIC: [8] Use of undefined constant pid - assumed 'pid' D:\wamp\www\appollo\Application\Runtime\Cache\Home\2a94b8bda04ff446dcedd42276fc99ee.php 第 236 行.
NOTIC: [8] Use of undefined constant pid - assumed 'pid' D:\wamp\www\appollo\Application\Runtime\Cache\Home\2a94b8bda04ff446dcedd42276fc99ee.php 第 236 行.
NOTIC: [8] Use of undefined constant pid - assumed 'pid' D:\wamp\www\appollo\Application\Runtime\Cache\Home\2a94b8bda04ff446dcedd42276fc99ee.php 第 236 行.
NOTIC: [8] Use of undefined constant pid - assumed 'pid' D:\wamp\www\appollo\Application\Runtime\Cache\Home\2a94b8bda04ff446dcedd42276fc99ee.php 第 236 行.
NOTIC: [8] Use of undefined constant pid - assumed 'pid' D:\wamp\www\appollo\Application\Runtime\Cache\Home\2a94b8bda04ff446dcedd42276fc99ee.php 第 236 行.
NOTIC: [8] Use of undefined constant pid - assumed 'pid' D:\wamp\www\appollo\Application\Runtime\Cache\Home\2a94b8bda04ff446dcedd42276fc99ee.php 第 236 行.
NOTIC: [8] Use of undefined constant pid - assumed 'pid' D:\wamp\www\appollo\Application\Runtime\Cache\Home\2a94b8bda04ff446dcedd42276fc99ee.php 第 236 行.
NOTIC: [8] Use of undefined constant pid - assumed 'pid' D:\wamp\www\appollo\Application\Runtime\Cache\Home\2a94b8bda04ff446dcedd42276fc99ee.php 第 236 行.
NOTIC: [8] Use of undefined constant pid - assumed 'pid' D:\wamp\www\appollo\Application\Runtime\Cache\Home\2a94b8bda04ff446dcedd42276fc99ee.php 第 236 行.
NOTIC: [8] Use of undefined constant pid - assumed 'pid' D:\wamp\www\appollo\Application\Runtime\Cache\Home\2a94b8bda04ff446dcedd42276fc99ee.php 第 236 行.
NOTIC: [8] Use of undefined constant pid - assumed 'pid' D:\wamp\www\appollo\Application\Runtime\Cache\Home\2a94b8bda04ff446dcedd42276fc99ee.php 第 236 行.
NOTIC: [8] Use of undefined constant pid - assumed 'pid' D:\wamp\www\appollo\Application\Runtime\Cache\Home\2a94b8bda04ff446dcedd42276fc99ee.php 第 236 行.
NOTIC: [8] Use of undefined constant pid - assumed 'pid' D:\wamp\www\appollo\Application\Runtime\Cache\Home\2a94b8bda04ff446dcedd42276fc99ee.php 第 236 行.
NOTIC: [8] Use of undefined constant pid - assumed 'pid' D:\wamp\www\appollo\Application\Runtime\Cache\Home\2a94b8bda04ff446dcedd42276fc99ee.php 第 236 行.
NOTIC: [8] Use of undefined constant pid - assumed 'pid' D:\wamp\www\appollo\Application\Runtime\Cache\Home\2a94b8bda04ff446dcedd42276fc99ee.php 第 236 行.
NOTIC: [8] Use of undefined constant pid - assumed 'pid' D:\wamp\www\appollo\Application\Runtime\Cache\Home\2a94b8bda04ff446dcedd42276fc99ee.php 第 236 行.
NOTIC: [8] Use of undefined constant pid - assumed 'pid' D:\wamp\www\appollo\Application\Runtime\Cache\Home\2a94b8bda04ff446dcedd42276fc99ee.php 第 236 行.
NOTIC: [8] Use of undefined constant pid - assumed 'pid' D:\wamp\www\appollo\Application\Runtime\Cache\Home\2a94b8bda04ff446dcedd42276fc99ee.php 第 236 行.
NOTIC: [8] Use of undefined constant pid - assumed 'pid' D:\wamp\www\appollo\Application\Runtime\Cache\Home\2a94b8bda04ff446dcedd42276fc99ee.php 第 236 行.
NOTIC: [8] Use of undefined constant pid - assumed 'pid' D:\wamp\www\appollo\Application\Runtime\Cache\Home\2a94b8bda04ff446dcedd42276fc99ee.php 第 236 行.
NOTIC: [8] Use of undefined constant pid - assumed 'pid' D:\wamp\www\appollo\Application\Runtime\Cache\Home\2a94b8bda04ff446dcedd42276fc99ee.php 第 236 行.
NOTIC: [8] Use of undefined constant pid - assumed 'pid' D:\wamp\www\appollo\Application\Runtime\Cache\Home\2a94b8bda04ff446dcedd42276fc99ee.php 第 236 行.
NOTIC: [8] Use of undefined constant pid - assumed 'pid' D:\wamp\www\appollo\Application\Runtime\Cache\Home\2a94b8bda04ff446dcedd42276fc99ee.php 第 236 行.
NOTIC: [8] Use of undefined constant pid - assumed 'pid' D:\wamp\www\appollo\Application\Runtime\Cache\Home\2a94b8bda04ff446dcedd42276fc99ee.php 第 236 行.
NOTIC: [8] Use of undefined constant pid - assumed 'pid' D:\wamp\www\appollo\Application\Runtime\Cache\Home\2a94b8bda04ff446dcedd42276fc99ee.php 第 236 行.
NOTIC: [8] Use of undefined constant pid - assumed 'pid' D:\wamp\www\appollo\Application\Runtime\Cache\Home\2a94b8bda04ff446dcedd42276fc99ee.php 第 236 行.
NOTIC: [8] Use of undefined constant pid - assumed 'pid' D:\wamp\www\appollo\Application\Runtime\Cache\Home\2a94b8bda04ff446dcedd42276fc99ee.php 第 236 行.
NOTIC: [8] Use of undefined constant pid - assumed 'pid' D:\wamp\www\appollo\Application\Runtime\Cache\Home\2a94b8bda04ff446dcedd42276fc99ee.php 第 236 行.
NOTIC: [8] Use of undefined constant pid - assumed 'pid' D:\wamp\www\appollo\Application\Runtime\Cache\Home\2a94b8bda04ff446dcedd42276fc99ee.php 第 236 行.
NOTIC: [8] Use of undefined constant pid - assumed 'pid' D:\wamp\www\appollo\Application\Runtime\Cache\Home\2a94b8bda04ff446dcedd42276fc99ee.php 第 236 行.
NOTIC: [8] Use of undefined constant pid - assumed 'pid' D:\wamp\www\appollo\Application\Runtime\Cache\Home\2a94b8bda04ff446dcedd42276fc99ee.php 第 236 行.
NOTIC: [8] Use of undefined constant pid - assumed 'pid' D:\wamp\www\appollo\Application\Runtime\Cache\Home\2a94b8bda04ff446dcedd42276fc99ee.php 第 236 行.
NOTIC: [8] Use of undefined constant pid - assumed 'pid' D:\wamp\www\appollo\Application\Runtime\Cache\Home\2a94b8bda04ff446dcedd42276fc99ee.php 第 236 行.
NOTIC: [8] Use of undefined constant pid - assumed 'pid' D:\wamp\www\appollo\Application\Runtime\Cache\Home\2a94b8bda04ff446dcedd42276fc99ee.php 第 236 行.
NOTIC: [8] Use of undefined constant pid - assumed 'pid' D:\wamp\www\appollo\Application\Runtime\Cache\Home\2a94b8bda04ff446dcedd42276fc99ee.php 第 236 行.
NOTIC: [8] Use of undefined constant pid - assumed 'pid' D:\wamp\www\appollo\Application\Runtime\Cache\Home\2a94b8bda04ff446dcedd42276fc99ee.php 第 236 行.
NOTIC: [8] Use of undefined constant pid - assumed 'pid' D:\wamp\www\appollo\Application\Runtime\Cache\Home\2a94b8bda04ff446dcedd42276fc99ee.php 第 236 行.
NOTIC: [8] Use of undefined constant pid - assumed 'pid' D:\wamp\www\appollo\Application\Runtime\Cache\Home\2a94b8bda04ff446dcedd42276fc99ee.php 第 236 行.
NOTIC: [8] Use of undefined constant pid - assumed 'pid' D:\wamp\www\appollo\Application\Runtime\Cache\Home\2a94b8bda04ff446dcedd42276fc99ee.php 第 236 行.
NOTIC: [8] Use of undefined constant pid - assumed 'pid' D:\wamp\www\appollo\Application\Runtime\Cache\Home\2a94b8bda04ff446dcedd42276fc99ee.php 第 236 行.
NOTIC: [8] Use of undefined constant pid - assumed 'pid' D:\wamp\www\appollo\Application\Runtime\Cache\Home\2a94b8bda04ff446dcedd42276fc99ee.php 第 236 行.
NOTIC: [8] Use of undefined constant pid - assumed 'pid' D:\wamp\www\appollo\Application\Runtime\Cache\Home\2a94b8bda04ff446dcedd42276fc99ee.php 第 236 行.
NOTIC: [8] Use of undefined constant pid - assumed 'pid' D:\wamp\www\appollo\Application\Runtime\Cache\Home\2a94b8bda04ff446dcedd42276fc99ee.php 第 236 行.
NOTIC: [8] Use of undefined constant pid - assumed 'pid' D:\wamp\www\appollo\Application\Runtime\Cache\Home\2a94b8bda04ff446dcedd42276fc99ee.php 第 236 行.
NOTIC: [8] Use of undefined constant pid - assumed 'pid' D:\wamp\www\appollo\Application\Runtime\Cache\Home\2a94b8bda04ff446dcedd42276fc99ee.php 第 236 行.
NOTIC: [8] Use of undefined constant pid - assumed 'pid' D:\wamp\www\appollo\Application\Runtime\Cache\Home\2a94b8bda04ff446dcedd42276fc99ee.php 第 236 行.
NOTIC: [8] Use of undefined constant pid - assumed 'pid' D:\wamp\www\appollo\Application\Runtime\Cache\Home\2a94b8bda04ff446dcedd42276fc99ee.php 第 236 行.
NOTIC: [8] Use of undefined constant pid - assumed 'pid' D:\wamp\www\appollo\Application\Runtime\Cache\Home\2a94b8bda04ff446dcedd42276fc99ee.php 第 236 行.
NOTIC: [8] Use of undefined constant pid - assumed 'pid' D:\wamp\www\appollo\Application\Runtime\Cache\Home\2a94b8bda04ff446dcedd42276fc99ee.php 第 236 行.
NOTIC: [8] Use of undefined constant pid - assumed 'pid' D:\wamp\www\appollo\Application\Runtime\Cache\Home\2a94b8bda04ff446dcedd42276fc99ee.php 第 236 行.
NOTIC: [8] Use of undefined constant pid - assumed 'pid' D:\wamp\www\appollo\Application\Runtime\Cache\Home\2a94b8bda04ff446dcedd42276fc99ee.php 第 236 行.
NOTIC: [8] Use of undefined constant pid - assumed 'pid' D:\wamp\www\appollo\Application\Runtime\Cache\Home\2a94b8bda04ff446dcedd42276fc99ee.php 第 236 行.
NOTIC: [8] Use of undefined constant pid - assumed 'pid' D:\wamp\www\appollo\Application\Runtime\Cache\Home\2a94b8bda04ff446dcedd42276fc99ee.php 第 236 行.
NOTIC: [8] Use of undefined constant pid - assumed 'pid' D:\wamp\www\appollo\Application\Runtime\Cache\Home\2a94b8bda04ff446dcedd42276fc99ee.php 第 236 行.
NOTIC: [8] Use of undefined constant pid - assumed 'pid' D:\wamp\www\appollo\Application\Runtime\Cache\Home\2a94b8bda04ff446dcedd42276fc99ee.php 第 236 行.
NOTIC: [8] Use of undefined constant pid - assumed 'pid' D:\wamp\www\appollo\Application\Runtime\Cache\Home\2a94b8bda04ff446dcedd42276fc99ee.php 第 236 行.
NOTIC: [8] Use of undefined constant pid - assumed 'pid' D:\wamp\www\appollo\Application\Runtime\Cache\Home\2a94b8bda04ff446dcedd42276fc99ee.php 第 236 行.
NOTIC: [8] Use of undefined constant pid - assumed 'pid' D:\wamp\www\appollo\Application\Runtime\Cache\Home\2a94b8bda04ff446dcedd42276fc99ee.php 第 236 行.
NOTIC: [8] Use of undefined constant pid - assumed 'pid' D:\wamp\www\appollo\Application\Runtime\Cache\Home\2a94b8bda04ff446dcedd42276fc99ee.php 第 236 行.
NOTIC: [8] Use of undefined constant pid - assumed 'pid' D:\wamp\www\appollo\Application\Runtime\Cache\Home\2a94b8bda04ff446dcedd42276fc99ee.php 第 236 行.
NOTIC: [8] Use of undefined constant pid - assumed 'pid' D:\wamp\www\appollo\Application\Runtime\Cache\Home\2a94b8bda04ff446dcedd42276fc99ee.php 第 236 行.
NOTIC: [8] Use of undefined constant pid - assumed 'pid' D:\wamp\www\appollo\Application\Runtime\Cache\Home\2a94b8bda04ff446dcedd42276fc99ee.php 第 236 行.
NOTIC: [8] Use of undefined constant pid - assumed 'pid' D:\wamp\www\appollo\Application\Runtime\Cache\Home\2a94b8bda04ff446dcedd42276fc99ee.php 第 236 行.
NOTIC: [8] Use of undefined constant pid - assumed 'pid' D:\wamp\www\appollo\Application\Runtime\Cache\Home\2a94b8bda04ff446dcedd42276fc99ee.php 第 236 行.
NOTIC: [8] Use of undefined constant pid - assumed 'pid' D:\wamp\www\appollo\Application\Runtime\Cache\Home\2a94b8bda04ff446dcedd42276fc99ee.php 第 236 行.
NOTIC: [8] Use of undefined constant pid - assumed 'pid' D:\wamp\www\appollo\Application\Runtime\Cache\Home\2a94b8bda04ff446dcedd42276fc99ee.php 第 236 行.
NOTIC: [8] Use of undefined constant pid - assumed 'pid' D:\wamp\www\appollo\Application\Runtime\Cache\Home\2a94b8bda04ff446dcedd42276fc99ee.php 第 236 行.
NOTIC: [8] Use of undefined constant pid - assumed 'pid' D:\wamp\www\appollo\Application\Runtime\Cache\Home\2a94b8bda04ff446dcedd42276fc99ee.php 第 236 行.
NOTIC: [8] Use of undefined constant pid - assumed 'pid' D:\wamp\www\appollo\Application\Runtime\Cache\Home\2a94b8bda04ff446dcedd42276fc99ee.php 第 236 行.
NOTIC: [8] Use of undefined constant pid - assumed 'pid' D:\wamp\www\appollo\Application\Runtime\Cache\Home\2a94b8bda04ff446dcedd42276fc99ee.php 第 236 行.
NOTIC: [8] Use of undefined constant pid - assumed 'pid' D:\wamp\www\appollo\Application\Runtime\Cache\Home\2a94b8bda04ff446dcedd42276fc99ee.php 第 236 行.
NOTIC: [8] Use of undefined constant pid - assumed 'pid' D:\wamp\www\appollo\Application\Runtime\Cache\Home\2a94b8bda04ff446dcedd42276fc99ee.php 第 236 行.
NOTIC: [8] Use of undefined constant pid - assumed 'pid' D:\wamp\www\appollo\Application\Runtime\Cache\Home\2a94b8bda04ff446dcedd42276fc99ee.php 第 236 行.
NOTIC: [8] Use of undefined constant pid - assumed 'pid' D:\wamp\www\appollo\Application\Runtime\Cache\Home\2a94b8bda04ff446dcedd42276fc99ee.php 第 236 行.
NOTIC: [8] Use of undefined constant pid - assumed 'pid' D:\wamp\www\appollo\Application\Runtime\Cache\Home\2a94b8bda04ff446dcedd42276fc99ee.php 第 236 行.
NOTIC: [8] Use of undefined constant pid - assumed 'pid' D:\wamp\www\appollo\Application\Runtime\Cache\Home\2a94b8bda04ff446dcedd42276fc99ee.php 第 236 行.
NOTIC: [8] Use of undefined constant pid - assumed 'pid' D:\wamp\www\appollo\Application\Runtime\Cache\Home\2a94b8bda04ff446dcedd42276fc99ee.php 第 236 行.
NOTIC: [8] Use of undefined constant pid - assumed 'pid' D:\wamp\www\appollo\Application\Runtime\Cache\Home\2a94b8bda04ff446dcedd42276fc99ee.php 第 236 行.
NOTIC: [8] Use of undefined constant pid - assumed 'pid' D:\wamp\www\appollo\Application\Runtime\Cache\Home\2a94b8bda04ff446dcedd42276fc99ee.php 第 236 行.
NOTIC: [8] Use of undefined constant pid - assumed 'pid' D:\wamp\www\appollo\Application\Runtime\Cache\Home\2a94b8bda04ff446dcedd42276fc99ee.php 第 236 行.
NOTIC: [8] Use of undefined constant pid - assumed 'pid' D:\wamp\www\appollo\Application\Runtime\Cache\Home\2a94b8bda04ff446dcedd42276fc99ee.php 第 236 行.
NOTIC: [8] Use of undefined constant pid - assumed 'pid' D:\wamp\www\appollo\Application\Runtime\Cache\Home\2a94b8bda04ff446dcedd42276fc99ee.php 第 236 行.
NOTIC: [8] Use of undefined constant pid - assumed 'pid' D:\wamp\www\appollo\Application\Runtime\Cache\Home\2a94b8bda04ff446dcedd42276fc99ee.php 第 236 行.
NOTIC: [8] Use of undefined constant pid - assumed 'pid' D:\wamp\www\appollo\Application\Runtime\Cache\Home\2a94b8bda04ff446dcedd42276fc99ee.php 第 236 行.
NOTIC: [8] Use of undefined constant pid - assumed 'pid' D:\wamp\www\appollo\Application\Runtime\Cache\Home\2a94b8bda04ff446dcedd42276fc99ee.php 第 236 行.
NOTIC: [8] Use of undefined constant pid - assumed 'pid' D:\wamp\www\appollo\Application\Runtime\Cache\Home\2a94b8bda04ff446dcedd42276fc99ee.php 第 236 行.
NOTIC: [8] Use of undefined constant pid - assumed 'pid' D:\wamp\www\appollo\Application\Runtime\Cache\Home\2a94b8bda04ff446dcedd42276fc99ee.php 第 236 行.
NOTIC: [8] Use of undefined constant pid - assumed 'pid' D:\wamp\www\appollo\Application\Runtime\Cache\Home\2a94b8bda04ff446dcedd42276fc99ee.php 第 236 行.
NOTIC: [8] Use of undefined constant pid - assumed 'pid' D:\wamp\www\appollo\Application\Runtime\Cache\Home\2a94b8bda04ff446dcedd42276fc99ee.php 第 236 行.
NOTIC: [8] Use of undefined constant pid - assumed 'pid' D:\wamp\www\appollo\Application\Runtime\Cache\Home\2a94b8bda04ff446dcedd42276fc99ee.php 第 236 行.
NOTIC: [8] Use of undefined constant pid - assumed 'pid' D:\wamp\www\appollo\Application\Runtime\Cache\Home\2a94b8bda04ff446dcedd42276fc99ee.php 第 236 行.
NOTIC: [8] Use of undefined constant pid - assumed 'pid' D:\wamp\www\appollo\Application\Runtime\Cache\Home\2a94b8bda04ff446dcedd42276fc99ee.php 第 236 行.
NOTIC: [8] Use of undefined constant pid - assumed 'pid' D:\wamp\www\appollo\Application\Runtime\Cache\Home\2a94b8bda04ff446dcedd42276fc99ee.php 第 236 行.
NOTIC: [8] Use of undefined constant pid - assumed 'pid' D:\wamp\www\appollo\Application\Runtime\Cache\Home\2a94b8bda04ff446dcedd42276fc99ee.php 第 236 行.
NOTIC: [8] Use of undefined constant pid - assumed 'pid' D:\wamp\www\appollo\Application\Runtime\Cache\Home\2a94b8bda04ff446dcedd42276fc99ee.php 第 236 行.
NOTIC: [8] Use of undefined constant pid - assumed 'pid' D:\wamp\www\appollo\Application\Runtime\Cache\Home\2a94b8bda04ff446dcedd42276fc99ee.php 第 236 行.
NOTIC: [8] Use of undefined constant pid - assumed 'pid' D:\wamp\www\appollo\Application\Runtime\Cache\Home\2a94b8bda04ff446dcedd42276fc99ee.php 第 236 行.
NOTIC: [8] Use of undefined constant pid - assumed 'pid' D:\wamp\www\appollo\Application\Runtime\Cache\Home\2a94b8bda04ff446dcedd42276fc99ee.php 第 236 行.
NOTIC: [8] Use of undefined constant pid - assumed 'pid' D:\wamp\www\appollo\Application\Runtime\Cache\Home\2a94b8bda04ff446dcedd42276fc99ee.php 第 236 行.
NOTIC: [8] Use of undefined constant pid - assumed 'pid' D:\wamp\www\appollo\Application\Runtime\Cache\Home\2a94b8bda04ff446dcedd42276fc99ee.php 第 236 行.
NOTIC: [8] Use of undefined constant pid - assumed 'pid' D:\wamp\www\appollo\Application\Runtime\Cache\Home\2a94b8bda04ff446dcedd42276fc99ee.php 第 236 行.
NOTIC: [8] Use of undefined constant pid - assumed 'pid' D:\wamp\www\appollo\Application\Runtime\Cache\Home\2a94b8bda04ff446dcedd42276fc99ee.php 第 236 行.
NOTIC: [8] Use of undefined constant pid - assumed 'pid' D:\wamp\www\appollo\Application\Runtime\Cache\Home\2a94b8bda04ff446dcedd42276fc99ee.php 第 236 行.
NOTIC: [8] Use of undefined constant pid - assumed 'pid' D:\wamp\www\appollo\Application\Runtime\Cache\Home\2a94b8bda04ff446dcedd42276fc99ee.php 第 236 行.
NOTIC: [8] Use of undefined constant pid - assumed 'pid' D:\wamp\www\appollo\Application\Runtime\Cache\Home\2a94b8bda04ff446dcedd42276fc99ee.php 第 236 行.
NOTIC: [8] Use of undefined constant pid - assumed 'pid' D:\wamp\www\appollo\Application\Runtime\Cache\Home\2a94b8bda04ff446dcedd42276fc99ee.php 第 236 行.
NOTIC: [8] Use of undefined constant pid - assumed 'pid' D:\wamp\www\appollo\Application\Runtime\Cache\Home\2a94b8bda04ff446dcedd42276fc99ee.php 第 236 行.
NOTIC: [8] Use of undefined constant pid - assumed 'pid' D:\wamp\www\appollo\Application\Runtime\Cache\Home\2a94b8bda04ff446dcedd42276fc99ee.php 第 236 行.
NOTIC: [8] Use of undefined constant pid - assumed 'pid' D:\wamp\www\appollo\Application\Runtime\Cache\Home\2a94b8bda04ff446dcedd42276fc99ee.php 第 236 行.
NOTIC: [8] Use of undefined constant pid - assumed 'pid' D:\wamp\www\appollo\Application\Runtime\Cache\Home\2a94b8bda04ff446dcedd42276fc99ee.php 第 236 行.
NOTIC: [8] Use of undefined constant pid - assumed 'pid' D:\wamp\www\appollo\Application\Runtime\Cache\Home\2a94b8bda04ff446dcedd42276fc99ee.php 第 236 行.
NOTIC: [8] Use of undefined constant pid - assumed 'pid' D:\wamp\www\appollo\Application\Runtime\Cache\Home\2a94b8bda04ff446dcedd42276fc99ee.php 第 236 行.
NOTIC: [8] Use of undefined constant pid - assumed 'pid' D:\wamp\www\appollo\Application\Runtime\Cache\Home\2a94b8bda04ff446dcedd42276fc99ee.php 第 236 行.
NOTIC: [8] Use of undefined constant pid - assumed 'pid' D:\wamp\www\appollo\Application\Runtime\Cache\Home\2a94b8bda04ff446dcedd42276fc99ee.php 第 236 行.
NOTIC: [8] Use of undefined constant pid - assumed 'pid' D:\wamp\www\appollo\Application\Runtime\Cache\Home\2a94b8bda04ff446dcedd42276fc99ee.php 第 236 行.
NOTIC: [8] Use of undefined constant pid - assumed 'pid' D:\wamp\www\appollo\Application\Runtime\Cache\Home\2a94b8bda04ff446dcedd42276fc99ee.php 第 236 行.
NOTIC: [8] Use of undefined constant pid - assumed 'pid' D:\wamp\www\appollo\Application\Runtime\Cache\Home\2a94b8bda04ff446dcedd42276fc99ee.php 第 236 行.
NOTIC: [8] Use of undefined constant pid - assumed 'pid' D:\wamp\www\appollo\Application\Runtime\Cache\Home\2a94b8bda04ff446dcedd42276fc99ee.php 第 236 行.
NOTIC: [8] Use of undefined constant pid - assumed 'pid' D:\wamp\www\appollo\Application\Runtime\Cache\Home\2a94b8bda04ff446dcedd42276fc99ee.php 第 236 行.
NOTIC: [8] Use of undefined constant pid - assumed 'pid' D:\wamp\www\appollo\Application\Runtime\Cache\Home\2a94b8bda04ff446dcedd42276fc99ee.php 第 236 行.
NOTIC: [8] Use of undefined constant pid - assumed 'pid' D:\wamp\www\appollo\Application\Runtime\Cache\Home\2a94b8bda04ff446dcedd42276fc99ee.php 第 236 行.
NOTIC: [8] Use of undefined constant pid - assumed 'pid' D:\wamp\www\appollo\Application\Runtime\Cache\Home\2a94b8bda04ff446dcedd42276fc99ee.php 第 236 行.
NOTIC: [8] Use of undefined constant pid - assumed 'pid' D:\wamp\www\appollo\Application\Runtime\Cache\Home\2a94b8bda04ff446dcedd42276fc99ee.php 第 236 行.
NOTIC: [8] Use of undefined constant pid - assumed 'pid' D:\wamp\www\appollo\Application\Runtime\Cache\Home\2a94b8bda04ff446dcedd42276fc99ee.php 第 236 行.
NOTIC: [8] Use of undefined constant pid - assumed 'pid' D:\wamp\www\appollo\Application\Runtime\Cache\Home\2a94b8bda04ff446dcedd42276fc99ee.php 第 236 行.
NOTIC: [8] Use of undefined constant pid - assumed 'pid' D:\wamp\www\appollo\Application\Runtime\Cache\Home\2a94b8bda04ff446dcedd42276fc99ee.php 第 236 行.
NOTIC: [8] Use of undefined constant pid - assumed 'pid' D:\wamp\www\appollo\Application\Runtime\Cache\Home\2a94b8bda04ff446dcedd42276fc99ee.php 第 236 行.
NOTIC: [8] Use of undefined constant pid - assumed 'pid' D:\wamp\www\appollo\Application\Runtime\Cache\Home\2a94b8bda04ff446dcedd42276fc99ee.php 第 236 行.
NOTIC: [8] Use of undefined constant pid - assumed 'pid' D:\wamp\www\appollo\Application\Runtime\Cache\Home\2a94b8bda04ff446dcedd42276fc99ee.php 第 236 行.
NOTIC: [8] Use of undefined constant pid - assumed 'pid' D:\wamp\www\appollo\Application\Runtime\Cache\Home\2a94b8bda04ff446dcedd42276fc99ee.php 第 236 行.
NOTIC: [8] Use of undefined constant pid - assumed 'pid' D:\wamp\www\appollo\Application\Runtime\Cache\Home\2a94b8bda04ff446dcedd42276fc99ee.php 第 236 行.
NOTIC: [8] Use of undefined constant pid - assumed 'pid' D:\wamp\www\appollo\Application\Runtime\Cache\Home\2a94b8bda04ff446dcedd42276fc99ee.php 第 236 行.
NOTIC: [8] Use of undefined constant pid - assumed 'pid' D:\wamp\www\appollo\Application\Runtime\Cache\Home\2a94b8bda04ff446dcedd42276fc99ee.php 第 236 行.
NOTIC: [8] Use of undefined constant pid - assumed 'pid' D:\wamp\www\appollo\Application\Runtime\Cache\Home\2a94b8bda04ff446dcedd42276fc99ee.php 第 236 行.
NOTIC: [8] Use of undefined constant pid - assumed 'pid' D:\wamp\www\appollo\Application\Runtime\Cache\Home\2a94b8bda04ff446dcedd42276fc99ee.php 第 236 行.
NOTIC: [8] Use of undefined constant pid - assumed 'pid' D:\wamp\www\appollo\Application\Runtime\Cache\Home\2a94b8bda04ff446dcedd42276fc99ee.php 第 236 行.
NOTIC: [8] Use of undefined constant pid - assumed 'pid' D:\wamp\www\appollo\Application\Runtime\Cache\Home\2a94b8bda04ff446dcedd42276fc99ee.php 第 236 行.
NOTIC: [8] Use of undefined constant pid - assumed 'pid' D:\wamp\www\appollo\Application\Runtime\Cache\Home\2a94b8bda04ff446dcedd42276fc99ee.php 第 236 行.
NOTIC: [8] Use of undefined constant pid - assumed 'pid' D:\wamp\www\appollo\Application\Runtime\Cache\Home\2a94b8bda04ff446dcedd42276fc99ee.php 第 236 行.
NOTIC: [8] Use of undefined constant pid - assumed 'pid' D:\wamp\www\appollo\Application\Runtime\Cache\Home\2a94b8bda04ff446dcedd42276fc99ee.php 第 236 行.
NOTIC: [8] Use of undefined constant pid - assumed 'pid' D:\wamp\www\appollo\Application\Runtime\Cache\Home\2a94b8bda04ff446dcedd42276fc99ee.php 第 236 行.
NOTIC: [8] Use of undefined constant pid - assumed 'pid' D:\wamp\www\appollo\Application\Runtime\Cache\Home\2a94b8bda04ff446dcedd42276fc99ee.php 第 236 行.
NOTIC: [8] Use of undefined constant pid - assumed 'pid' D:\wamp\www\appollo\Application\Runtime\Cache\Home\2a94b8bda04ff446dcedd42276fc99ee.php 第 236 行.
NOTIC: [8] Use of undefined constant pid - assumed 'pid' D:\wamp\www\appollo\Application\Runtime\Cache\Home\2a94b8bda04ff446dcedd42276fc99ee.php 第 236 行.
NOTIC: [8] Use of undefined constant pid - assumed 'pid' D:\wamp\www\appollo\Application\Runtime\Cache\Home\2a94b8bda04ff446dcedd42276fc99ee.php 第 236 行.
NOTIC: [8] Use of undefined constant pid - assumed 'pid' D:\wamp\www\appollo\Application\Runtime\Cache\Home\2a94b8bda04ff446dcedd42276fc99ee.php 第 236 行.
NOTIC: [8] Use of undefined constant pid - assumed 'pid' D:\wamp\www\appollo\Application\Runtime\Cache\Home\2a94b8bda04ff446dcedd42276fc99ee.php 第 236 行.
NOTIC: [8] Use of undefined constant pid - assumed 'pid' D:\wamp\www\appollo\Application\Runtime\Cache\Home\2a94b8bda04ff446dcedd42276fc99ee.php 第 236 行.
NOTIC: [8] Use of undefined constant pid - assumed 'pid' D:\wamp\www\appollo\Application\Runtime\Cache\Home\2a94b8bda04ff446dcedd42276fc99ee.php 第 236 行.
NOTIC: [8] Use of undefined constant pid - assumed 'pid' D:\wamp\www\appollo\Application\Runtime\Cache\Home\2a94b8bda04ff446dcedd42276fc99ee.php 第 236 行.
NOTIC: [8] Use of undefined constant pid - assumed 'pid' D:\wamp\www\appollo\Application\Runtime\Cache\Home\2a94b8bda04ff446dcedd42276fc99ee.php 第 236 行.
NOTIC: [8] Use of undefined constant pid - assumed 'pid' D:\wamp\www\appollo\Application\Runtime\Cache\Home\2a94b8bda04ff446dcedd42276fc99ee.php 第 236 行.
NOTIC: [8] Use of undefined constant pid - assumed 'pid' D:\wamp\www\appollo\Application\Runtime\Cache\Home\2a94b8bda04ff446dcedd42276fc99ee.php 第 236 行.
NOTIC: [8] Use of undefined constant pid - assumed 'pid' D:\wamp\www\appollo\Application\Runtime\Cache\Home\2a94b8bda04ff446dcedd42276fc99ee.php 第 236 行.
NOTIC: [8] Use of undefined constant pid - assumed 'pid' D:\wamp\www\appollo\Application\Runtime\Cache\Home\2a94b8bda04ff446dcedd42276fc99ee.php 第 236 行.
NOTIC: [8] Use of undefined constant pid - assumed 'pid' D:\wamp\www\appollo\Application\Runtime\Cache\Home\2a94b8bda04ff446dcedd42276fc99ee.php 第 236 行.
NOTIC: [8] Use of undefined constant pid - assumed 'pid' D:\wamp\www\appollo\Application\Runtime\Cache\Home\2a94b8bda04ff446dcedd42276fc99ee.php 第 236 行.
NOTIC: [8] Use of undefined constant pid - assumed 'pid' D:\wamp\www\appollo\Application\Runtime\Cache\Home\2a94b8bda04ff446dcedd42276fc99ee.php 第 236 行.
NOTIC: [8] Use of undefined constant pid - assumed 'pid' D:\wamp\www\appollo\Application\Runtime\Cache\Home\2a94b8bda04ff446dcedd42276fc99ee.php 第 236 行.
NOTIC: [8] Use of undefined constant pid - assumed 'pid' D:\wamp\www\appollo\Application\Runtime\Cache\Home\2a94b8bda04ff446dcedd42276fc99ee.php 第 236 行.
NOTIC: [8] Use of undefined constant pid - assumed 'pid' D:\wamp\www\appollo\Application\Runtime\Cache\Home\2a94b8bda04ff446dcedd42276fc99ee.php 第 236 行.
NOTIC: [8] Use of undefined constant pid - assumed 'pid' D:\wamp\www\appollo\Application\Runtime\Cache\Home\2a94b8bda04ff446dcedd42276fc99ee.php 第 236 行.
NOTIC: [8] Use of undefined constant pid - assumed 'pid' D:\wamp\www\appollo\Application\Runtime\Cache\Home\2a94b8bda04ff446dcedd42276fc99ee.php 第 236 行.
NOTIC: [8] Use of undefined constant pid - assumed 'pid' D:\wamp\www\appollo\Application\Runtime\Cache\Home\2a94b8bda04ff446dcedd42276fc99ee.php 第 236 行.
NOTIC: [8] Use of undefined constant pid - assumed 'pid' D:\wamp\www\appollo\Application\Runtime\Cache\Home\2a94b8bda04ff446dcedd42276fc99ee.php 第 236 行.
NOTIC: [8] Use of undefined constant pid - assumed 'pid' D:\wamp\www\appollo\Application\Runtime\Cache\Home\2a94b8bda04ff446dcedd42276fc99ee.php 第 236 行.
NOTIC: [8] Use of undefined constant pid - assumed 'pid' D:\wamp\www\appollo\Application\Runtime\Cache\Home\2a94b8bda04ff446dcedd42276fc99ee.php 第 236 行.
NOTIC: [8] Use of undefined constant pid - assumed 'pid' D:\wamp\www\appollo\Application\Runtime\Cache\Home\2a94b8bda04ff446dcedd42276fc99ee.php 第 236 行.
NOTIC: [8] Use of undefined constant pid - assumed 'pid' D:\wamp\www\appollo\Application\Runtime\Cache\Home\2a94b8bda04ff446dcedd42276fc99ee.php 第 236 行.
NOTIC: [8] Use of undefined constant pid - assumed 'pid' D:\wamp\www\appollo\Application\Runtime\Cache\Home\2a94b8bda04ff446dcedd42276fc99ee.php 第 236 行.
NOTIC: [8] Use of undefined constant pid - assumed 'pid' D:\wamp\www\appollo\Application\Runtime\Cache\Home\2a94b8bda04ff446dcedd42276fc99ee.php 第 236 行.
NOTIC: [8] Use of undefined constant pid - assumed 'pid' D:\wamp\www\appollo\Application\Runtime\Cache\Home\2a94b8bda04ff446dcedd42276fc99ee.php 第 236 行.
NOTIC: [8] Use of undefined constant pid - assumed 'pid' D:\wamp\www\appollo\Application\Runtime\Cache\Home\2a94b8bda04ff446dcedd42276fc99ee.php 第 236 行.
NOTIC: [8] Use of undefined constant pid - assumed 'pid' D:\wamp\www\appollo\Application\Runtime\Cache\Home\2a94b8bda04ff446dcedd42276fc99ee.php 第 236 行.
NOTIC: [8] Use of undefined constant pid - assumed 'pid' D:\wamp\www\appollo\Application\Runtime\Cache\Home\2a94b8bda04ff446dcedd42276fc99ee.php 第 236 行.
NOTIC: [8] Use of undefined constant pid - assumed 'pid' D:\wamp\www\appollo\Application\Runtime\Cache\Home\2a94b8bda04ff446dcedd42276fc99ee.php 第 236 行.
NOTIC: [8] Use of undefined constant pid - assumed 'pid' D:\wamp\www\appollo\Application\Runtime\Cache\Home\2a94b8bda04ff446dcedd42276fc99ee.php 第 236 行.
NOTIC: [8] Use of undefined constant pid - assumed 'pid' D:\wamp\www\appollo\Application\Runtime\Cache\Home\2a94b8bda04ff446dcedd42276fc99ee.php 第 236 行.
NOTIC: [8] Use of undefined constant pid - assumed 'pid' D:\wamp\www\appollo\Application\Runtime\Cache\Home\2a94b8bda04ff446dcedd42276fc99ee.php 第 236 行.
NOTIC: [8] Use of undefined constant pid - assumed 'pid' D:\wamp\www\appollo\Application\Runtime\Cache\Home\2a94b8bda04ff446dcedd42276fc99ee.php 第 236 行.
NOTIC: [8] Use of undefined constant pid - assumed 'pid' D:\wamp\www\appollo\Application\Runtime\Cache\Home\2a94b8bda04ff446dcedd42276fc99ee.php 第 236 行.
NOTIC: [8] Use of undefined constant pid - assumed 'pid' D:\wamp\www\appollo\Application\Runtime\Cache\Home\2a94b8bda04ff446dcedd42276fc99ee.php 第 236 行.
NOTIC: [8] Use of undefined constant pid - assumed 'pid' D:\wamp\www\appollo\Application\Runtime\Cache\Home\2a94b8bda04ff446dcedd42276fc99ee.php 第 236 行.
NOTIC: [8] Use of undefined constant pid - assumed 'pid' D:\wamp\www\appollo\Application\Runtime\Cache\Home\2a94b8bda04ff446dcedd42276fc99ee.php 第 236 行.
NOTIC: [8] Use of undefined constant pid - assumed 'pid' D:\wamp\www\appollo\Application\Runtime\Cache\Home\2a94b8bda04ff446dcedd42276fc99ee.php 第 236 行.
NOTIC: [8] Use of undefined constant pid - assumed 'pid' D:\wamp\www\appollo\Application\Runtime\Cache\Home\2a94b8bda04ff446dcedd42276fc99ee.php 第 236 行.
NOTIC: [8] Use of undefined constant pid - assumed 'pid' D:\wamp\www\appollo\Application\Runtime\Cache\Home\2a94b8bda04ff446dcedd42276fc99ee.php 第 236 行.
NOTIC: [8] Use of undefined constant pid - assumed 'pid' D:\wamp\www\appollo\Application\Runtime\Cache\Home\2a94b8bda04ff446dcedd42276fc99ee.php 第 236 行.
NOTIC: [8] Use of undefined constant pid - assumed 'pid' D:\wamp\www\appollo\Application\Runtime\Cache\Home\2a94b8bda04ff446dcedd42276fc99ee.php 第 236 行.
NOTIC: [8] Use of undefined constant pid - assumed 'pid' D:\wamp\www\appollo\Application\Runtime\Cache\Home\2a94b8bda04ff446dcedd42276fc99ee.php 第 236 行.
NOTIC: [8] Use of undefined constant pid - assumed 'pid' D:\wamp\www\appollo\Application\Runtime\Cache\Home\2a94b8bda04ff446dcedd42276fc99ee.php 第 236 行.
NOTIC: [8] Use of undefined constant pid - assumed 'pid' D:\wamp\www\appollo\Application\Runtime\Cache\Home\2a94b8bda04ff446dcedd42276fc99ee.php 第 236 行.
NOTIC: [8] Use of undefined constant pid - assumed 'pid' D:\wamp\www\appollo\Application\Runtime\Cache\Home\2a94b8bda04ff446dcedd42276fc99ee.php 第 236 行.
NOTIC: [8] Use of undefined constant pid - assumed 'pid' D:\wamp\www\appollo\Application\Runtime\Cache\Home\2a94b8bda04ff446dcedd42276fc99ee.php 第 236 行.
NOTIC: [8] Use of undefined constant pid - assumed 'pid' D:\wamp\www\appollo\Application\Runtime\Cache\Home\2a94b8bda04ff446dcedd42276fc99ee.php 第 236 行.
NOTIC: [8] Use of undefined constant pid - assumed 'pid' D:\wamp\www\appollo\Application\Runtime\Cache\Home\2a94b8bda04ff446dcedd42276fc99ee.php 第 236 行.
NOTIC: [8] Use of undefined constant pid - assumed 'pid' D:\wamp\www\appollo\Application\Runtime\Cache\Home\2a94b8bda04ff446dcedd42276fc99ee.php 第 236 行.
INFO: Run Behavior\ParseTemplateBehavior [ RunTime:0.124008s ]
INFO: [ view_parse ] --END-- [ RunTime:0.124008s ]
INFO: [ view_filter ] --START--
INFO: Run Behavior\WriteHtmlCacheBehavior [ RunTime:0.000000s ]
INFO: [ view_filter ] --END-- [ RunTime:0.001000s ]
INFO: [ app_end ] --START--
INFO: Run Behavior\ShowPageTraceBehavior [ RunTime:0.001000s ]
INFO: [ app_end ] --END-- [ RunTime:0.001000s ]

[ 2016-12-23T10:21:36+08:00 ] 127.0.0.1 /Public/upload/product/93/800e1828ea9e10990d2205247b1dca13.png
INFO: [ app_init ] --START--
INFO: Run Behavior\BuildLiteBehavior [ RunTime:0.000000s ]
INFO: [ app_init ] --END-- [ RunTime:0.001000s ]

[ 2016-12-23T10:21:36+08:00 ] 127.0.0.1 /Public/upload/banner/index/13/d1e19c9b65348abd40d931f43230c19f.jpg
INFO: [ app_init ] --START--
INFO: Run Behavior\BuildLiteBehavior [ RunTime:0.000000s ]
INFO: [ app_init ] --END-- [ RunTime:0.001000s ]

[ 2016-12-23T10:21:36+08:00 ] 127.0.0.1 /Public/upload/news/151/556c8ac1550817a248bf98afcba1838d.jpg
INFO: [ app_init ] --START--
INFO: Run Behavior\BuildLiteBehavior [ RunTime:0.001000s ]
INFO: [ app_init ] --END-- [ RunTime:0.001000s ]

[ 2016-12-23T10:21:36+08:00 ] 127.0.0.1 /Public/upload/banner/index/14/6d6a9d5c12e21240209aba34c03aee30.jpg
INFO: [ app_init ] --START--
INFO: Run Behavior\BuildLiteBehavior [ RunTime:0.000000s ]
INFO: [ app_init ] --END-- [ RunTime:0.001000s ]

[ 2016-12-23T10:21:36+08:00 ] 127.0.0.1 /Public/upload/banner/index/12/adca0907cb48bf7da88cfc4b4af70763.jpg
INFO: [ app_init ] --START--
INFO: Run Behavior\BuildLiteBehavior [ RunTime:0.000000s ]
INFO: [ app_init ] --END-- [ RunTime:0.000000s ]

