[ 2017-01-09T14:02:50+08:00 ] 127.0.0.1 /
INFO: [ app_init ] --START--
INFO: Run Behavior\BuildLiteBehavior [ RunTime:0.000000s ]
INFO: [ app_init ] --END-- [ RunTime:0.001000s ]
INFO: [ app_begin ] --START--
INFO: Run Behavior\ReadHtmlCacheBehavior [ RunTime:0.001000s ]
INFO: [ app_begin ] --END-- [ RunTime:0.002000s ]
SQL: SHOW COLUMNS FROM `cies_site_meta` [ RunTime:0.0250s ]
SQL: SELECT * FROM `cies_site_meta` WHERE `site_meta_id` = 1 LIMIT 1   [ RunTime:0.0000s ]
SQL: SHOW COLUMNS FROM `cies_news_classify` [ RunTime:0.0300s ]
SQL: SELECT * FROM `cies_news_classify` WHERE ( status=1 ) ORDER BY sort desc  [ RunTime:0.0000s ]
SQL: SHOW COLUMNS FROM `cies_product_classify` [ RunTime:0.0160s ]
SQL: SELECT * FROM `cies_product_classify` WHERE `pid` = 0 AND `status` = 1 ORDER BY sort desc  [ RunTime:0.0010s ]
SQL: SELECT * FROM `cies_product_classify` WHERE `pid` <> 0 AND `status` = 1 ORDER BY sort desc  [ RunTime:0.0010s ]
SQL: SHOW COLUMNS FROM `cies_project_classify` [ RunTime:0.0040s ]
SQL: SELECT * FROM `cies_project_classify` WHERE ( status=1 ) ORDER BY sort desc  [ RunTime:0.0010s ]
SQL: SHOW COLUMNS FROM `cies_banner_index` [ RunTime:0.0390s ]
SQL: SELECT * FROM `cies_banner_index` WHERE ( status=1 ) ORDER BY sort desc  [ RunTime:0.0010s ]
SQL: SELECT * FROM `cies_product_classify` WHERE `pid` = 0 AND `status` = 1 ORDER BY sort desc  [ RunTime:0.0010s ]
SQL: SHOW COLUMNS FROM `cies_product` [ RunTime:0.0320s ]
SQL: SELECT * FROM `cies_product` WHERE ( status=1 and showindex=1 ) ORDER BY sort desc,showtime desc LIMIT 5   [ RunTime:0.0020s ]
SQL: SELECT * FROM `cies_news_classify` WHERE ( status=1 ) ORDER BY sort desc  [ RunTime:0.0000s ]
SQL: SHOW COLUMNS FROM `cies_news` [ RunTime:0.0350s ]
SQL: SELECT * FROM `cies_news` WHERE ( status=1 and showindex=1 ) ORDER BY sort desc,showtime desc LIMIT 4   [ RunTime:0.0170s ]
SQL: SHOW COLUMNS FROM `cies_friend` [ RunTime:0.0270s ]
SQL: SELECT * FROM `cies_friend` WHERE ( status=1 ) ORDER BY sort desc  [ RunTime:0.0010s ]
INFO: [ view_parse ] --START--
INFO: [ template_filter ] --START--
INFO: Run Behavior\ContentReplaceBehavior [ RunTime:0.000000s ]
INFO: [ template_filter ] --END-- [ RunTime:0.000000s ]
NOTIC: [8] Undefined variable: data D:\wamp\www\appollo\Application\Runtime\Cache\Home\2a94b8bda04ff446dcedd42276fc99ee.php 第 8 行.
NOTIC: [8] Undefined variable: data D:\wamp\www\appollo\Application\Runtime\Cache\Home\2a94b8bda04ff446dcedd42276fc99ee.php 第 9 行.
NOTIC: [8] Undefined variable: data D:\wamp\www\appollo\Application\Runtime\Cache\Home\2a94b8bda04ff446dcedd42276fc99ee.php 第 10 行.
NOTIC: [8] Undefined variable: data D:\wamp\www\appollo\Application\Runtime\Cache\Home\2a94b8bda04ff446dcedd42276fc99ee.php 第 11 行.
NOTIC: [8] Undefined variable: data D:\wamp\www\appollo\Application\Runtime\Cache\Home\2a94b8bda04ff446dcedd42276fc99ee.php 第 12 行.
NOTIC: [8] Undefined variable: data D:\wamp\www\appollo\Application\Runtime\Cache\Home\2a94b8bda04ff446dcedd42276fc99ee.php 第 13 行.
NOTIC: [8] Use of undefined constant Index - assumed 'Index' D:\wamp\www\appollo\Application\Runtime\Cache\Home\2a94b8bda04ff446dcedd42276fc99ee.php 第 27 行.
NOTIC: [8] Use of undefined constant About - assumed 'About' D:\wamp\www\appollo\Application\Runtime\Cache\Home\2a94b8bda04ff446dcedd42276fc99ee.php 第 31 行.
NOTIC: [8] Use of undefined constant News - assumed 'News' D:\wamp\www\appollo\Application\Runtime\Cache\Home\2a94b8bda04ff446dcedd42276fc99ee.php 第 77 行.
NOTIC: [8] Use of undefined constant Product - assumed 'Product' D:\wamp\www\appollo\Application\Runtime\Cache\Home\2a94b8bda04ff446dcedd42276fc99ee.php 第 115 行.
NOTIC: [8] Use of undefined constant pid - assumed 'pid' D:\wamp\www\appollo\Application\Runtime\Cache\Home\2a94b8bda04ff446dcedd42276fc99ee.php 第 121 行.
NOTIC: [8] Use of undefined constant pid - assumed 'pid' D:\wamp\www\appollo\Application\Runtime\Cache\Home\2a94b8bda04ff446dcedd42276fc99ee.php 第 121 行.
NOTIC: [8] Use of undefined constant pid - assumed 'pid' D:\wamp\www\appollo\Application\Runtime\Cache\Home\2a94b8bda04ff446dcedd42276fc99ee.php 第 121 行.
NOTIC: [8] Use of undefined constant pid - assumed 'pid' D:\wamp\www\appollo\Application\Runtime\Cache\Home\2a94b8bda04ff446dcedd42276fc99ee.php 第 121 行.
NOTIC: [8] Use of undefined constant pid - assumed 'pid' D:\wamp\www\appollo\Application\Runtime\Cache\Home\2a94b8bda04ff446dcedd42276fc99ee.php 第 121 行.
NOTIC: [8] Use of undefined constant pid - assumed 'pid' D:\wamp\www\appollo\Application\Runtime\Cache\Home\2a94b8bda04ff446dcedd42276fc99ee.php 第 121 行.
NOTIC: [8] Use of undefined constant pid - assumed 'pid' D:\wamp\www\appollo\Application\Runtime\Cache\Home\2a94b8bda04ff446dcedd42276fc99ee.php 第 121 行.
NOTIC: [8] Use of undefined constant pid - assumed 'pid' D:\wamp\www\appollo\Application\Runtime\Cache\Home\2a94b8bda04ff446dcedd42276fc99ee.php 第 121 行.
NOTIC: [8] Use of undefined constant pid - assumed 'pid' D:\wamp\www\appollo\Application\Runtime\Cache\Home\2a94b8bda04ff446dcedd42276fc99ee.php 第 121 行.
NOTIC: [8] Use of undefined constant pid - assumed 'pid' D:\wamp\www\appollo\Application\Runtime\Cache\Home\2a94b8bda04ff446dcedd42276fc99ee.php 第 121 行.
NOTIC: [8] Use of undefined constant pid - assumed 'pid' D:\wamp\www\appollo\Application\Runtime\Cache\Home\2a94b8bda04ff446dcedd42276fc99ee.php 第 121 行.
NOTIC: [8] Use of undefined constant pid - assumed 'pid' D:\wamp\www\appollo\Application\Runtime\Cache\Home\2a94b8bda04ff446dcedd42276fc99ee.php 第 121 行.
NOTIC: [8] Use of undefined constant pid - assumed 'pid' D:\wamp\www\appollo\Application\Runtime\Cache\Home\2a94b8bda04ff446dcedd42276fc99ee.php 第 121 行.
NOTIC: [8] Use of undefined constant pid - assumed 'pid' D:\wamp\www\appollo\Application\Runtime\Cache\Home\2a94b8bda04ff446dcedd42276fc99ee.php 第 121 行.
NOTIC: [8] Use of undefined constant pid - assumed 'pid' D:\wamp\www\appollo\Application\Runtime\Cache\Home\2a94b8bda04ff446dcedd42276fc99ee.php 第 121 行.
NOTIC: [8] Use of undefined constant pid - assumed 'pid' D:\wamp\www\appollo\Application\Runtime\Cache\Home\2a94b8bda04ff446dcedd42276fc99ee.php 第 121 行.
NOTIC: [8] Use of undefined constant pid - assumed 'pid' D:\wamp\www\appollo\Application\Runtime\Cache\Home\2a94b8bda04ff446dcedd42276fc99ee.php 第 121 行.
NOTIC: [8] Use of undefined constant pid - assumed 'pid' D:\wamp\www\appollo\Application\Runtime\Cache\Home\2a94b8bda04ff446dcedd42276fc99ee.php 第 121 行.
NOTIC: [8] Use of undefined constant pid - assumed 'pid' D:\wamp\www\appollo\Application\Runtime\Cache\Home\2a94b8bda04ff446dcedd42276fc99ee.php 第 121 行.
NOTIC: [8] Use of undefined constant pid - assumed 'pid' D:\wamp\www\appollo\Application\Runtime\Cache\Home\2a94b8bda04ff446dcedd42276fc99ee.php 第 121 行.
NOTIC: [8] Use of undefined constant pid - assumed 'pid' D:\wamp\www\appollo\Application\Runtime\Cache\Home\2a94b8bda04ff446dcedd42276fc99ee.php 第 121 行.
NOTIC: [8] Use of undefined constant pid - assumed 'pid' D:\wamp\www\appollo\Application\Runtime\Cache\Home\2a94b8bda04ff446dcedd42276fc99ee.php 第 121 行.
NOTIC: [8] Use of undefined constant pid - assumed 'pid' D:\wamp\www\appollo\Application\Runtime\Cache\Home\2a94b8bda04ff446dcedd42276fc99ee.php 第 121 行.
NOTIC: [8] Use of undefined constant pid - assumed 'pid' D:\wamp\www\appollo\Application\Runtime\Cache\Home\2a94b8bda04ff446dcedd42276fc99ee.php 第 121 行.
NOTIC: [8] Use of undefined constant pid - assumed 'pid' D:\wamp\www\appollo\Application\Runtime\Cache\Home\2a94b8bda04ff446dcedd42276fc99ee.php 第 121 行.
NOTIC: [8] Use of undefined constant pid - assumed 'pid' D:\wamp\www\appollo\Application\Runtime\Cache\Home\2a94b8bda04ff446dcedd42276fc99ee.php 第 121 行.
NOTIC: [8] Use of undefined constant pid - assumed 'pid' D:\wamp\www\appollo\Application\Runtime\Cache\Home\2a94b8bda04ff446dcedd42276fc99ee.php 第 121 行.
NOTIC: [8] Use of undefined constant pid - assumed 'pid' D:\wamp\www\appollo\Application\Runtime\Cache\Home\2a94b8bda04ff446dcedd42276fc99ee.php 第 121 行.
NOTIC: [8] Use of undefined constant pid - assumed 'pid' D:\wamp\www\appollo\Application\Runtime\Cache\Home\2a94b8bda04ff446dcedd42276fc99ee.php 第 121 行.
NOTIC: [8] Use of undefined constant pid - assumed 'pid' D:\wamp\www\appollo\Application\Runtime\Cache\Home\2a94b8bda04ff446dcedd42276fc99ee.php 第 121 行.
NOTIC: [8] Use of undefined constant pid - assumed 'pid' D:\wamp\www\appollo\Application\Runtime\Cache\Home\2a94b8bda04ff446dcedd42276fc99ee.php 第 121 行.
NOTIC: [8] Use of undefined constant pid - assumed 'pid' D:\wamp\www\appollo\Application\Runtime\Cache\Home\2a94b8bda04ff446dcedd42276fc99ee.php 第 121 行.
NOTIC: [8] Use of undefined constant pid - assumed 'pid' D:\wamp\www\appollo\Application\Runtime\Cache\Home\2a94b8bda04ff446dcedd42276fc99ee.php 第 121 行.
NOTIC: [8] Use of undefined constant pid - assumed 'pid' D:\wamp\www\appollo\Application\Runtime\Cache\Home\2a94b8bda04ff446dcedd42276fc99ee.php 第 121 行.
NOTIC: [8] Use of undefined constant pid - assumed 'pid' D:\wamp\www\appollo\Application\Runtime\Cache\Home\2a94b8bda04ff446dcedd42276fc99ee.php 第 121 行.
NOTIC: [8] Use of undefined constant pid - assumed 'pid' D:\wamp\www\appollo\Application\Runtime\Cache\Home\2a94b8bda04ff446dcedd42276fc99ee.php 第 121 行.
NOTIC: [8] Use of undefined constant pid - assumed 'pid' D:\wamp\www\appollo\Application\Runtime\Cache\Home\2a94b8bda04ff446dcedd42276fc99ee.php 第 121 行.
NOTIC: [8] Use of undefined constant pid - assumed 'pid' D:\wamp\www\appollo\Application\Runtime\Cache\Home\2a94b8bda04ff446dcedd42276fc99ee.php 第 121 行.
NOTIC: [8] Use of undefined constant pid - assumed 'pid' D:\wamp\www\appollo\Application\Runtime\Cache\Home\2a94b8bda04ff446dcedd42276fc99ee.php 第 121 行.
NOTIC: [8] Use of undefined constant pid - assumed 'pid' D:\wamp\www\appollo\Application\Runtime\Cache\Home\2a94b8bda04ff446dcedd42276fc99ee.php 第 121 行.
NOTIC: [8] Use of undefined constant pid - assumed 'pid' D:\wamp\www\appollo\Application\Runtime\Cache\Home\2a94b8bda04ff446dcedd42276fc99ee.php 第 121 行.
NOTIC: [8] Use of undefined constant pid - assumed 'pid' D:\wamp\www\appollo\Application\Runtime\Cache\Home\2a94b8bda04ff446dcedd42276fc99ee.php 第 121 行.
NOTIC: [8] Use of undefined constant pid - assumed 'pid' D:\wamp\www\appollo\Application\Runtime\Cache\Home\2a94b8bda04ff446dcedd42276fc99ee.php 第 121 行.
NOTIC: [8] Use of undefined constant pid - assumed 'pid' D:\wamp\www\appollo\Application\Runtime\Cache\Home\2a94b8bda04ff446dcedd42276fc99ee.php 第 121 行.
NOTIC: [8] Use of undefined constant pid - assumed 'pid' D:\wamp\www\appollo\Application\Runtime\Cache\Home\2a94b8bda04ff446dcedd42276fc99ee.php 第 121 行.
NOTIC: [8] Use of undefined constant pid - assumed 'pid' D:\wamp\www\appollo\Application\Runtime\Cache\Home\2a94b8bda04ff446dcedd42276fc99ee.php 第 121 行.
NOTIC: [8] Use of undefined constant pid - assumed 'pid' D:\wamp\www\appollo\Application\Runtime\Cache\Home\2a94b8bda04ff446dcedd42276fc99ee.php 第 121 行.
NOTIC: [8] Use of undefined constant pid - assumed 'pid' D:\wamp\www\appollo\Application\Runtime\Cache\Home\2a94b8bda04ff446dcedd42276fc99ee.php 第 121 行.
NOTIC: [8] Use of undefined constant pid - assumed 'pid' D:\wamp\www\appollo\Application\Runtime\Cache\Home\2a94b8bda04ff446dcedd42276fc99ee.php 第 121 行.
NOTIC: [8] Use of undefined constant pid - assumed 'pid' D:\wamp\www\appollo\Application\Runtime\Cache\Home\2a94b8bda04ff446dcedd42276fc99ee.php 第 121 行.
NOTIC: [8] Use of undefined constant pid - assumed 'pid' D:\wamp\www\appollo\Application\Runtime\Cache\Home\2a94b8bda04ff446dcedd42276fc99ee.php 第 121 行.
NOTIC: [8] Use of undefined constant pid - assumed 'pid' D:\wamp\www\appollo\Application\Runtime\Cache\Home\2a94b8bda04ff446dcedd42276fc99ee.php 第 121 行.
NOTIC: [8] Use of undefined constant pid - assumed 'pid' D:\wamp\www\appollo\Application\Runtime\Cache\Home\2a94b8bda04ff446dcedd42276fc99ee.php 第 121 行.
NOTIC: [8] Use of undefined constant pid - assumed 'pid' D:\wamp\www\appollo\Application\Runtime\Cache\Home\2a94b8bda04ff446dcedd42276fc99ee.php 第 121 行.
NOTIC: [8] Use of undefined constant pid - assumed 'pid' D:\wamp\www\appollo\Application\Runtime\Cache\Home\2a94b8bda04ff446dcedd42276fc99ee.php 第 121 行.
NOTIC: [8] Use of undefined constant pid - assumed 'pid' D:\wamp\www\appollo\Application\Runtime\Cache\Home\2a94b8bda04ff446dcedd42276fc99ee.php 第 121 行.
NOTIC: [8] Use of undefined constant pid - assumed 'pid' D:\wamp\www\appollo\Application\Runtime\Cache\Home\2a94b8bda04ff446dcedd42276fc99ee.php 第 121 行.
NOTIC: [8] Use of undefined constant pid - assumed 'pid' D:\wamp\www\appollo\Application\Runtime\Cache\Home\2a94b8bda04ff446dcedd42276fc99ee.php 第 121 行.
NOTIC: [8] Use of undefined constant pid - assumed 'pid' D:\wamp\www\appollo\Application\Runtime\Cache\Home\2a94b8bda04ff446dcedd42276fc99ee.php 第 121 行.
NOTIC: [8] Use of undefined constant pid - assumed 'pid' D:\wamp\www\appollo\Application\Runtime\Cache\Home\2a94b8bda04ff446dcedd42276fc99ee.php 第 121 行.
NOTIC: [8] Use of undefined constant pid - assumed 'pid' D:\wamp\www\appollo\Application\Runtime\Cache\Home\2a94b8bda04ff446dcedd42276fc99ee.php 第 121 行.
NOTIC: [8] Use of undefined constant pid - assumed 'pid' D:\wamp\www\appollo\Application\Runtime\Cache\Home\2a94b8bda04ff446dcedd42276fc99ee.php 第 121 行.
NOTIC: [8] Use of undefined constant pid - assumed 'pid' D:\wamp\www\appollo\Application\Runtime\Cache\Home\2a94b8bda04ff446dcedd42276fc99ee.php 第 121 行.
NOTIC: [8] Use of undefined constant pid - assumed 'pid' D:\wamp\www\appollo\Application\Runtime\Cache\Home\2a94b8bda04ff446dcedd42276fc99ee.php 第 121 行.
NOTIC: [8] Use of undefined constant pid - assumed 'pid' D:\wamp\www\appollo\Application\Runtime\Cache\Home\2a94b8bda04ff446dcedd42276fc99ee.php 第 121 行.
NOTIC: [8] Use of undefined constant pid - assumed 'pid' D:\wamp\www\appollo\Application\Runtime\Cache\Home\2a94b8bda04ff446dcedd42276fc99ee.php 第 121 行.
NOTIC: [8] Use of undefined constant pid - assumed 'pid' D:\wamp\www\appollo\Application\Runtime\Cache\Home\2a94b8bda04ff446dcedd42276fc99ee.php 第 121 行.
NOTIC: [8] Use of undefined constant pid - assumed 'pid' D:\wamp\www\appollo\Application\Runtime\Cache\Home\2a94b8bda04ff446dcedd42276fc99ee.php 第 121 行.
NOTIC: [8] Use of undefined constant pid - assumed 'pid' D:\wamp\www\appollo\Application\Runtime\Cache\Home\2a94b8bda04ff446dcedd42276fc99ee.php 第 121 行.
NOTIC: [8] Use of undefined constant pid - assumed 'pid' D:\wamp\www\appollo\Application\Runtime\Cache\Home\2a94b8bda04ff446dcedd42276fc99ee.php 第 121 行.
NOTIC: [8] Use of undefined constant pid - assumed 'pid' D:\wamp\www\appollo\Application\Runtime\Cache\Home\2a94b8bda04ff446dcedd42276fc99ee.php 第 121 行.
NOTIC: [8] Use of undefined constant pid - assumed 'pid' D:\wamp\www\appollo\Application\Runtime\Cache\Home\2a94b8bda04ff446dcedd42276fc99ee.php 第 121 行.
NOTIC: [8] Use of undefined constant pid - assumed 'pid' D:\wamp\www\appollo\Application\Runtime\Cache\Home\2a94b8bda04ff446dcedd42276fc99ee.php 第 121 行.
NOTIC: [8] Use of undefined constant pid - assumed 'pid' D:\wamp\www\appollo\Application\Runtime\Cache\Home\2a94b8bda04ff446dcedd42276fc99ee.php 第 121 行.
NOTIC: [8] Use of undefined constant pid - assumed 'pid' D:\wamp\www\appollo\Application\Runtime\Cache\Home\2a94b8bda04ff446dcedd42276fc99ee.php 第 121 行.
NOTIC: [8] Use of undefined constant pid - assumed 'pid' D:\wamp\www\appollo\Application\Runtime\Cache\Home\2a94b8bda04ff446dcedd42276fc99ee.php 第 121 行.
NOTIC: [8] Use of undefined constant pid - assumed 'pid' D:\wamp\www\appollo\Application\Runtime\Cache\Home\2a94b8bda04ff446dcedd42276fc99ee.php 第 121 行.
NOTIC: [8] Use of undefined constant pid - assumed 'pid' D:\wamp\www\appollo\Application\Runtime\Cache\Home\2a94b8bda04ff446dcedd42276fc99ee.php 第 121 行.
NOTIC: [8] Use of undefined constant pid - assumed 'pid' D:\wamp\www\appollo\Application\Runtime\Cache\Home\2a94b8bda04ff446dcedd42276fc99ee.php 第 121 行.
NOTIC: [8] Use of undefined constant pid - assumed 'pid' D:\wamp\www\appollo\Application\Runtime\Cache\Home\2a94b8bda04ff446dcedd42276fc99ee.php 第 121 行.
NOTIC: [8] Use of undefined constant pid - assumed 'pid' D:\wamp\www\appollo\Application\Runtime\Cache\Home\2a94b8bda04ff446dcedd42276fc99ee.php 第 121 行.
NOTIC: [8] Use of undefined constant pid - assumed 'pid' D:\wamp\www\appollo\Application\Runtime\Cache\Home\2a94b8bda04ff446dcedd42276fc99ee.php 第 121 行.
NOTIC: [8] Use of undefined constant pid - assumed 'pid' D:\wamp\www\appollo\Application\Runtime\Cache\Home\2a94b8bda04ff446dcedd42276fc99ee.php 第 121 行.
NOTIC: [8] Use of undefined constant pid - assumed 'pid' D:\wamp\www\appollo\Application\Runtime\Cache\Home\2a94b8bda04ff446dcedd42276fc99ee.php 第 121 行.
NOTIC: [8] Use of undefined constant pid - assumed 'pid' D:\wamp\www\appollo\Application\Runtime\Cache\Home\2a94b8bda04ff446dcedd42276fc99ee.php 第 121 行.
NOTIC: [8] Use of undefined constant pid - assumed 'pid' D:\wamp\www\appollo\Application\Runtime\Cache\Home\2a94b8bda04ff446dcedd42276fc99ee.php 第 121 行.
NOTIC: [8] Use of undefined constant pid - assumed 'pid' D:\wamp\www\appollo\Application\Runtime\Cache\Home\2a94b8bda04ff446dcedd42276fc99ee.php 第 121 行.
NOTIC: [8] Use of undefined constant pid - assumed 'pid' D:\wamp\www\appollo\Application\Runtime\Cache\Home\2a94b8bda04ff446dcedd42276fc99ee.php 第 121 行.
NOTIC: [8] Use of undefined constant pid - assumed 'pid' D:\wamp\www\appollo\Application\Runtime\Cache\Home\2a94b8bda04ff446dcedd42276fc99ee.php 第 121 行.
NOTIC: [8] Use of undefined constant pid - assumed 'pid' D:\wamp\www\appollo\Application\Runtime\Cache\Home\2a94b8bda04ff446dcedd42276fc99ee.php 第 121 行.
NOTIC: [8] Use of undefined constant pid - assumed 'pid' D:\wamp\www\appollo\Application\Runtime\Cache\Home\2a94b8bda04ff446dcedd42276fc99ee.php 第 121 行.
NOTIC: [8] Use of undefined constant pid - assumed 'pid' D:\wamp\www\appollo\Application\Runtime\Cache\Home\2a94b8bda04ff446dcedd42276fc99ee.php 第 121 行.
NOTIC: [8] Use of undefined constant pid - assumed 'pid' D:\wamp\www\appollo\Application\Runtime\Cache\Home\2a94b8bda04ff446dcedd42276fc99ee.php 第 121 行.
NOTIC: [8] Use of undefined constant pid - assumed 'pid' D:\wamp\www\appollo\Application\Runtime\Cache\Home\2a94b8bda04ff446dcedd42276fc99ee.php 第 121 行.
NOTIC: [8] Use of undefined constant pid - assumed 'pid' D:\wamp\www\appollo\Application\Runtime\Cache\Home\2a94b8bda04ff446dcedd42276fc99ee.php 第 121 行.
NOTIC: [8] Use of undefined constant pid - assumed 'pid' D:\wamp\www\appollo\Application\Runtime\Cache\Home\2a94b8bda04ff446dcedd42276fc99ee.php 第 121 行.
NOTIC: [8] Use of undefined constant pid - assumed 'pid' D:\wamp\www\appollo\Application\Runtime\Cache\Home\2a94b8bda04ff446dcedd42276fc99ee.php 第 121 行.
NOTIC: [8] Use of undefined constant pid - assumed 'pid' D:\wamp\www\appollo\Application\Runtime\Cache\Home\2a94b8bda04ff446dcedd42276fc99ee.php 第 121 行.
NOTIC: [8] Use of undefined constant pid - assumed 'pid' D:\wamp\www\appollo\Application\Runtime\Cache\Home\2a94b8bda04ff446dcedd42276fc99ee.php 第 121 行.
NOTIC: [8] Use of undefined constant pid - assumed 'pid' D:\wamp\www\appollo\Application\Runtime\Cache\Home\2a94b8bda04ff446dcedd42276fc99ee.php 第 121 行.
NOTIC: [8] Use of undefined constant pid - assumed 'pid' D:\wamp\www\appollo\Application\Runtime\Cache\Home\2a94b8bda04ff446dcedd42276fc99ee.php 第 121 行.
NOTIC: [8] Use of undefined constant pid - assumed 'pid' D:\wamp\www\appollo\Application\Runtime\Cache\Home\2a94b8bda04ff446dcedd42276fc99ee.php 第 121 行.
NOTIC: [8] Use of undefined constant pid - assumed 'pid' D:\wamp\www\appollo\Application\Runtime\Cache\Home\2a94b8bda04ff446dcedd42276fc99ee.php 第 121 行.
NOTIC: [8] Use of undefined constant pid - assumed 'pid' D:\wamp\www\appollo\Application\Runtime\Cache\Home\2a94b8bda04ff446dcedd42276fc99ee.php 第 121 行.
NOTIC: [8] Use of undefined constant pid - assumed 'pid' D:\wamp\www\appollo\Application\Runtime\Cache\Home\2a94b8bda04ff446dcedd42276fc99ee.php 第 121 行.
NOTIC: [8] Use of undefined constant pid - assumed 'pid' D:\wamp\www\appollo\Application\Runtime\Cache\Home\2a94b8bda04ff446dcedd42276fc99ee.php 第 121 行.
NOTIC: [8] Use of undefined constant pid - assumed 'pid' D:\wamp\www\appollo\Application\Runtime\Cache\Home\2a94b8bda04ff446dcedd42276fc99ee.php 第 121 行.
NOTIC: [8] Use of undefined constant pid - assumed 'pid' D:\wamp\www\appollo\Application\Runtime\Cache\Home\2a94b8bda04ff446dcedd42276fc99ee.php 第 121 行.
NOTIC: [8] Use of undefined constant pid - assumed 'pid' D:\wamp\www\appollo\Application\Runtime\Cache\Home\2a94b8bda04ff446dcedd42276fc99ee.php 第 121 行.
NOTIC: [8] Use of undefined constant pid - assumed 'pid' D:\wamp\www\appollo\Application\Runtime\Cache\Home\2a94b8bda04ff446dcedd42276fc99ee.php 第 121 行.
NOTIC: [8] Use of undefined constant pid - assumed 'pid' D:\wamp\www\appollo\Application\Runtime\Cache\Home\2a94b8bda04ff446dcedd42276fc99ee.php 第 121 行.
NOTIC: [8] Use of undefined constant pid - assumed 'pid' D:\wamp\www\appollo\Application\Runtime\Cache\Home\2a94b8bda04ff446dcedd42276fc99ee.php 第 121 行.
NOTIC: [8] Use of undefined constant pid - assumed 'pid' D:\wamp\www\appollo\Application\Runtime\Cache\Home\2a94b8bda04ff446dcedd42276fc99ee.php 第 121 行.
NOTIC: [8] Use of undefined constant pid - assumed 'pid' D:\wamp\www\appollo\Application\Runtime\Cache\Home\2a94b8bda04ff446dcedd42276fc99ee.php 第 121 行.
NOTIC: [8] Use of undefined constant pid - assumed 'pid' D:\wamp\www\appollo\Application\Runtime\Cache\Home\2a94b8bda04ff446dcedd42276fc99ee.php 第 121 行.
NOTIC: [8] Use of undefined constant pid - assumed 'pid' D:\wamp\www\appollo\Application\Runtime\Cache\Home\2a94b8bda04ff446dcedd42276fc99ee.php 第 121 行.
NOTIC: [8] Use of undefined constant pid - assumed 'pid' D:\wamp\www\appollo\Application\Runtime\Cache\Home\2a94b8bda04ff446dcedd42276fc99ee.php 第 121 行.
NOTIC: [8] Use of undefined constant pid - assumed 'pid' D:\wamp\www\appollo\Application\Runtime\Cache\Home\2a94b8bda04ff446dcedd42276fc99ee.php 第 121 行.
NOTIC: [8] Use of undefined constant pid - assumed 'pid' D:\wamp\www\appollo\Application\Runtime\Cache\Home\2a94b8bda04ff446dcedd42276fc99ee.php 第 121 行.
NOTIC: [8] Use of undefined constant pid - assumed 'pid' D:\wamp\www\appollo\Application\Runtime\Cache\Home\2a94b8bda04ff446dcedd42276fc99ee.php 第 121 行.
NOTIC: [8] Use of undefined constant pid - assumed 'pid' D:\wamp\www\appollo\Application\Runtime\Cache\Home\2a94b8bda04ff446dcedd42276fc99ee.php 第 121 行.
NOTIC: [8] Use of undefined constant pid - assumed 'pid' D:\wamp\www\appollo\Application\Runtime\Cache\Home\2a94b8bda04ff446dcedd42276fc99ee.php 第 121 行.
NOTIC: [8] Use of undefined constant pid - assumed 'pid' D:\wamp\www\appollo\Application\Runtime\Cache\Home\2a94b8bda04ff446dcedd42276fc99ee.php 第 121 行.
NOTIC: [8] Use of undefined constant pid - assumed 'pid' D:\wamp\www\appollo\Application\Runtime\Cache\Home\2a94b8bda04ff446dcedd42276fc99ee.php 第 121 行.
NOTIC: [8] Use of undefined constant pid - assumed 'pid' D:\wamp\www\appollo\Application\Runtime\Cache\Home\2a94b8bda04ff446dcedd42276fc99ee.php 第 121 行.
NOTIC: [8] Use of undefined constant pid - assumed 'pid' D:\wamp\www\appollo\Application\Runtime\Cache\Home\2a94b8bda04ff446dcedd42276fc99ee.php 第 121 行.
NOTIC: [8] Use of undefined constant pid - assumed 'pid' D:\wamp\www\appollo\Application\Runtime\Cache\Home\2a94b8bda04ff446dcedd42276fc99ee.php 第 121 行.
NOTIC: [8] Use of undefined constant pid - assumed 'pid' D:\wamp\www\appollo\Application\Runtime\Cache\Home\2a94b8bda04ff446dcedd42276fc99ee.php 第 121 行.
NOTIC: [8] Use of undefined constant pid - assumed 'pid' D:\wamp\www\appollo\Application\Runtime\Cache\Home\2a94b8bda04ff446dcedd42276fc99ee.php 第 121 行.
NOTIC: [8] Use of undefined constant pid - assumed 'pid' D:\wamp\www\appollo\Application\Runtime\Cache\Home\2a94b8bda04ff446dcedd42276fc99ee.php 第 121 行.
NOTIC: [8] Use of undefined constant pid - assumed 'pid' D:\wamp\www\appollo\Application\Runtime\Cache\Home\2a94b8bda04ff446dcedd42276fc99ee.php 第 121 行.
NOTIC: [8] Use of undefined constant pid - assumed 'pid' D:\wamp\www\appollo\Application\Runtime\Cache\Home\2a94b8bda04ff446dcedd42276fc99ee.php 第 121 行.
NOTIC: [8] Use of undefined constant pid - assumed 'pid' D:\wamp\www\appollo\Application\Runtime\Cache\Home\2a94b8bda04ff446dcedd42276fc99ee.php 第 121 行.
NOTIC: [8] Use of undefined constant pid - assumed 'pid' D:\wamp\www\appollo\Application\Runtime\Cache\Home\2a94b8bda04ff446dcedd42276fc99ee.php 第 121 行.
NOTIC: [8] Use of undefined constant pid - assumed 'pid' D:\wamp\www\appollo\Application\Runtime\Cache\Home\2a94b8bda04ff446dcedd42276fc99ee.php 第 121 行.
NOTIC: [8] Use of undefined constant pid - assumed 'pid' D:\wamp\www\appollo\Application\Runtime\Cache\Home\2a94b8bda04ff446dcedd42276fc99ee.php 第 121 行.
NOTIC: [8] Use of undefined constant pid - assumed 'pid' D:\wamp\www\appollo\Application\Runtime\Cache\Home\2a94b8bda04ff446dcedd42276fc99ee.php 第 121 行.
NOTIC: [8] Use of undefined constant pid - assumed 'pid' D:\wamp\www\appollo\Application\Runtime\Cache\Home\2a94b8bda04ff446dcedd42276fc99ee.php 第 121 行.
NOTIC: [8] Use of undefined constant pid - assumed 'pid' D:\wamp\www\appollo\Application\Runtime\Cache\Home\2a94b8bda04ff446dcedd42276fc99ee.php 第 121 行.
NOTIC: [8] Use of undefined constant pid - assumed 'pid' D:\wamp\www\appollo\Application\Runtime\Cache\Home\2a94b8bda04ff446dcedd42276fc99ee.php 第 121 行.
NOTIC: [8] Use of undefined constant pid - assumed 'pid' D:\wamp\www\appollo\Application\Runtime\Cache\Home\2a94b8bda04ff446dcedd42276fc99ee.php 第 121 行.
NOTIC: [8] Use of undefined constant pid - assumed 'pid' D:\wamp\www\appollo\Application\Runtime\Cache\Home\2a94b8bda04ff446dcedd42276fc99ee.php 第 121 行.
NOTIC: [8] Use of undefined constant pid - assumed 'pid' D:\wamp\www\appollo\Application\Runtime\Cache\Home\2a94b8bda04ff446dcedd42276fc99ee.php 第 121 行.
NOTIC: [8] Use of undefined constant pid - assumed 'pid' D:\wamp\www\appollo\Application\Runtime\Cache\Home\2a94b8bda04ff446dcedd42276fc99ee.php 第 121 行.
NOTIC: [8] Use of undefined constant pid - assumed 'pid' D:\wamp\www\appollo\Application\Runtime\Cache\Home\2a94b8bda04ff446dcedd42276fc99ee.php 第 121 行.
NOTIC: [8] Use of undefined constant pid - assumed 'pid' D:\wamp\www\appollo\Application\Runtime\Cache\Home\2a94b8bda04ff446dcedd42276fc99ee.php 第 121 行.
NOTIC: [8] Use of undefined constant pid - assumed 'pid' D:\wamp\www\appollo\Application\Runtime\Cache\Home\2a94b8bda04ff446dcedd42276fc99ee.php 第 121 行.
NOTIC: [8] Use of undefined constant pid - assumed 'pid' D:\wamp\www\appollo\Application\Runtime\Cache\Home\2a94b8bda04ff446dcedd42276fc99ee.php 第 121 行.
NOTIC: [8] Use of undefined constant pid - assumed 'pid' D:\wamp\www\appollo\Application\Runtime\Cache\Home\2a94b8bda04ff446dcedd42276fc99ee.php 第 121 行.
NOTIC: [8] Use of undefined constant pid - assumed 'pid' D:\wamp\www\appollo\Application\Runtime\Cache\Home\2a94b8bda04ff446dcedd42276fc99ee.php 第 121 行.
NOTIC: [8] Use of undefined constant pid - assumed 'pid' D:\wamp\www\appollo\Application\Runtime\Cache\Home\2a94b8bda04ff446dcedd42276fc99ee.php 第 121 行.
NOTIC: [8] Use of undefined constant pid - assumed 'pid' D:\wamp\www\appollo\Application\Runtime\Cache\Home\2a94b8bda04ff446dcedd42276fc99ee.php 第 121 行.
NOTIC: [8] Use of undefined constant pid - assumed 'pid' D:\wamp\www\appollo\Application\Runtime\Cache\Home\2a94b8bda04ff446dcedd42276fc99ee.php 第 121 行.
NOTIC: [8] Use of undefined constant pid - assumed 'pid' D:\wamp\www\appollo\Application\Runtime\Cache\Home\2a94b8bda04ff446dcedd42276fc99ee.php 第 121 行.
NOTIC: [8] Use of undefined constant pid - assumed 'pid' D:\wamp\www\appollo\Application\Runtime\Cache\Home\2a94b8bda04ff446dcedd42276fc99ee.php 第 121 行.
NOTIC: [8] Use of undefined constant pid - assumed 'pid' D:\wamp\www\appollo\Application\Runtime\Cache\Home\2a94b8bda04ff446dcedd42276fc99ee.php 第 121 行.
NOTIC: [8] Use of undefined constant pid - assumed 'pid' D:\wamp\www\appollo\Application\Runtime\Cache\Home\2a94b8bda04ff446dcedd42276fc99ee.php 第 121 行.
NOTIC: [8] Use of undefined constant pid - assumed 'pid' D:\wamp\www\appollo\Application\Runtime\Cache\Home\2a94b8bda04ff446dcedd42276fc99ee.php 第 121 行.
NOTIC: [8] Use of undefined constant pid - assumed 'pid' D:\wamp\www\appollo\Application\Runtime\Cache\Home\2a94b8bda04ff446dcedd42276fc99ee.php 第 121 行.
NOTIC: [8] Use of undefined constant pid - assumed 'pid' D:\wamp\www\appollo\Application\Runtime\Cache\Home\2a94b8bda04ff446dcedd42276fc99ee.php 第 121 行.
NOTIC: [8] Use of undefined constant pid - assumed 'pid' D:\wamp\www\appollo\Application\Runtime\Cache\Home\2a94b8bda04ff446dcedd42276fc99ee.php 第 121 行.
NOTIC: [8] Use of undefined constant pid - assumed 'pid' D:\wamp\www\appollo\Application\Runtime\Cache\Home\2a94b8bda04ff446dcedd42276fc99ee.php 第 121 行.
NOTIC: [8] Use of undefined constant pid - assumed 'pid' D:\wamp\www\appollo\Application\Runtime\Cache\Home\2a94b8bda04ff446dcedd42276fc99ee.php 第 121 行.
NOTIC: [8] Use of undefined constant pid - assumed 'pid' D:\wamp\www\appollo\Application\Runtime\Cache\Home\2a94b8bda04ff446dcedd42276fc99ee.php 第 121 行.
NOTIC: [8] Use of undefined constant pid - assumed 'pid' D:\wamp\www\appollo\Application\Runtime\Cache\Home\2a94b8bda04ff446dcedd42276fc99ee.php 第 121 行.
NOTIC: [8] Use of undefined constant pid - assumed 'pid' D:\wamp\www\appollo\Application\Runtime\Cache\Home\2a94b8bda04ff446dcedd42276fc99ee.php 第 121 行.
NOTIC: [8] Use of undefined constant pid - assumed 'pid' D:\wamp\www\appollo\Application\Runtime\Cache\Home\2a94b8bda04ff446dcedd42276fc99ee.php 第 121 行.
NOTIC: [8] Use of undefined constant pid - assumed 'pid' D:\wamp\www\appollo\Application\Runtime\Cache\Home\2a94b8bda04ff446dcedd42276fc99ee.php 第 121 行.
NOTIC: [8] Use of undefined constant pid - assumed 'pid' D:\wamp\www\appollo\Application\Runtime\Cache\Home\2a94b8bda04ff446dcedd42276fc99ee.php 第 121 行.
NOTIC: [8] Use of undefined constant pid - assumed 'pid' D:\wamp\www\appollo\Application\Runtime\Cache\Home\2a94b8bda04ff446dcedd42276fc99ee.php 第 121 行.
NOTIC: [8] Use of undefined constant pid - assumed 'pid' D:\wamp\www\appollo\Application\Runtime\Cache\Home\2a94b8bda04ff446dcedd42276fc99ee.php 第 121 行.
NOTIC: [8] Use of undefined constant pid - assumed 'pid' D:\wamp\www\appollo\Application\Runtime\Cache\Home\2a94b8bda04ff446dcedd42276fc99ee.php 第 121 行.
NOTIC: [8] Use of undefined constant pid - assumed 'pid' D:\wamp\www\appollo\Application\Runtime\Cache\Home\2a94b8bda04ff446dcedd42276fc99ee.php 第 121 行.
NOTIC: [8] Use of undefined constant pid - assumed 'pid' D:\wamp\www\appollo\Application\Runtime\Cache\Home\2a94b8bda04ff446dcedd42276fc99ee.php 第 121 行.
NOTIC: [8] Use of undefined constant pid - assumed 'pid' D:\wamp\www\appollo\Application\Runtime\Cache\Home\2a94b8bda04ff446dcedd42276fc99ee.php 第 121 行.
NOTIC: [8] Use of undefined constant pid - assumed 'pid' D:\wamp\www\appollo\Application\Runtime\Cache\Home\2a94b8bda04ff446dcedd42276fc99ee.php 第 121 行.
NOTIC: [8] Use of undefined constant pid - assumed 'pid' D:\wamp\www\appollo\Application\Runtime\Cache\Home\2a94b8bda04ff446dcedd42276fc99ee.php 第 121 行.
NOTIC: [8] Use of undefined constant pid - assumed 'pid' D:\wamp\www\appollo\Application\Runtime\Cache\Home\2a94b8bda04ff446dcedd42276fc99ee.php 第 121 行.
NOTIC: [8] Use of undefined constant pid - assumed 'pid' D:\wamp\www\appollo\Application\Runtime\Cache\Home\2a94b8bda04ff446dcedd42276fc99ee.php 第 121 行.
NOTIC: [8] Use of undefined constant pid - assumed 'pid' D:\wamp\www\appollo\Application\Runtime\Cache\Home\2a94b8bda04ff446dcedd42276fc99ee.php 第 121 行.
NOTIC: [8] Use of undefined constant pid - assumed 'pid' D:\wamp\www\appollo\Application\Runtime\Cache\Home\2a94b8bda04ff446dcedd42276fc99ee.php 第 121 行.
NOTIC: [8] Use of undefined constant pid - assumed 'pid' D:\wamp\www\appollo\Application\Runtime\Cache\Home\2a94b8bda04ff446dcedd42276fc99ee.php 第 121 行.
NOTIC: [8] Use of undefined constant pid - assumed 'pid' D:\wamp\www\appollo\Application\Runtime\Cache\Home\2a94b8bda04ff446dcedd42276fc99ee.php 第 121 行.
NOTIC: [8] Use of undefined constant pid - assumed 'pid' D:\wamp\www\appollo\Application\Runtime\Cache\Home\2a94b8bda04ff446dcedd42276fc99ee.php 第 121 行.
NOTIC: [8] Use of undefined constant pid - assumed 'pid' D:\wamp\www\appollo\Application\Runtime\Cache\Home\2a94b8bda04ff446dcedd42276fc99ee.php 第 121 行.
NOTIC: [8] Use of undefined constant pid - assumed 'pid' D:\wamp\www\appollo\Application\Runtime\Cache\Home\2a94b8bda04ff446dcedd42276fc99ee.php 第 121 行.
NOTIC: [8] Use of undefined constant pid - assumed 'pid' D:\wamp\www\appollo\Application\Runtime\Cache\Home\2a94b8bda04ff446dcedd42276fc99ee.php 第 121 行.
NOTIC: [8] Use of undefined constant pid - assumed 'pid' D:\wamp\www\appollo\Application\Runtime\Cache\Home\2a94b8bda04ff446dcedd42276fc99ee.php 第 121 行.
NOTIC: [8] Use of undefined constant pid - assumed 'pid' D:\wamp\www\appollo\Application\Runtime\Cache\Home\2a94b8bda04ff446dcedd42276fc99ee.php 第 121 行.
NOTIC: [8] Use of undefined constant pid - assumed 'pid' D:\wamp\www\appollo\Application\Runtime\Cache\Home\2a94b8bda04ff446dcedd42276fc99ee.php 第 121 行.
NOTIC: [8] Use of undefined constant pid - assumed 'pid' D:\wamp\www\appollo\Application\Runtime\Cache\Home\2a94b8bda04ff446dcedd42276fc99ee.php 第 121 行.
NOTIC: [8] Use of undefined constant pid - assumed 'pid' D:\wamp\www\appollo\Application\Runtime\Cache\Home\2a94b8bda04ff446dcedd42276fc99ee.php 第 121 行.
NOTIC: [8] Use of undefined constant pid - assumed 'pid' D:\wamp\www\appollo\Application\Runtime\Cache\Home\2a94b8bda04ff446dcedd42276fc99ee.php 第 121 行.
NOTIC: [8] Use of undefined constant pid - assumed 'pid' D:\wamp\www\appollo\Application\Runtime\Cache\Home\2a94b8bda04ff446dcedd42276fc99ee.php 第 121 行.
NOTIC: [8] Use of undefined constant pid - assumed 'pid' D:\wamp\www\appollo\Application\Runtime\Cache\Home\2a94b8bda04ff446dcedd42276fc99ee.php 第 121 行.
NOTIC: [8] Use of undefined constant pid - assumed 'pid' D:\wamp\www\appollo\Application\Runtime\Cache\Home\2a94b8bda04ff446dcedd42276fc99ee.php 第 121 行.
NOTIC: [8] Use of undefined constant pid - assumed 'pid' D:\wamp\www\appollo\Application\Runtime\Cache\Home\2a94b8bda04ff446dcedd42276fc99ee.php 第 121 行.
NOTIC: [8] Use of undefined constant pid - assumed 'pid' D:\wamp\www\appollo\Application\Runtime\Cache\Home\2a94b8bda04ff446dcedd42276fc99ee.php 第 121 行.
NOTIC: [8] Use of undefined constant pid - assumed 'pid' D:\wamp\www\appollo\Application\Runtime\Cache\Home\2a94b8bda04ff446dcedd42276fc99ee.php 第 121 行.
NOTIC: [8] Use of undefined constant pid - assumed 'pid' D:\wamp\www\appollo\Application\Runtime\Cache\Home\2a94b8bda04ff446dcedd42276fc99ee.php 第 121 行.
NOTIC: [8] Use of undefined constant pid - assumed 'pid' D:\wamp\www\appollo\Application\Runtime\Cache\Home\2a94b8bda04ff446dcedd42276fc99ee.php 第 121 行.
NOTIC: [8] Use of undefined constant pid - assumed 'pid' D:\wamp\www\appollo\Application\Runtime\Cache\Home\2a94b8bda04ff446dcedd42276fc99ee.php 第 121 行.
NOTIC: [8] Use of undefined constant pid - assumed 'pid' D:\wamp\www\appollo\Application\Runtime\Cache\Home\2a94b8bda04ff446dcedd42276fc99ee.php 第 121 行.
NOTIC: [8] Use of undefined constant pid - assumed 'pid' D:\wamp\www\appollo\Application\Runtime\Cache\Home\2a94b8bda04ff446dcedd42276fc99ee.php 第 121 行.
NOTIC: [8] Use of undefined constant pid - assumed 'pid' D:\wamp\www\appollo\Application\Runtime\Cache\Home\2a94b8bda04ff446dcedd42276fc99ee.php 第 121 行.
NOTIC: [8] Use of undefined constant pid - assumed 'pid' D:\wamp\www\appollo\Application\Runtime\Cache\Home\2a94b8bda04ff446dcedd42276fc99ee.php 第 121 行.
NOTIC: [8] Use of undefined constant pid - assumed 'pid' D:\wamp\www\appollo\Application\Runtime\Cache\Home\2a94b8bda04ff446dcedd42276fc99ee.php 第 121 行.
NOTIC: [8] Use of undefined constant pid - assumed 'pid' D:\wamp\www\appollo\Application\Runtime\Cache\Home\2a94b8bda04ff446dcedd42276fc99ee.php 第 121 行.
NOTIC: [8] Use of undefined constant pid - assumed 'pid' D:\wamp\www\appollo\Application\Runtime\Cache\Home\2a94b8bda04ff446dcedd42276fc99ee.php 第 121 行.
NOTIC: [8] Use of undefined constant pid - assumed 'pid' D:\wamp\www\appollo\Application\Runtime\Cache\Home\2a94b8bda04ff446dcedd42276fc99ee.php 第 121 行.
NOTIC: [8] Use of undefined constant pid - assumed 'pid' D:\wamp\www\appollo\Application\Runtime\Cache\Home\2a94b8bda04ff446dcedd42276fc99ee.php 第 121 行.
NOTIC: [8] Use of undefined constant pid - assumed 'pid' D:\wamp\www\appollo\Application\Runtime\Cache\Home\2a94b8bda04ff446dcedd42276fc99ee.php 第 121 行.
NOTIC: [8] Use of undefined constant pid - assumed 'pid' D:\wamp\www\appollo\Application\Runtime\Cache\Home\2a94b8bda04ff446dcedd42276fc99ee.php 第 121 行.
NOTIC: [8] Use of undefined constant pid - assumed 'pid' D:\wamp\www\appollo\Application\Runtime\Cache\Home\2a94b8bda04ff446dcedd42276fc99ee.php 第 121 行.
NOTIC: [8] Use of undefined constant pid - assumed 'pid' D:\wamp\www\appollo\Application\Runtime\Cache\Home\2a94b8bda04ff446dcedd42276fc99ee.php 第 121 行.
NOTIC: [8] Use of undefined constant pid - assumed 'pid' D:\wamp\www\appollo\Application\Runtime\Cache\Home\2a94b8bda04ff446dcedd42276fc99ee.php 第 121 行.
NOTIC: [8] Use of undefined constant pid - assumed 'pid' D:\wamp\www\appollo\Application\Runtime\Cache\Home\2a94b8bda04ff446dcedd42276fc99ee.php 第 121 行.
NOTIC: [8] Use of undefined constant Experience - assumed 'Experience' D:\wamp\www\appollo\Application\Runtime\Cache\Home\2a94b8bda04ff446dcedd42276fc99ee.php 第 127 行.
NOTIC: [8] Use of undefined constant Cases - assumed 'Cases' D:\wamp\www\appollo\Application\Runtime\Cache\Home\2a94b8bda04ff446dcedd42276fc99ee.php 第 154 行.
NOTIC: [8] Use of undefined constant Join - assumed 'Join' D:\wamp\www\appollo\Application\Runtime\Cache\Home\2a94b8bda04ff446dcedd42276fc99ee.php 第 158 行.
NOTIC: [8] Use of undefined constant Contact - assumed 'Contact' D:\wamp\www\appollo\Application\Runtime\Cache\Home\2a94b8bda04ff446dcedd42276fc99ee.php 第 203 行.
NOTIC: [8] Use of undefined constant pid - assumed 'pid' D:\wamp\www\appollo\Application\Runtime\Cache\Home\2a94b8bda04ff446dcedd42276fc99ee.php 第 236 行.
NOTIC: [8] Use of undefined constant pid - assumed 'pid' D:\wamp\www\appollo\Application\Runtime\Cache\Home\2a94b8bda04ff446dcedd42276fc99ee.php 第 236 行.
NOTIC: [8] Use of undefined constant pid - assumed 'pid' D:\wamp\www\appollo\Application\Runtime\Cache\Home\2a94b8bda04ff446dcedd42276fc99ee.php 第 236 行.
NOTIC: [8] Use of undefined constant pid - assumed 'pid' D:\wamp\www\appollo\Application\Runtime\Cache\Home\2a94b8bda04ff446dcedd42276fc99ee.php 第 236 行.
NOTIC: [8] Use of undefined constant pid - assumed 'pid' D:\wamp\www\appollo\Application\Runtime\Cache\Home\2a94b8bda04ff446dcedd42276fc99ee.php 第 236 行.
NOTIC: [8] Use of undefined constant pid - assumed 'pid' D:\wamp\www\appollo\Application\Runtime\Cache\Home\2a94b8bda04ff446dcedd42276fc99ee.php 第 236 行.
NOTIC: [8] Use of undefined constant pid - assumed 'pid' D:\wamp\www\appollo\Application\Runtime\Cache\Home\2a94b8bda04ff446dcedd42276fc99ee.php 第 236 行.
NOTIC: [8] Use of undefined constant pid - assumed 'pid' D:\wamp\www\appollo\Application\Runtime\Cache\Home\2a94b8bda04ff446dcedd42276fc99ee.php 第 236 行.
NOTIC: [8] Use of undefined constant pid - assumed 'pid' D:\wamp\www\appollo\Application\Runtime\Cache\Home\2a94b8bda04ff446dcedd42276fc99ee.php 第 236 行.
NOTIC: [8] Use of undefined constant pid - assumed 'pid' D:\wamp\www\appollo\Application\Runtime\Cache\Home\2a94b8bda04ff446dcedd42276fc99ee.php 第 236 行.
NOTIC: [8] Use of undefined constant pid - assumed 'pid' D:\wamp\www\appollo\Application\Runtime\Cache\Home\2a94b8bda04ff446dcedd42276fc99ee.php 第 236 行.
NOTIC: [8] Use of undefined constant pid - assumed 'pid' D:\wamp\www\appollo\Application\Runtime\Cache\Home\2a94b8bda04ff446dcedd42276fc99ee.php 第 236 行.
NOTIC: [8] Use of undefined constant pid - assumed 'pid' D:\wamp\www\appollo\Application\Runtime\Cache\Home\2a94b8bda04ff446dcedd42276fc99ee.php 第 236 行.
NOTIC: [8] Use of undefined constant pid - assumed 'pid' D:\wamp\www\appollo\Application\Runtime\Cache\Home\2a94b8bda04ff446dcedd42276fc99ee.php 第 236 行.
NOTIC: [8] Use of undefined constant pid - assumed 'pid' D:\wamp\www\appollo\Application\Runtime\Cache\Home\2a94b8bda04ff446dcedd42276fc99ee.php 第 236 行.
NOTIC: [8] Use of undefined constant pid - assumed 'pid' D:\wamp\www\appollo\Application\Runtime\Cache\Home\2a94b8bda04ff446dcedd42276fc99ee.php 第 236 行.
NOTIC: [8] Use of undefined constant pid - assumed 'pid' D:\wamp\www\appollo\Application\Runtime\Cache\Home\2a94b8bda04ff446dcedd42276fc99ee.php 第 236 行.
NOTIC: [8] Use of undefined constant pid - assumed 'pid' D:\wamp\www\appollo\Application\Runtime\Cache\Home\2a94b8bda04ff446dcedd42276fc99ee.php 第 236 行.
NOTIC: [8] Use of undefined constant pid - assumed 'pid' D:\wamp\www\appollo\Application\Runtime\Cache\Home\2a94b8bda04ff446dcedd42276fc99ee.php 第 236 行.
NOTIC: [8] Use of undefined constant pid - assumed 'pid' D:\wamp\www\appollo\Application\Runtime\Cache\Home\2a94b8bda04ff446dcedd42276fc99ee.php 第 236 行.
NOTIC: [8] Use of undefined constant pid - assumed 'pid' D:\wamp\www\appollo\Application\Runtime\Cache\Home\2a94b8bda04ff446dcedd42276fc99ee.php 第 236 行.
NOTIC: [8] Use of undefined constant pid - assumed 'pid' D:\wamp\www\appollo\Application\Runtime\Cache\Home\2a94b8bda04ff446dcedd42276fc99ee.php 第 236 行.
NOTIC: [8] Use of undefined constant pid - assumed 'pid' D:\wamp\www\appollo\Application\Runtime\Cache\Home\2a94b8bda04ff446dcedd42276fc99ee.php 第 236 行.
NOTIC: [8] Use of undefined constant pid - assumed 'pid' D:\wamp\www\appollo\Application\Runtime\Cache\Home\2a94b8bda04ff446dcedd42276fc99ee.php 第 236 行.
NOTIC: [8] Use of undefined constant pid - assumed 'pid' D:\wamp\www\appollo\Application\Runtime\Cache\Home\2a94b8bda04ff446dcedd42276fc99ee.php 第 236 行.
NOTIC: [8] Use of undefined constant pid - assumed 'pid' D:\wamp\www\appollo\Application\Runtime\Cache\Home\2a94b8bda04ff446dcedd42276fc99ee.php 第 236 行.
NOTIC: [8] Use of undefined constant pid - assumed 'pid' D:\wamp\www\appollo\Application\Runtime\Cache\Home\2a94b8bda04ff446dcedd42276fc99ee.php 第 236 行.
NOTIC: [8] Use of undefined constant pid - assumed 'pid' D:\wamp\www\appollo\Application\Runtime\Cache\Home\2a94b8bda04ff446dcedd42276fc99ee.php 第 236 行.
NOTIC: [8] Use of undefined constant pid - assumed 'pid' D:\wamp\www\appollo\Application\Runtime\Cache\Home\2a94b8bda04ff446dcedd42276fc99ee.php 第 236 行.
NOTIC: [8] Use of undefined constant pid - assumed 'pid' D:\wamp\www\appollo\Application\Runtime\Cache\Home\2a94b8bda04ff446dcedd42276fc99ee.php 第 236 行.
NOTIC: [8] Use of undefined constant pid - assumed 'pid' D:\wamp\www\appollo\Application\Runtime\Cache\Home\2a94b8bda04ff446dcedd42276fc99ee.php 第 236 行.
NOTIC: [8] Use of undefined constant pid - assumed 'pid' D:\wamp\www\appollo\Application\Runtime\Cache\Home\2a94b8bda04ff446dcedd42276fc99ee.php 第 236 行.
NOTIC: [8] Use of undefined constant pid - assumed 'pid' D:\wamp\www\appollo\Application\Runtime\Cache\Home\2a94b8bda04ff446dcedd42276fc99ee.php 第 236 行.
NOTIC: [8] Use of undefined constant pid - assumed 'pid' D:\wamp\www\appollo\Application\Runtime\Cache\Home\2a94b8bda04ff446dcedd42276fc99ee.php 第 236 行.
NOTIC: [8] Use of undefined constant pid - assumed 'pid' D:\wamp\www\appollo\Application\Runtime\Cache\Home\2a94b8bda04ff446dcedd42276fc99ee.php 第 236 行.
NOTIC: [8] Use of undefined constant pid - assumed 'pid' D:\wamp\www\appollo\Application\Runtime\Cache\Home\2a94b8bda04ff446dcedd42276fc99ee.php 第 236 行.
NOTIC: [8] Use of undefined constant pid - assumed 'pid' D:\wamp\www\appollo\Application\Runtime\Cache\Home\2a94b8bda04ff446dcedd42276fc99ee.php 第 236 行.
NOTIC: [8] Use of undefined constant pid - assumed 'pid' D:\wamp\www\appollo\Application\Runtime\Cache\Home\2a94b8bda04ff446dcedd42276fc99ee.php 第 236 行.
NOTIC: [8] Use of undefined constant pid - assumed 'pid' D:\wamp\www\appollo\Application\Runtime\Cache\Home\2a94b8bda04ff446dcedd42276fc99ee.php 第 236 行.
NOTIC: [8] Use of undefined constant pid - assumed 'pid' D:\wamp\www\appollo\Application\Runtime\Cache\Home\2a94b8bda04ff446dcedd42276fc99ee.php 第 236 行.
NOTIC: [8] Use of undefined constant pid - assumed 'pid' D:\wamp\www\appollo\Application\Runtime\Cache\Home\2a94b8bda04ff446dcedd42276fc99ee.php 第 236 行.
NOTIC: [8] Use of undefined constant pid - assumed 'pid' D:\wamp\www\appollo\Application\Runtime\Cache\Home\2a94b8bda04ff446dcedd42276fc99ee.php 第 236 行.
NOTIC: [8] Use of undefined constant pid - assumed 'pid' D:\wamp\www\appollo\Application\Runtime\Cache\Home\2a94b8bda04ff446dcedd42276fc99ee.php 第 236 行.
NOTIC: [8] Use of undefined constant pid - assumed 'pid' D:\wamp\www\appollo\Application\Runtime\Cache\Home\2a94b8bda04ff446dcedd42276fc99ee.php 第 236 行.
NOTIC: [8] Use of undefined constant pid - assumed 'pid' D:\wamp\www\appollo\Application\Runtime\Cache\Home\2a94b8bda04ff446dcedd42276fc99ee.php 第 236 行.
NOTIC: [8] Use of undefined constant pid - assumed 'pid' D:\wamp\www\appollo\Application\Runtime\Cache\Home\2a94b8bda04ff446dcedd42276fc99ee.php 第 236 行.
NOTIC: [8] Use of undefined constant pid - assumed 'pid' D:\wamp\www\appollo\Application\Runtime\Cache\Home\2a94b8bda04ff446dcedd42276fc99ee.php 第 236 行.
NOTIC: [8] Use of undefined constant pid - assumed 'pid' D:\wamp\www\appollo\Application\Runtime\Cache\Home\2a94b8bda04ff446dcedd42276fc99ee.php 第 236 行.
NOTIC: [8] Use of undefined constant pid - assumed 'pid' D:\wamp\www\appollo\Application\Runtime\Cache\Home\2a94b8bda04ff446dcedd42276fc99ee.php 第 236 行.
NOTIC: [8] Use of undefined constant pid - assumed 'pid' D:\wamp\www\appollo\Application\Runtime\Cache\Home\2a94b8bda04ff446dcedd42276fc99ee.php 第 236 行.
NOTIC: [8] Use of undefined constant pid - assumed 'pid' D:\wamp\www\appollo\Application\Runtime\Cache\Home\2a94b8bda04ff446dcedd42276fc99ee.php 第 236 行.
NOTIC: [8] Use of undefined constant pid - assumed 'pid' D:\wamp\www\appollo\Application\Runtime\Cache\Home\2a94b8bda04ff446dcedd42276fc99ee.php 第 236 行.
NOTIC: [8] Use of undefined constant pid - assumed 'pid' D:\wamp\www\appollo\Application\Runtime\Cache\Home\2a94b8bda04ff446dcedd42276fc99ee.php 第 236 行.
NOTIC: [8] Use of undefined constant pid - assumed 'pid' D:\wamp\www\appollo\Application\Runtime\Cache\Home\2a94b8bda04ff446dcedd42276fc99ee.php 第 236 行.
NOTIC: [8] Use of undefined constant pid - assumed 'pid' D:\wamp\www\appollo\Application\Runtime\Cache\Home\2a94b8bda04ff446dcedd42276fc99ee.php 第 236 行.
NOTIC: [8] Use of undefined constant pid - assumed 'pid' D:\wamp\www\appollo\Application\Runtime\Cache\Home\2a94b8bda04ff446dcedd42276fc99ee.php 第 236 行.
NOTIC: [8] Use of undefined constant pid - assumed 'pid' D:\wamp\www\appollo\Application\Runtime\Cache\Home\2a94b8bda04ff446dcedd42276fc99ee.php 第 236 行.
NOTIC: [8] Use of undefined constant pid - assumed 'pid' D:\wamp\www\appollo\Application\Runtime\Cache\Home\2a94b8bda04ff446dcedd42276fc99ee.php 第 236 行.
NOTIC: [8] Use of undefined constant pid - assumed 'pid' D:\wamp\www\appollo\Application\Runtime\Cache\Home\2a94b8bda04ff446dcedd42276fc99ee.php 第 236 行.
NOTIC: [8] Use of undefined constant pid - assumed 'pid' D:\wamp\www\appollo\Application\Runtime\Cache\Home\2a94b8bda04ff446dcedd42276fc99ee.php 第 236 行.
NOTIC: [8] Use of undefined constant pid - assumed 'pid' D:\wamp\www\appollo\Application\Runtime\Cache\Home\2a94b8bda04ff446dcedd42276fc99ee.php 第 236 行.
NOTIC: [8] Use of undefined constant pid - assumed 'pid' D:\wamp\www\appollo\Application\Runtime\Cache\Home\2a94b8bda04ff446dcedd42276fc99ee.php 第 236 行.
NOTIC: [8] Use of undefined constant pid - assumed 'pid' D:\wamp\www\appollo\Application\Runtime\Cache\Home\2a94b8bda04ff446dcedd42276fc99ee.php 第 236 行.
NOTIC: [8] Use of undefined constant pid - assumed 'pid' D:\wamp\www\appollo\Application\Runtime\Cache\Home\2a94b8bda04ff446dcedd42276fc99ee.php 第 236 行.
NOTIC: [8] Use of undefined constant pid - assumed 'pid' D:\wamp\www\appollo\Application\Runtime\Cache\Home\2a94b8bda04ff446dcedd42276fc99ee.php 第 236 行.
NOTIC: [8] Use of undefined constant pid - assumed 'pid' D:\wamp\www\appollo\Application\Runtime\Cache\Home\2a94b8bda04ff446dcedd42276fc99ee.php 第 236 行.
NOTIC: [8] Use of undefined constant pid - assumed 'pid' D:\wamp\www\appollo\Application\Runtime\Cache\Home\2a94b8bda04ff446dcedd42276fc99ee.php 第 236 行.
NOTIC: [8] Use of undefined constant pid - assumed 'pid' D:\wamp\www\appollo\Application\Runtime\Cache\Home\2a94b8bda04ff446dcedd42276fc99ee.php 第 236 行.
NOTIC: [8] Use of undefined constant pid - assumed 'pid' D:\wamp\www\appollo\Application\Runtime\Cache\Home\2a94b8bda04ff446dcedd42276fc99ee.php 第 236 行.
NOTIC: [8] Use of undefined constant pid - assumed 'pid' D:\wamp\www\appollo\Application\Runtime\Cache\Home\2a94b8bda04ff446dcedd42276fc99ee.php 第 236 行.
NOTIC: [8] Use of undefined constant pid - assumed 'pid' D:\wamp\www\appollo\Application\Runtime\Cache\Home\2a94b8bda04ff446dcedd42276fc99ee.php 第 236 行.
NOTIC: [8] Use of undefined constant pid - assumed 'pid' D:\wamp\www\appollo\Application\Runtime\Cache\Home\2a94b8bda04ff446dcedd42276fc99ee.php 第 236 行.
NOTIC: [8] Use of undefined constant pid - assumed 'pid' D:\wamp\www\appollo\Application\Runtime\Cache\Home\2a94b8bda04ff446dcedd42276fc99ee.php 第 236 行.
NOTIC: [8] Use of undefined constant pid - assumed 'pid' D:\wamp\www\appollo\Application\Runtime\Cache\Home\2a94b8bda04ff446dcedd42276fc99ee.php 第 236 行.
NOTIC: [8] Use of undefined constant pid - assumed 'pid' D:\wamp\www\appollo\Application\Runtime\Cache\Home\2a94b8bda04ff446dcedd42276fc99ee.php 第 236 行.
NOTIC: [8] Use of undefined constant pid - assumed 'pid' D:\wamp\www\appollo\Application\Runtime\Cache\Home\2a94b8bda04ff446dcedd42276fc99ee.php 第 236 行.
NOTIC: [8] Use of undefined constant pid - assumed 'pid' D:\wamp\www\appollo\Application\Runtime\Cache\Home\2a94b8bda04ff446dcedd42276fc99ee.php 第 236 行.
NOTIC: [8] Use of undefined constant pid - assumed 'pid' D:\wamp\www\appollo\Application\Runtime\Cache\Home\2a94b8bda04ff446dcedd42276fc99ee.php 第 236 行.
NOTIC: [8] Use of undefined constant pid - assumed 'pid' D:\wamp\www\appollo\Application\Runtime\Cache\Home\2a94b8bda04ff446dcedd42276fc99ee.php 第 236 行.
NOTIC: [8] Use of undefined constant pid - assumed 'pid' D:\wamp\www\appollo\Application\Runtime\Cache\Home\2a94b8bda04ff446dcedd42276fc99ee.php 第 236 行.
NOTIC: [8] Use of undefined constant pid - assumed 'pid' D:\wamp\www\appollo\Application\Runtime\Cache\Home\2a94b8bda04ff446dcedd42276fc99ee.php 第 236 行.
NOTIC: [8] Use of undefined constant pid - assumed 'pid' D:\wamp\www\appollo\Application\Runtime\Cache\Home\2a94b8bda04ff446dcedd42276fc99ee.php 第 236 行.
NOTIC: [8] Use of undefined constant pid - assumed 'pid' D:\wamp\www\appollo\Application\Runtime\Cache\Home\2a94b8bda04ff446dcedd42276fc99ee.php 第 236 行.
NOTIC: [8] Use of undefined constant pid - assumed 'pid' D:\wamp\www\appollo\Application\Runtime\Cache\Home\2a94b8bda04ff446dcedd42276fc99ee.php 第 236 行.
NOTIC: [8] Use of undefined constant pid - assumed 'pid' D:\wamp\www\appollo\Application\Runtime\Cache\Home\2a94b8bda04ff446dcedd42276fc99ee.php 第 236 行.
NOTIC: [8] Use of undefined constant pid - assumed 'pid' D:\wamp\www\appollo\Application\Runtime\Cache\Home\2a94b8bda04ff446dcedd42276fc99ee.php 第 236 行.
NOTIC: [8] Use of undefined constant pid - assumed 'pid' D:\wamp\www\appollo\Application\Runtime\Cache\Home\2a94b8bda04ff446dcedd42276fc99ee.php 第 236 行.
NOTIC: [8] Use of undefined constant pid - assumed 'pid' D:\wamp\www\appollo\Application\Runtime\Cache\Home\2a94b8bda04ff446dcedd42276fc99ee.php 第 236 行.
NOTIC: [8] Use of undefined constant pid - assumed 'pid' D:\wamp\www\appollo\Application\Runtime\Cache\Home\2a94b8bda04ff446dcedd42276fc99ee.php 第 236 行.
NOTIC: [8] Use of undefined constant pid - assumed 'pid' D:\wamp\www\appollo\Application\Runtime\Cache\Home\2a94b8bda04ff446dcedd42276fc99ee.php 第 236 行.
NOTIC: [8] Use of undefined constant pid - assumed 'pid' D:\wamp\www\appollo\Application\Runtime\Cache\Home\2a94b8bda04ff446dcedd42276fc99ee.php 第 236 行.
NOTIC: [8] Use of undefined constant pid - assumed 'pid' D:\wamp\www\appollo\Application\Runtime\Cache\Home\2a94b8bda04ff446dcedd42276fc99ee.php 第 236 行.
NOTIC: [8] Use of undefined constant pid - assumed 'pid' D:\wamp\www\appollo\Application\Runtime\Cache\Home\2a94b8bda04ff446dcedd42276fc99ee.php 第 236 行.
NOTIC: [8] Use of undefined constant pid - assumed 'pid' D:\wamp\www\appollo\Application\Runtime\Cache\Home\2a94b8bda04ff446dcedd42276fc99ee.php 第 236 行.
NOTIC: [8] Use of undefined constant pid - assumed 'pid' D:\wamp\www\appollo\Application\Runtime\Cache\Home\2a94b8bda04ff446dcedd42276fc99ee.php 第 236 行.
NOTIC: [8] Use of undefined constant pid - assumed 'pid' D:\wamp\www\appollo\Application\Runtime\Cache\Home\2a94b8bda04ff446dcedd42276fc99ee.php 第 236 行.
NOTIC: [8] Use of undefined constant pid - assumed 'pid' D:\wamp\www\appollo\Application\Runtime\Cache\Home\2a94b8bda04ff446dcedd42276fc99ee.php 第 236 行.
NOTIC: [8] Use of undefined constant pid - assumed 'pid' D:\wamp\www\appollo\Application\Runtime\Cache\Home\2a94b8bda04ff446dcedd42276fc99ee.php 第 236 行.
NOTIC: [8] Use of undefined constant pid - assumed 'pid' D:\wamp\www\appollo\Application\Runtime\Cache\Home\2a94b8bda04ff446dcedd42276fc99ee.php 第 236 行.
NOTIC: [8] Use of undefined constant pid - assumed 'pid' D:\wamp\www\appollo\Application\Runtime\Cache\Home\2a94b8bda04ff446dcedd42276fc99ee.php 第 236 行.
NOTIC: [8] Use of undefined constant pid - assumed 'pid' D:\wamp\www\appollo\Application\Runtime\Cache\Home\2a94b8bda04ff446dcedd42276fc99ee.php 第 236 行.
NOTIC: [8] Use of undefined constant pid - assumed 'pid' D:\wamp\www\appollo\Application\Runtime\Cache\Home\2a94b8bda04ff446dcedd42276fc99ee.php 第 236 行.
NOTIC: [8] Use of undefined constant pid - assumed 'pid' D:\wamp\www\appollo\Application\Runtime\Cache\Home\2a94b8bda04ff446dcedd42276fc99ee.php 第 236 行.
NOTIC: [8] Use of undefined constant pid - assumed 'pid' D:\wamp\www\appollo\Application\Runtime\Cache\Home\2a94b8bda04ff446dcedd42276fc99ee.php 第 236 行.
NOTIC: [8] Use of undefined constant pid - assumed 'pid' D:\wamp\www\appollo\Application\Runtime\Cache\Home\2a94b8bda04ff446dcedd42276fc99ee.php 第 236 行.
NOTIC: [8] Use of undefined constant pid - assumed 'pid' D:\wamp\www\appollo\Application\Runtime\Cache\Home\2a94b8bda04ff446dcedd42276fc99ee.php 第 236 行.
NOTIC: [8] Use of undefined constant pid - assumed 'pid' D:\wamp\www\appollo\Application\Runtime\Cache\Home\2a94b8bda04ff446dcedd42276fc99ee.php 第 236 行.
NOTIC: [8] Use of undefined constant pid - assumed 'pid' D:\wamp\www\appollo\Application\Runtime\Cache\Home\2a94b8bda04ff446dcedd42276fc99ee.php 第 236 行.
NOTIC: [8] Use of undefined constant pid - assumed 'pid' D:\wamp\www\appollo\Application\Runtime\Cache\Home\2a94b8bda04ff446dcedd42276fc99ee.php 第 236 行.
NOTIC: [8] Use of undefined constant pid - assumed 'pid' D:\wamp\www\appollo\Application\Runtime\Cache\Home\2a94b8bda04ff446dcedd42276fc99ee.php 第 236 行.
NOTIC: [8] Use of undefined constant pid - assumed 'pid' D:\wamp\www\appollo\Application\Runtime\Cache\Home\2a94b8bda04ff446dcedd42276fc99ee.php 第 236 行.
NOTIC: [8] Use of undefined constant pid - assumed 'pid' D:\wamp\www\appollo\Application\Runtime\Cache\Home\2a94b8bda04ff446dcedd42276fc99ee.php 第 236 行.
NOTIC: [8] Use of undefined constant pid - assumed 'pid' D:\wamp\www\appollo\Application\Runtime\Cache\Home\2a94b8bda04ff446dcedd42276fc99ee.php 第 236 行.
NOTIC: [8] Use of undefined constant pid - assumed 'pid' D:\wamp\www\appollo\Application\Runtime\Cache\Home\2a94b8bda04ff446dcedd42276fc99ee.php 第 236 行.
NOTIC: [8] Use of undefined constant pid - assumed 'pid' D:\wamp\www\appollo\Application\Runtime\Cache\Home\2a94b8bda04ff446dcedd42276fc99ee.php 第 236 行.
NOTIC: [8] Use of undefined constant pid - assumed 'pid' D:\wamp\www\appollo\Application\Runtime\Cache\Home\2a94b8bda04ff446dcedd42276fc99ee.php 第 236 行.
NOTIC: [8] Use of undefined constant pid - assumed 'pid' D:\wamp\www\appollo\Application\Runtime\Cache\Home\2a94b8bda04ff446dcedd42276fc99ee.php 第 236 行.
NOTIC: [8] Use of undefined constant pid - assumed 'pid' D:\wamp\www\appollo\Application\Runtime\Cache\Home\2a94b8bda04ff446dcedd42276fc99ee.php 第 236 行.
NOTIC: [8] Use of undefined constant pid - assumed 'pid' D:\wamp\www\appollo\Application\Runtime\Cache\Home\2a94b8bda04ff446dcedd42276fc99ee.php 第 236 行.
NOTIC: [8] Use of undefined constant pid - assumed 'pid' D:\wamp\www\appollo\Application\Runtime\Cache\Home\2a94b8bda04ff446dcedd42276fc99ee.php 第 236 行.
NOTIC: [8] Use of undefined constant pid - assumed 'pid' D:\wamp\www\appollo\Application\Runtime\Cache\Home\2a94b8bda04ff446dcedd42276fc99ee.php 第 236 行.
NOTIC: [8] Use of undefined constant pid - assumed 'pid' D:\wamp\www\appollo\Application\Runtime\Cache\Home\2a94b8bda04ff446dcedd42276fc99ee.php 第 236 行.
NOTIC: [8] Use of undefined constant pid - assumed 'pid' D:\wamp\www\appollo\Application\Runtime\Cache\Home\2a94b8bda04ff446dcedd42276fc99ee.php 第 236 行.
NOTIC: [8] Use of undefined constant pid - assumed 'pid' D:\wamp\www\appollo\Application\Runtime\Cache\Home\2a94b8bda04ff446dcedd42276fc99ee.php 第 236 行.
NOTIC: [8] Use of undefined constant pid - assumed 'pid' D:\wamp\www\appollo\Application\Runtime\Cache\Home\2a94b8bda04ff446dcedd42276fc99ee.php 第 236 行.
NOTIC: [8] Use of undefined constant pid - assumed 'pid' D:\wamp\www\appollo\Application\Runtime\Cache\Home\2a94b8bda04ff446dcedd42276fc99ee.php 第 236 行.
NOTIC: [8] Use of undefined constant pid - assumed 'pid' D:\wamp\www\appollo\Application\Runtime\Cache\Home\2a94b8bda04ff446dcedd42276fc99ee.php 第 236 行.
NOTIC: [8] Use of undefined constant pid - assumed 'pid' D:\wamp\www\appollo\Application\Runtime\Cache\Home\2a94b8bda04ff446dcedd42276fc99ee.php 第 236 行.
NOTIC: [8] Use of undefined constant pid - assumed 'pid' D:\wamp\www\appollo\Application\Runtime\Cache\Home\2a94b8bda04ff446dcedd42276fc99ee.php 第 236 行.
NOTIC: [8] Use of undefined constant pid - assumed 'pid' D:\wamp\www\appollo\Application\Runtime\Cache\Home\2a94b8bda04ff446dcedd42276fc99ee.php 第 236 行.
NOTIC: [8] Use of undefined constant pid - assumed 'pid' D:\wamp\www\appollo\Application\Runtime\Cache\Home\2a94b8bda04ff446dcedd42276fc99ee.php 第 236 行.
NOTIC: [8] Use of undefined constant pid - assumed 'pid' D:\wamp\www\appollo\Application\Runtime\Cache\Home\2a94b8bda04ff446dcedd42276fc99ee.php 第 236 行.
NOTIC: [8] Use of undefined constant pid - assumed 'pid' D:\wamp\www\appollo\Application\Runtime\Cache\Home\2a94b8bda04ff446dcedd42276fc99ee.php 第 236 行.
NOTIC: [8] Use of undefined constant pid - assumed 'pid' D:\wamp\www\appollo\Application\Runtime\Cache\Home\2a94b8bda04ff446dcedd42276fc99ee.php 第 236 行.
NOTIC: [8] Use of undefined constant pid - assumed 'pid' D:\wamp\www\appollo\Application\Runtime\Cache\Home\2a94b8bda04ff446dcedd42276fc99ee.php 第 236 行.
NOTIC: [8] Use of undefined constant pid - assumed 'pid' D:\wamp\www\appollo\Application\Runtime\Cache\Home\2a94b8bda04ff446dcedd42276fc99ee.php 第 236 行.
NOTIC: [8] Use of undefined constant pid - assumed 'pid' D:\wamp\www\appollo\Application\Runtime\Cache\Home\2a94b8bda04ff446dcedd42276fc99ee.php 第 236 行.
NOTIC: [8] Use of undefined constant pid - assumed 'pid' D:\wamp\www\appollo\Application\Runtime\Cache\Home\2a94b8bda04ff446dcedd42276fc99ee.php 第 236 行.
NOTIC: [8] Use of undefined constant pid - assumed 'pid' D:\wamp\www\appollo\Application\Runtime\Cache\Home\2a94b8bda04ff446dcedd42276fc99ee.php 第 236 行.
NOTIC: [8] Use of undefined constant pid - assumed 'pid' D:\wamp\www\appollo\Application\Runtime\Cache\Home\2a94b8bda04ff446dcedd42276fc99ee.php 第 236 行.
NOTIC: [8] Use of undefined constant pid - assumed 'pid' D:\wamp\www\appollo\Application\Runtime\Cache\Home\2a94b8bda04ff446dcedd42276fc99ee.php 第 236 行.
NOTIC: [8] Use of undefined constant pid - assumed 'pid' D:\wamp\www\appollo\Application\Runtime\Cache\Home\2a94b8bda04ff446dcedd42276fc99ee.php 第 236 行.
NOTIC: [8] Use of undefined constant pid - assumed 'pid' D:\wamp\www\appollo\Application\Runtime\Cache\Home\2a94b8bda04ff446dcedd42276fc99ee.php 第 236 行.
NOTIC: [8] Use of undefined constant pid - assumed 'pid' D:\wamp\www\appollo\Application\Runtime\Cache\Home\2a94b8bda04ff446dcedd42276fc99ee.php 第 236 行.
NOTIC: [8] Use of undefined constant pid - assumed 'pid' D:\wamp\www\appollo\Application\Runtime\Cache\Home\2a94b8bda04ff446dcedd42276fc99ee.php 第 236 行.
NOTIC: [8] Use of undefined constant pid - assumed 'pid' D:\wamp\www\appollo\Application\Runtime\Cache\Home\2a94b8bda04ff446dcedd42276fc99ee.php 第 236 行.
NOTIC: [8] Use of undefined constant pid - assumed 'pid' D:\wamp\www\appollo\Application\Runtime\Cache\Home\2a94b8bda04ff446dcedd42276fc99ee.php 第 236 行.
NOTIC: [8] Use of undefined constant pid - assumed 'pid' D:\wamp\www\appollo\Application\Runtime\Cache\Home\2a94b8bda04ff446dcedd42276fc99ee.php 第 236 行.
NOTIC: [8] Use of undefined constant pid - assumed 'pid' D:\wamp\www\appollo\Application\Runtime\Cache\Home\2a94b8bda04ff446dcedd42276fc99ee.php 第 236 行.
NOTIC: [8] Use of undefined constant pid - assumed 'pid' D:\wamp\www\appollo\Application\Runtime\Cache\Home\2a94b8bda04ff446dcedd42276fc99ee.php 第 236 行.
NOTIC: [8] Use of undefined constant pid - assumed 'pid' D:\wamp\www\appollo\Application\Runtime\Cache\Home\2a94b8bda04ff446dcedd42276fc99ee.php 第 236 行.
NOTIC: [8] Use of undefined constant pid - assumed 'pid' D:\wamp\www\appollo\Application\Runtime\Cache\Home\2a94b8bda04ff446dcedd42276fc99ee.php 第 236 行.
NOTIC: [8] Use of undefined constant pid - assumed 'pid' D:\wamp\www\appollo\Application\Runtime\Cache\Home\2a94b8bda04ff446dcedd42276fc99ee.php 第 236 行.
NOTIC: [8] Use of undefined constant pid - assumed 'pid' D:\wamp\www\appollo\Application\Runtime\Cache\Home\2a94b8bda04ff446dcedd42276fc99ee.php 第 236 行.
NOTIC: [8] Use of undefined constant pid - assumed 'pid' D:\wamp\www\appollo\Application\Runtime\Cache\Home\2a94b8bda04ff446dcedd42276fc99ee.php 第 236 行.
NOTIC: [8] Use of undefined constant pid - assumed 'pid' D:\wamp\www\appollo\Application\Runtime\Cache\Home\2a94b8bda04ff446dcedd42276fc99ee.php 第 236 行.
NOTIC: [8] Use of undefined constant pid - assumed 'pid' D:\wamp\www\appollo\Application\Runtime\Cache\Home\2a94b8bda04ff446dcedd42276fc99ee.php 第 236 行.
NOTIC: [8] Use of undefined constant pid - assumed 'pid' D:\wamp\www\appollo\Application\Runtime\Cache\Home\2a94b8bda04ff446dcedd42276fc99ee.php 第 236 行.
NOTIC: [8] Use of undefined constant pid - assumed 'pid' D:\wamp\www\appollo\Application\Runtime\Cache\Home\2a94b8bda04ff446dcedd42276fc99ee.php 第 236 行.
NOTIC: [8] Use of undefined constant pid - assumed 'pid' D:\wamp\www\appollo\Application\Runtime\Cache\Home\2a94b8bda04ff446dcedd42276fc99ee.php 第 236 行.
NOTIC: [8] Use of undefined constant pid - assumed 'pid' D:\wamp\www\appollo\Application\Runtime\Cache\Home\2a94b8bda04ff446dcedd42276fc99ee.php 第 236 行.
NOTIC: [8] Use of undefined constant pid - assumed 'pid' D:\wamp\www\appollo\Application\Runtime\Cache\Home\2a94b8bda04ff446dcedd42276fc99ee.php 第 236 行.
NOTIC: [8] Use of undefined constant pid - assumed 'pid' D:\wamp\www\appollo\Application\Runtime\Cache\Home\2a94b8bda04ff446dcedd42276fc99ee.php 第 236 行.
NOTIC: [8] Use of undefined constant pid - assumed 'pid' D:\wamp\www\appollo\Application\Runtime\Cache\Home\2a94b8bda04ff446dcedd42276fc99ee.php 第 236 行.
NOTIC: [8] Use of undefined constant pid - assumed 'pid' D:\wamp\www\appollo\Application\Runtime\Cache\Home\2a94b8bda04ff446dcedd42276fc99ee.php 第 236 行.
NOTIC: [8] Use of undefined constant pid - assumed 'pid' D:\wamp\www\appollo\Application\Runtime\Cache\Home\2a94b8bda04ff446dcedd42276fc99ee.php 第 236 行.
NOTIC: [8] Use of undefined constant pid - assumed 'pid' D:\wamp\www\appollo\Application\Runtime\Cache\Home\2a94b8bda04ff446dcedd42276fc99ee.php 第 236 行.
NOTIC: [8] Use of undefined constant pid - assumed 'pid' D:\wamp\www\appollo\Application\Runtime\Cache\Home\2a94b8bda04ff446dcedd42276fc99ee.php 第 236 行.
NOTIC: [8] Use of undefined constant pid - assumed 'pid' D:\wamp\www\appollo\Application\Runtime\Cache\Home\2a94b8bda04ff446dcedd42276fc99ee.php 第 236 行.
NOTIC: [8] Use of undefined constant pid - assumed 'pid' D:\wamp\www\appollo\Application\Runtime\Cache\Home\2a94b8bda04ff446dcedd42276fc99ee.php 第 236 行.
NOTIC: [8] Use of undefined constant pid - assumed 'pid' D:\wamp\www\appollo\Application\Runtime\Cache\Home\2a94b8bda04ff446dcedd42276fc99ee.php 第 236 行.
NOTIC: [8] Use of undefined constant pid - assumed 'pid' D:\wamp\www\appollo\Application\Runtime\Cache\Home\2a94b8bda04ff446dcedd42276fc99ee.php 第 236 行.
NOTIC: [8] Use of undefined constant pid - assumed 'pid' D:\wamp\www\appollo\Application\Runtime\Cache\Home\2a94b8bda04ff446dcedd42276fc99ee.php 第 236 行.
NOTIC: [8] Use of undefined constant pid - assumed 'pid' D:\wamp\www\appollo\Application\Runtime\Cache\Home\2a94b8bda04ff446dcedd42276fc99ee.php 第 236 行.
NOTIC: [8] Use of undefined constant pid - assumed 'pid' D:\wamp\www\appollo\Application\Runtime\Cache\Home\2a94b8bda04ff446dcedd42276fc99ee.php 第 236 行.
NOTIC: [8] Use of undefined constant pid - assumed 'pid' D:\wamp\www\appollo\Application\Runtime\Cache\Home\2a94b8bda04ff446dcedd42276fc99ee.php 第 236 行.
NOTIC: [8] Use of undefined constant pid - assumed 'pid' D:\wamp\www\appollo\Application\Runtime\Cache\Home\2a94b8bda04ff446dcedd42276fc99ee.php 第 236 行.
NOTIC: [8] Use of undefined constant pid - assumed 'pid' D:\wamp\www\appollo\Application\Runtime\Cache\Home\2a94b8bda04ff446dcedd42276fc99ee.php 第 236 行.
NOTIC: [8] Use of undefined constant pid - assumed 'pid' D:\wamp\www\appollo\Application\Runtime\Cache\Home\2a94b8bda04ff446dcedd42276fc99ee.php 第 236 行.
NOTIC: [8] Use of undefined constant pid - assumed 'pid' D:\wamp\www\appollo\Application\Runtime\Cache\Home\2a94b8bda04ff446dcedd42276fc99ee.php 第 236 行.
NOTIC: [8] Use of undefined constant pid - assumed 'pid' D:\wamp\www\appollo\Application\Runtime\Cache\Home\2a94b8bda04ff446dcedd42276fc99ee.php 第 236 行.
NOTIC: [8] Use of undefined constant pid - assumed 'pid' D:\wamp\www\appollo\Application\Runtime\Cache\Home\2a94b8bda04ff446dcedd42276fc99ee.php 第 236 行.
NOTIC: [8] Use of undefined constant pid - assumed 'pid' D:\wamp\www\appollo\Application\Runtime\Cache\Home\2a94b8bda04ff446dcedd42276fc99ee.php 第 236 行.
NOTIC: [8] Use of undefined constant pid - assumed 'pid' D:\wamp\www\appollo\Application\Runtime\Cache\Home\2a94b8bda04ff446dcedd42276fc99ee.php 第 236 行.
NOTIC: [8] Use of undefined constant pid - assumed 'pid' D:\wamp\www\appollo\Application\Runtime\Cache\Home\2a94b8bda04ff446dcedd42276fc99ee.php 第 236 行.
NOTIC: [8] Use of undefined constant pid - assumed 'pid' D:\wamp\www\appollo\Application\Runtime\Cache\Home\2a94b8bda04ff446dcedd42276fc99ee.php 第 236 行.
NOTIC: [8] Use of undefined constant pid - assumed 'pid' D:\wamp\www\appollo\Application\Runtime\Cache\Home\2a94b8bda04ff446dcedd42276fc99ee.php 第 236 行.
NOTIC: [8] Use of undefined constant pid - assumed 'pid' D:\wamp\www\appollo\Application\Runtime\Cache\Home\2a94b8bda04ff446dcedd42276fc99ee.php 第 236 行.
NOTIC: [8] Use of undefined constant pid - assumed 'pid' D:\wamp\www\appollo\Application\Runtime\Cache\Home\2a94b8bda04ff446dcedd42276fc99ee.php 第 236 行.
NOTIC: [8] Use of undefined constant pid - assumed 'pid' D:\wamp\www\appollo\Application\Runtime\Cache\Home\2a94b8bda04ff446dcedd42276fc99ee.php 第 236 行.
NOTIC: [8] Use of undefined constant pid - assumed 'pid' D:\wamp\www\appollo\Application\Runtime\Cache\Home\2a94b8bda04ff446dcedd42276fc99ee.php 第 236 行.
NOTIC: [8] Use of undefined constant pid - assumed 'pid' D:\wamp\www\appollo\Application\Runtime\Cache\Home\2a94b8bda04ff446dcedd42276fc99ee.php 第 236 行.
NOTIC: [8] Use of undefined constant pid - assumed 'pid' D:\wamp\www\appollo\Application\Runtime\Cache\Home\2a94b8bda04ff446dcedd42276fc99ee.php 第 236 行.
NOTIC: [8] Use of undefined constant pid - assumed 'pid' D:\wamp\www\appollo\Application\Runtime\Cache\Home\2a94b8bda04ff446dcedd42276fc99ee.php 第 236 行.
NOTIC: [8] Use of undefined constant pid - assumed 'pid' D:\wamp\www\appollo\Application\Runtime\Cache\Home\2a94b8bda04ff446dcedd42276fc99ee.php 第 236 行.
NOTIC: [8] Use of undefined constant pid - assumed 'pid' D:\wamp\www\appollo\Application\Runtime\Cache\Home\2a94b8bda04ff446dcedd42276fc99ee.php 第 236 行.
NOTIC: [8] Use of undefined constant pid - assumed 'pid' D:\wamp\www\appollo\Application\Runtime\Cache\Home\2a94b8bda04ff446dcedd42276fc99ee.php 第 236 行.
NOTIC: [8] Use of undefined constant pid - assumed 'pid' D:\wamp\www\appollo\Application\Runtime\Cache\Home\2a94b8bda04ff446dcedd42276fc99ee.php 第 236 行.
NOTIC: [8] Use of undefined constant pid - assumed 'pid' D:\wamp\www\appollo\Application\Runtime\Cache\Home\2a94b8bda04ff446dcedd42276fc99ee.php 第 236 行.
NOTIC: [8] Use of undefined constant pid - assumed 'pid' D:\wamp\www\appollo\Application\Runtime\Cache\Home\2a94b8bda04ff446dcedd42276fc99ee.php 第 236 行.
NOTIC: [8] Use of undefined constant pid - assumed 'pid' D:\wamp\www\appollo\Application\Runtime\Cache\Home\2a94b8bda04ff446dcedd42276fc99ee.php 第 236 行.
NOTIC: [8] Use of undefined constant pid - assumed 'pid' D:\wamp\www\appollo\Application\Runtime\Cache\Home\2a94b8bda04ff446dcedd42276fc99ee.php 第 236 行.
NOTIC: [8] Use of undefined constant pid - assumed 'pid' D:\wamp\www\appollo\Application\Runtime\Cache\Home\2a94b8bda04ff446dcedd42276fc99ee.php 第 236 行.
NOTIC: [8] Use of undefined constant pid - assumed 'pid' D:\wamp\www\appollo\Application\Runtime\Cache\Home\2a94b8bda04ff446dcedd42276fc99ee.php 第 236 行.
NOTIC: [8] Use of undefined constant pid - assumed 'pid' D:\wamp\www\appollo\Application\Runtime\Cache\Home\2a94b8bda04ff446dcedd42276fc99ee.php 第 236 行.
NOTIC: [8] Use of undefined constant pid - assumed 'pid' D:\wamp\www\appollo\Application\Runtime\Cache\Home\2a94b8bda04ff446dcedd42276fc99ee.php 第 236 行.
NOTIC: [8] Use of undefined constant pid - assumed 'pid' D:\wamp\www\appollo\Application\Runtime\Cache\Home\2a94b8bda04ff446dcedd42276fc99ee.php 第 236 行.
NOTIC: [8] Use of undefined constant pid - assumed 'pid' D:\wamp\www\appollo\Application\Runtime\Cache\Home\2a94b8bda04ff446dcedd42276fc99ee.php 第 236 行.
NOTIC: [8] Use of undefined constant pid - assumed 'pid' D:\wamp\www\appollo\Application\Runtime\Cache\Home\2a94b8bda04ff446dcedd42276fc99ee.php 第 236 行.
NOTIC: [8] Use of undefined constant pid - assumed 'pid' D:\wamp\www\appollo\Application\Runtime\Cache\Home\2a94b8bda04ff446dcedd42276fc99ee.php 第 236 行.
NOTIC: [8] Use of undefined constant pid - assumed 'pid' D:\wamp\www\appollo\Application\Runtime\Cache\Home\2a94b8bda04ff446dcedd42276fc99ee.php 第 236 行.
NOTIC: [8] Use of undefined constant pid - assumed 'pid' D:\wamp\www\appollo\Application\Runtime\Cache\Home\2a94b8bda04ff446dcedd42276fc99ee.php 第 236 行.
NOTIC: [8] Use of undefined constant pid - assumed 'pid' D:\wamp\www\appollo\Application\Runtime\Cache\Home\2a94b8bda04ff446dcedd42276fc99ee.php 第 236 行.
NOTIC: [8] Use of undefined constant pid - assumed 'pid' D:\wamp\www\appollo\Application\Runtime\Cache\Home\2a94b8bda04ff446dcedd42276fc99ee.php 第 236 行.
NOTIC: [8] Use of undefined constant pid - assumed 'pid' D:\wamp\www\appollo\Application\Runtime\Cache\Home\2a94b8bda04ff446dcedd42276fc99ee.php 第 236 行.
NOTIC: [8] Use of undefined constant pid - assumed 'pid' D:\wamp\www\appollo\Application\Runtime\Cache\Home\2a94b8bda04ff446dcedd42276fc99ee.php 第 236 行.
NOTIC: [8] Use of undefined constant pid - assumed 'pid' D:\wamp\www\appollo\Application\Runtime\Cache\Home\2a94b8bda04ff446dcedd42276fc99ee.php 第 236 行.
INFO: Run Behavior\ParseTemplateBehavior [ RunTime:0.132008s ]
INFO: [ view_parse ] --END-- [ RunTime:0.132008s ]
INFO: [ view_filter ] --START--
INFO: Run Behavior\WriteHtmlCacheBehavior [ RunTime:0.010000s ]
INFO: [ view_filter ] --END-- [ RunTime:0.010000s ]
INFO: [ app_end ] --START--
INFO: Run Behavior\ShowPageTraceBehavior [ RunTime:0.001000s ]
INFO: [ app_end ] --END-- [ RunTime:0.001000s ]

[ 2017-01-09T14:02:51+08:00 ] 127.0.0.1 /Public/upload/product/77/c69e2e3121e944bf32997ba3fe9c2832.png
INFO: [ app_init ] --START--
INFO: Run Behavior\BuildLiteBehavior [ RunTime:0.000000s ]
INFO: [ app_init ] --END-- [ RunTime:0.000000s ]

[ 2017-01-09T14:02:51+08:00 ] 127.0.0.1 /Public/upload/product/94/8408d3380b2f20cada6e9da2fb0dde58.png
INFO: [ app_init ] --START--
INFO: Run Behavior\BuildLiteBehavior [ RunTime:0.000000s ]
INFO: [ app_init ] --END-- [ RunTime:0.001000s ]

[ 2017-01-09T14:02:51+08:00 ] 127.0.0.1 /Public/upload/product/96/627e8cef39b207b95286d67811677d40.png
INFO: [ app_init ] --START--
INFO: Run Behavior\BuildLiteBehavior [ RunTime:0.000000s ]
INFO: [ app_init ] --END-- [ RunTime:0.001000s ]

[ 2017-01-09T14:02:51+08:00 ] 127.0.0.1 /Public/upload/product/95/1fac84fa005a787e1e602bc828ec32c9.png
INFO: [ app_init ] --START--
INFO: Run Behavior\BuildLiteBehavior [ RunTime:0.000000s ]
INFO: [ app_init ] --END-- [ RunTime:0.000000s ]

[ 2017-01-09T14:02:51+08:00 ] 127.0.0.1 /Public/upload/banner/index/12/adca0907cb48bf7da88cfc4b4af70763.jpg
INFO: [ app_init ] --START--
INFO: Run Behavior\BuildLiteBehavior [ RunTime:0.000000s ]
INFO: [ app_init ] --END-- [ RunTime:0.000000s ]

[ 2017-01-09T14:02:51+08:00 ] 127.0.0.1 /Public/upload/banner/index/13/d1e19c9b65348abd40d931f43230c19f.jpg
INFO: [ app_init ] --START--
INFO: Run Behavior\BuildLiteBehavior [ RunTime:0.000000s ]
INFO: [ app_init ] --END-- [ RunTime:0.000000s ]

[ 2017-01-09T14:02:51+08:00 ] 127.0.0.1 /Public/upload/banner/index/14/6d6a9d5c12e21240209aba34c03aee30.jpg
INFO: [ app_init ] --START--
INFO: Run Behavior\BuildLiteBehavior [ RunTime:0.000000s ]
INFO: [ app_init ] --END-- [ RunTime:0.001000s ]

[ 2017-01-09T14:02:51+08:00 ] 127.0.0.1 /Public/upload/news/151/556c8ac1550817a248bf98afcba1838d.jpg
INFO: [ app_init ] --START--
INFO: Run Behavior\BuildLiteBehavior [ RunTime:0.001000s ]
INFO: [ app_init ] --END-- [ RunTime:0.001000s ]

[ 2017-01-09T14:02:51+08:00 ] 127.0.0.1 /Public/upload/news/123/92a068264749f847bf73bc066a3d3521.jpg
INFO: [ app_init ] --START--
INFO: Run Behavior\BuildLiteBehavior [ RunTime:0.000000s ]
INFO: [ app_init ] --END-- [ RunTime:0.001000s ]

[ 2017-01-09T14:02:51+08:00 ] 127.0.0.1 /Public/upload/news/124/fac28d9ca1f2f80772b14915d453665f.jpg
INFO: [ app_init ] --START--
INFO: Run Behavior\BuildLiteBehavior [ RunTime:0.000000s ]
INFO: [ app_init ] --END-- [ RunTime:0.000000s ]

[ 2017-01-09T14:02:51+08:00 ] 127.0.0.1 /Public/upload/news/122/efcb9dc6a7ad84f1005a084c39c5c9cd.jpg
INFO: [ app_init ] --START--
INFO: Run Behavior\BuildLiteBehavior [ RunTime:0.000000s ]
INFO: [ app_init ] --END-- [ RunTime:0.001000s ]

[ 2017-01-09T14:02:51+08:00 ] 127.0.0.1 /Public/upload/product/94/8408d3380b2f20cada6e9da2fb0dde58.png
INFO: [ app_init ] --START--
INFO: Run Behavior\BuildLiteBehavior [ RunTime:0.000000s ]
INFO: [ app_init ] --END-- [ RunTime:0.000000s ]

[ 2017-01-09T14:02:51+08:00 ] 127.0.0.1 /Public/upload/product/77/c69e2e3121e944bf32997ba3fe9c2832.png
INFO: [ app_init ] --START--
INFO: Run Behavior\BuildLiteBehavior [ RunTime:0.001000s ]
INFO: [ app_init ] --END-- [ RunTime:0.001000s ]

[ 2017-01-09T14:02:51+08:00 ] 127.0.0.1 /Public/upload/product/95/1fac84fa005a787e1e602bc828ec32c9.png
INFO: [ app_init ] --START--
INFO: Run Behavior\BuildLiteBehavior [ RunTime:0.000000s ]
INFO: [ app_init ] --END-- [ RunTime:0.000000s ]

[ 2017-01-09T14:02:51+08:00 ] 127.0.0.1 /Public/upload/product/96/627e8cef39b207b95286d67811677d40.png
INFO: [ app_init ] --START--
INFO: Run Behavior\BuildLiteBehavior [ RunTime:0.000000s ]
INFO: [ app_init ] --END-- [ RunTime:0.001000s ]

[ 2017-01-09T14:02:51+08:00 ] 127.0.0.1 /Public/upload/product/93/800e1828ea9e10990d2205247b1dca13.png
INFO: [ app_init ] --START--
INFO: Run Behavior\BuildLiteBehavior [ RunTime:0.000000s ]
INFO: [ app_init ] --END-- [ RunTime:0.000000s ]

[ 2017-01-09T14:02:51+08:00 ] 127.0.0.1 /favicon.ico
INFO: [ app_init ] --START--
INFO: Run Behavior\BuildLiteBehavior [ RunTime:0.000000s ]
INFO: [ app_init ] --END-- [ RunTime:0.000000s ]

[ 2017-01-09T14:02:55+08:00 ] 127.0.0.1 /Public/image/favicon.ico
INFO: [ app_init ] --START--
INFO: Run Behavior\BuildLiteBehavior [ RunTime:0.000000s ]
INFO: [ app_init ] --END-- [ RunTime:0.000000s ]

[ 2017-01-09T14:02:58+08:00 ] 127.0.0.1 /Public/metronic/image/favicon.ico
INFO: [ app_init ] --START--
INFO: Run Behavior\BuildLiteBehavior [ RunTime:0.000000s ]
INFO: [ app_init ] --END-- [ RunTime:0.000000s ]

[ 2017-01-09T14:03:22+08:00 ] 127.0.0.1 /Public/upload/brand/3abeb2ff1cc8b2ad14a057b7df85d9fa.jpg
INFO: [ app_init ] --START--
INFO: Run Behavior\BuildLiteBehavior [ RunTime:0.000000s ]
INFO: [ app_init ] --END-- [ RunTime:0.001000s ]

[ 2017-01-09T14:03:22+08:00 ] 127.0.0.1 /Public/upload/brand/6405ce8edaf36228715cec5dd8085991.jpg
INFO: [ app_init ] --START--
INFO: Run Behavior\BuildLiteBehavior [ RunTime:0.000000s ]
INFO: [ app_init ] --END-- [ RunTime:0.000000s ]

[ 2017-01-09T14:03:22+08:00 ] 127.0.0.1 /Public/upload/brand/3abeb2ff1cc8b2ad14a057b7df85d9fa.jpg
INFO: [ app_init ] --START--
INFO: Run Behavior\BuildLiteBehavior [ RunTime:0.000000s ]
INFO: [ app_init ] --END-- [ RunTime:0.000000s ]

[ 2017-01-09T14:03:22+08:00 ] 127.0.0.1 /Public/upload/editorimages/77e49878ab53d62ca34b044507f9f71c.jpg
INFO: [ app_init ] --START--
INFO: Run Behavior\BuildLiteBehavior [ RunTime:0.000000s ]
INFO: [ app_init ] --END-- [ RunTime:0.001001s ]

[ 2017-01-09T15:36:24+08:00 ] 127.0.0.1 /Public/upload/product/185/9438e84fbcca78619c8ba73fa7617351.jpg
INFO: [ app_init ] --START--
INFO: Run Behavior\BuildLiteBehavior [ RunTime:0.000000s ]
INFO: [ app_init ] --END-- [ RunTime:0.000000s ]

[ 2017-01-09T15:36:24+08:00 ] 127.0.0.1 /Public/upload/product/185/93be0af2ce0f39be4d004454010f8b1c.jpg
INFO: [ app_init ] --START--
INFO: Run Behavior\BuildLiteBehavior [ RunTime:0.000000s ]
INFO: [ app_init ] --END-- [ RunTime:0.001000s ]

[ 2017-01-09T15:36:24+08:00 ] 127.0.0.1 /Public/upload/product/185/636d5d671552c1e31e902a40b3556357.jpg
INFO: [ app_init ] --START--
INFO: Run Behavior\BuildLiteBehavior [ RunTime:0.000000s ]
INFO: [ app_init ] --END-- [ RunTime:0.000000s ]

[ 2017-01-09T15:36:24+08:00 ] 127.0.0.1 /Public/upload/product/185/312265f55f3bbda207b719b6c6d534e8.jpg
INFO: [ app_init ] --START--
INFO: Run Behavior\BuildLiteBehavior [ RunTime:0.000000s ]
INFO: [ app_init ] --END-- [ RunTime:0.001000s ]

[ 2017-01-09T15:36:24+08:00 ] 127.0.0.1 /Public/upload/product/185/b3995db675f9d5320632ea20b4ac0b0c.jpg
INFO: [ app_init ] --START--
INFO: Run Behavior\BuildLiteBehavior [ RunTime:0.000000s ]
INFO: [ app_init ] --END-- [ RunTime:0.001000s ]

[ 2017-01-09T15:36:24+08:00 ] 127.0.0.1 /Public/upload/product/185/9438e84fbcca78619c8ba73fa7617351.jpg
INFO: [ app_init ] --START--
INFO: Run Behavior\BuildLiteBehavior [ RunTime:0.000000s ]
INFO: [ app_init ] --END-- [ RunTime:0.001000s ]

