[ 2017-01-12T15:26:14+08:00 ] 127.0.0.1 /pid-vip
INFO: [ app_init ] --START--
INFO: Run Behavior\BuildLiteBehavior [ RunTime:0.000000s ]
INFO: [ app_init ] --END-- [ RunTime:0.000000s ]
INFO: [ app_begin ] --START--
INFO: Run Behavior\ReadHtmlCacheBehavior [ RunTime:0.001000s ]
INFO: [ app_begin ] --END-- [ RunTime:0.001000s ]
NOTIC: [8] Undefined index: roleUrls D:\wamp\www\appollo\Application\Admin\Controller\BaseController.class.php 第 15 行.
NOTIC: [8] Undefined index: admin_username D:\wamp\www\appollo\Application\Admin\Controller\BaseController.class.php 第 38 行.
INFO: [ view_parse ] --START--
INFO: [ template_filter ] --START--
INFO: Run Behavior\ContentReplaceBehavior [ RunTime:0.000000s ]
INFO: [ template_filter ] --END-- [ RunTime:0.000000s ]
INFO: Run Behavior\ParseTemplateBehavior [ RunTime:0.034002s ]
INFO: [ view_parse ] --END-- [ RunTime:0.035002s ]
INFO: [ view_filter ] --START--
INFO: Run Behavior\WriteHtmlCacheBehavior [ RunTime:0.000000s ]
INFO: [ view_filter ] --END-- [ RunTime:0.000000s ]
INFO: [ app_end ] --START--
INFO: Run Behavior\ShowPageTraceBehavior [ RunTime:0.000000s ]
INFO: [ app_end ] --END-- [ RunTime:0.000000s ]

[ 2017-01-12T15:26:18+08:00 ] 127.0.0.1 /Admin/Index/login.html
INFO: [ app_init ] --START--
INFO: Run Behavior\BuildLiteBehavior [ RunTime:0.000000s ]
INFO: [ app_init ] --END-- [ RunTime:0.000000s ]
INFO: [ app_begin ] --START--
INFO: Run Behavior\ReadHtmlCacheBehavior [ RunTime:0.001000s ]
INFO: [ app_begin ] --END-- [ RunTime:0.001000s ]
NOTIC: [8] Undefined index: roleUrls D:\wamp\www\appollo\Application\Admin\Controller\BaseController.class.php 第 15 行.
SQL: SHOW COLUMNS FROM `cies_admin` [ RunTime:0.0300s ]
SQL: SHOW COLUMNS FROM `cies_admin_login` [ RunTime:0.0210s ]
SQL: SELECT * FROM `cies_admin_login` WHERE `admin_id` = 0 AND `loginstatus` = 0 AND `status` = 1 AND `loginip` = '127.0.0.1' ORDER BY login_id desc LIMIT 1   [ RunTime:0.0260s ]
SQL: SELECT * FROM `cies_admin` WHERE `admin_username` = 'admin' AND `admin_password` = '061cd7b0a9744b63881be89e3d21c412' AND `status` = 1 LIMIT 1   [ RunTime:0.0010s ]
SQL: UPDATE `cies_admin` SET `lastlogintime`='1484205978',`lastloginip`='127.0.0.1' WHERE `admin_id` = 1 [ RunTime:0.0000s ]
SQL: UPDATE `cies_admin_login` SET `status`='0' WHERE `admin_id` = 0 AND `loginstatus` = 0 AND `status` = 1 AND `loginip` = '127.0.0.1' ORDER BY login_id desc LIMIT 1  [ RunTime:0.0020s ]
SQL: INSERT INTO `cies_admin_login` (`admin_id`,`loginstatus`,`status`,`loginip`,`mun`,`createtime`,`lastsavetime`) VALUES ('1','1','1','127.0.0.1','0','1484205978','1484205978') [ RunTime:0.0010s ]
INFO: [ app_end ] --START--
INFO: Run Behavior\ShowPageTraceBehavior [ RunTime:0.001000s ]
INFO: [ app_end ] --END-- [ RunTime:0.001000s ]

[ 2017-01-12T15:26:19+08:00 ] 127.0.0.1 /pid-vip
INFO: [ app_init ] --START--
INFO: Run Behavior\BuildLiteBehavior [ RunTime:0.000000s ]
INFO: [ app_init ] --END-- [ RunTime:0.001000s ]
INFO: [ app_begin ] --START--
INFO: Run Behavior\ReadHtmlCacheBehavior [ RunTime:0.000000s ]
INFO: [ app_begin ] --END-- [ RunTime:0.000000s ]
NOTIC: [8] Undefined index: roleUrls D:\wamp\www\appollo\Application\Admin\Controller\BaseController.class.php 第 15 行.
SQL: SHOW COLUMNS FROM `cies_admin` [ RunTime:0.0030s ]
SQL: SELECT * FROM `cies_admin` WHERE `admin_id` = 1 AND `admin_username` = 'admin' AND `admin_password` = '061cd7b0a9744b63881be89e3d21c412' AND `status` = 1 LIMIT 1   [ RunTime:0.0010s ]
SQL: SHOW COLUMNS FROM `cies_nav_left` [ RunTime:0.0050s ]
SQL: SELECT * FROM `cies_nav_left` WHERE `status` = 1 AND `father_id` = 0 AND `nav_left_id` IN ('','20','37','200','171','172','173','183','184','185','186','174','181','182','165','166','187','204','160','161','162','168','169','170','179','180','88','118','110','125','111','113','117','175','176','177','193','194','205','191','192','195','196','197','198','199','201','202','203','') ORDER BY sort desc  [ RunTime:0.0010s ]
SQL: SELECT * FROM `cies_nav_left` WHERE `status` = 1 AND `father_id` = 20 AND `nav_left_id` IN ('','20','37','200','171','172','173','183','184','185','186','174','181','182','165','166','187','204','160','161','162','168','169','170','179','180','88','118','110','125','111','113','117','175','176','177','193','194','205','191','192','195','196','197','198','199','201','202','203','') ORDER BY sort desc  [ RunTime:0.0000s ]
NOTIC: [8] Undefined index: roleUrls D:\wamp\www\appollo\Application\Admin\Controller\BaseController.class.php 第 78 行.
SQL: SELECT * FROM `cies_nav_left` WHERE `status` = 1 AND `father_id` = 37 AND `nav_left_id` IN ('','20','37','200','171','172','173','183','184','185','186','174','181','182','165','166','187','204','160','161','162','168','169','170','179','180','88','118','110','125','111','113','117','175','176','177','193','194','205','191','192','195','196','197','198','199','201','202','203','') ORDER BY sort desc  [ RunTime:0.0000s ]
NOTIC: [8] Undefined index: roleUrls D:\wamp\www\appollo\Application\Admin\Controller\BaseController.class.php 第 81 行.
NOTIC: [8] Undefined index: roleUrls D:\wamp\www\appollo\Application\Admin\Controller\BaseController.class.php 第 78 行.
SQL: SELECT * FROM `cies_nav_left` WHERE `status` = 1 AND `father_id` = 200 AND `nav_left_id` IN ('','20','37','200','171','172','173','183','184','185','186','174','181','182','165','166','187','204','160','161','162','168','169','170','179','180','88','118','110','125','111','113','117','175','176','177','193','194','205','191','192','195','196','197','198','199','201','202','203','') ORDER BY sort desc  [ RunTime:0.0000s ]
NOTIC: [8] Undefined index: roleUrls D:\wamp\www\appollo\Application\Admin\Controller\BaseController.class.php 第 81 行.
SQL: SELECT * FROM `cies_nav_left` WHERE `status` = 1 AND `father_id` = 171 AND `nav_left_id` IN ('','20','37','200','171','172','173','183','184','185','186','174','181','182','165','166','187','204','160','161','162','168','169','170','179','180','88','118','110','125','111','113','117','175','176','177','193','194','205','191','192','195','196','197','198','199','201','202','203','') ORDER BY sort desc  [ RunTime:0.0000s ]
NOTIC: [8] Undefined index: roleUrls D:\wamp\www\appollo\Application\Admin\Controller\BaseController.class.php 第 78 行.
SQL: SELECT * FROM `cies_nav_left` WHERE `status` = 1 AND `father_id` = 172 AND `nav_left_id` IN ('','20','37','200','171','172','173','183','184','185','186','174','181','182','165','166','187','204','160','161','162','168','169','170','179','180','88','118','110','125','111','113','117','175','176','177','193','194','205','191','192','195','196','197','198','199','201','202','203','') ORDER BY sort desc  [ RunTime:0.0000s ]
NOTIC: [8] Undefined index: roleUrls D:\wamp\www\appollo\Application\Admin\Controller\BaseController.class.php 第 81 行.
SQL: SELECT * FROM `cies_nav_left` WHERE `status` = 1 AND `father_id` = 173 AND `nav_left_id` IN ('','20','37','200','171','172','173','183','184','185','186','174','181','182','165','166','187','204','160','161','162','168','169','170','179','180','88','118','110','125','111','113','117','175','176','177','193','194','205','191','192','195','196','197','198','199','201','202','203','') ORDER BY sort desc  [ RunTime:0.0010s ]
NOTIC: [8] Undefined index: roleUrls D:\wamp\www\appollo\Application\Admin\Controller\BaseController.class.php 第 81 行.
NOTIC: [8] Undefined index: roleUrls D:\wamp\www\appollo\Application\Admin\Controller\BaseController.class.php 第 78 行.
SQL: SELECT * FROM `cies_nav_left` WHERE `status` = 1 AND `father_id` = 174 AND `nav_left_id` IN ('','20','37','200','171','172','173','183','184','185','186','174','181','182','165','166','187','204','160','161','162','168','169','170','179','180','88','118','110','125','111','113','117','175','176','177','193','194','205','191','192','195','196','197','198','199','201','202','203','') ORDER BY sort desc  [ RunTime:0.0000s ]
NOTIC: [8] Undefined index: roleUrls D:\wamp\www\appollo\Application\Admin\Controller\BaseController.class.php 第 81 行.
NOTIC: [8] Undefined index: roleUrls D:\wamp\www\appollo\Application\Admin\Controller\BaseController.class.php 第 78 行.
SQL: SELECT * FROM `cies_nav_left` WHERE `status` = 1 AND `father_id` = 181 AND `nav_left_id` IN ('','20','37','200','171','172','173','183','184','185','186','174','181','182','165','166','187','204','160','161','162','168','169','170','179','180','88','118','110','125','111','113','117','175','176','177','193','194','205','191','192','195','196','197','198','199','201','202','203','') ORDER BY sort desc  [ RunTime:0.0000s ]
NOTIC: [8] Undefined index: roleUrls D:\wamp\www\appollo\Application\Admin\Controller\BaseController.class.php 第 81 行.
SQL: SELECT * FROM `cies_nav_left` WHERE `status` = 1 AND `father_id` = 165 AND `nav_left_id` IN ('','20','37','200','171','172','173','183','184','185','186','174','181','182','165','166','187','204','160','161','162','168','169','170','179','180','88','118','110','125','111','113','117','175','176','177','193','194','205','191','192','195','196','197','198','199','201','202','203','') ORDER BY sort desc  [ RunTime:0.0000s ]
NOTIC: [8] Undefined index: roleUrls D:\wamp\www\appollo\Application\Admin\Controller\BaseController.class.php 第 78 行.
SQL: SELECT * FROM `cies_nav_left` WHERE `status` = 1 AND `father_id` = 166 AND `nav_left_id` IN ('','20','37','200','171','172','173','183','184','185','186','174','181','182','165','166','187','204','160','161','162','168','169','170','179','180','88','118','110','125','111','113','117','175','176','177','193','194','205','191','192','195','196','197','198','199','201','202','203','') ORDER BY sort desc  [ RunTime:0.0000s ]
NOTIC: [8] Undefined index: roleUrls D:\wamp\www\appollo\Application\Admin\Controller\BaseController.class.php 第 81 行.
NOTIC: [8] Undefined index: roleUrls D:\wamp\www\appollo\Application\Admin\Controller\BaseController.class.php 第 78 行.
SQL: SELECT * FROM `cies_nav_left` WHERE `status` = 1 AND `father_id` = 187 AND `nav_left_id` IN ('','20','37','200','171','172','173','183','184','185','186','174','181','182','165','166','187','204','160','161','162','168','169','170','179','180','88','118','110','125','111','113','117','175','176','177','193','194','205','191','192','195','196','197','198','199','201','202','203','') ORDER BY sort desc  [ RunTime:0.0010s ]
NOTIC: [8] Undefined index: roleUrls D:\wamp\www\appollo\Application\Admin\Controller\BaseController.class.php 第 81 行.
NOTIC: [8] Undefined index: roleUrls D:\wamp\www\appollo\Application\Admin\Controller\BaseController.class.php 第 78 行.
SQL: SELECT * FROM `cies_nav_left` WHERE `status` = 1 AND `father_id` = 204 AND `nav_left_id` IN ('','20','37','200','171','172','173','183','184','185','186','174','181','182','165','166','187','204','160','161','162','168','169','170','179','180','88','118','110','125','111','113','117','175','176','177','193','194','205','191','192','195','196','197','198','199','201','202','203','') ORDER BY sort desc  [ RunTime:0.0000s ]
NOTIC: [8] Undefined index: roleUrls D:\wamp\www\appollo\Application\Admin\Controller\BaseController.class.php 第 81 行.
SQL: SELECT * FROM `cies_nav_left` WHERE `status` = 1 AND `father_id` = 160 AND `nav_left_id` IN ('','20','37','200','171','172','173','183','184','185','186','174','181','182','165','166','187','204','160','161','162','168','169','170','179','180','88','118','110','125','111','113','117','175','176','177','193','194','205','191','192','195','196','197','198','199','201','202','203','') ORDER BY sort desc  [ RunTime:0.0000s ]
NOTIC: [8] Undefined index: roleUrls D:\wamp\www\appollo\Application\Admin\Controller\BaseController.class.php 第 78 行.
SQL: SELECT * FROM `cies_nav_left` WHERE `status` = 1 AND `father_id` = 161 AND `nav_left_id` IN ('','20','37','200','171','172','173','183','184','185','186','174','181','182','165','166','187','204','160','161','162','168','169','170','179','180','88','118','110','125','111','113','117','175','176','177','193','194','205','191','192','195','196','197','198','199','201','202','203','') ORDER BY sort desc  [ RunTime:0.0010s ]
NOTIC: [8] Undefined index: roleUrls D:\wamp\www\appollo\Application\Admin\Controller\BaseController.class.php 第 81 行.
NOTIC: [8] Undefined index: roleUrls D:\wamp\www\appollo\Application\Admin\Controller\BaseController.class.php 第 78 行.
SQL: SELECT * FROM `cies_nav_left` WHERE `status` = 1 AND `father_id` = 162 AND `nav_left_id` IN ('','20','37','200','171','172','173','183','184','185','186','174','181','182','165','166','187','204','160','161','162','168','169','170','179','180','88','118','110','125','111','113','117','175','176','177','193','194','205','191','192','195','196','197','198','199','201','202','203','') ORDER BY sort desc  [ RunTime:0.0000s ]
NOTIC: [8] Undefined index: roleUrls D:\wamp\www\appollo\Application\Admin\Controller\BaseController.class.php 第 81 行.
SQL: SELECT * FROM `cies_nav_left` WHERE `status` = 1 AND `father_id` = 168 AND `nav_left_id` IN ('','20','37','200','171','172','173','183','184','185','186','174','181','182','165','166','187','204','160','161','162','168','169','170','179','180','88','118','110','125','111','113','117','175','176','177','193','194','205','191','192','195','196','197','198','199','201','202','203','') ORDER BY sort desc  [ RunTime:0.0000s ]
NOTIC: [8] Undefined index: roleUrls D:\wamp\www\appollo\Application\Admin\Controller\BaseController.class.php 第 78 行.
SQL: SELECT * FROM `cies_nav_left` WHERE `status` = 1 AND `father_id` = 169 AND `nav_left_id` IN ('','20','37','200','171','172','173','183','184','185','186','174','181','182','165','166','187','204','160','161','162','168','169','170','179','180','88','118','110','125','111','113','117','175','176','177','193','194','205','191','192','195','196','197','198','199','201','202','203','') ORDER BY sort desc  [ RunTime:0.0010s ]
NOTIC: [8] Undefined index: roleUrls D:\wamp\www\appollo\Application\Admin\Controller\BaseController.class.php 第 81 行.
NOTIC: [8] Undefined index: roleUrls D:\wamp\www\appollo\Application\Admin\Controller\BaseController.class.php 第 78 行.
SQL: SELECT * FROM `cies_nav_left` WHERE `status` = 1 AND `father_id` = 170 AND `nav_left_id` IN ('','20','37','200','171','172','173','183','184','185','186','174','181','182','165','166','187','204','160','161','162','168','169','170','179','180','88','118','110','125','111','113','117','175','176','177','193','194','205','191','192','195','196','197','198','199','201','202','203','') ORDER BY sort desc  [ RunTime:0.0000s ]
NOTIC: [8] Undefined index: roleUrls D:\wamp\www\appollo\Application\Admin\Controller\BaseController.class.php 第 81 行.
SQL: SELECT * FROM `cies_nav_left` WHERE `status` = 1 AND `father_id` = 179 AND `nav_left_id` IN ('','20','37','200','171','172','173','183','184','185','186','174','181','182','165','166','187','204','160','161','162','168','169','170','179','180','88','118','110','125','111','113','117','175','176','177','193','194','205','191','192','195','196','197','198','199','201','202','203','') ORDER BY sort desc  [ RunTime:0.0000s ]
NOTIC: [8] Undefined index: roleUrls D:\wamp\www\appollo\Application\Admin\Controller\BaseController.class.php 第 78 行.
SQL: SELECT * FROM `cies_nav_left` WHERE `status` = 1 AND `father_id` = 180 AND `nav_left_id` IN ('','20','37','200','171','172','173','183','184','185','186','174','181','182','165','166','187','204','160','161','162','168','169','170','179','180','88','118','110','125','111','113','117','175','176','177','193','194','205','191','192','195','196','197','198','199','201','202','203','') ORDER BY sort desc  [ RunTime:0.0010s ]
NOTIC: [8] Undefined index: roleUrls D:\wamp\www\appollo\Application\Admin\Controller\BaseController.class.php 第 81 行.
SQL: SELECT * FROM `cies_nav_left` WHERE `status` = 1 AND `father_id` = 88 AND `nav_left_id` IN ('','20','37','200','171','172','173','183','184','185','186','174','181','182','165','166','187','204','160','161','162','168','169','170','179','180','88','118','110','125','111','113','117','175','176','177','193','194','205','191','192','195','196','197','198','199','201','202','203','') ORDER BY sort desc  [ RunTime:0.0010s ]
NOTIC: [8] Undefined index: roleUrls D:\wamp\www\appollo\Application\Admin\Controller\BaseController.class.php 第 78 行.
SQL: SELECT * FROM `cies_nav_left` WHERE `status` = 1 AND `father_id` = 118 AND `nav_left_id` IN ('','20','37','200','171','172','173','183','184','185','186','174','181','182','165','166','187','204','160','161','162','168','169','170','179','180','88','118','110','125','111','113','117','175','176','177','193','194','205','191','192','195','196','197','198','199','201','202','203','') ORDER BY sort desc  [ RunTime:0.0000s ]
NOTIC: [8] Undefined index: roleUrls D:\wamp\www\appollo\Application\Admin\Controller\BaseController.class.php 第 81 行.
SQL: SELECT * FROM `cies_nav_left` WHERE `status` = 1 AND `father_id` = 110 AND `nav_left_id` IN ('','20','37','200','171','172','173','183','184','185','186','174','181','182','165','166','187','204','160','161','162','168','169','170','179','180','88','118','110','125','111','113','117','175','176','177','193','194','205','191','192','195','196','197','198','199','201','202','203','') ORDER BY sort desc  [ RunTime:0.0000s ]
NOTIC: [8] Undefined index: roleUrls D:\wamp\www\appollo\Application\Admin\Controller\BaseController.class.php 第 78 行.
SQL: SELECT * FROM `cies_nav_left` WHERE `status` = 1 AND `father_id` = 125 AND `nav_left_id` IN ('','20','37','200','171','172','173','183','184','185','186','174','181','182','165','166','187','204','160','161','162','168','169','170','179','180','88','118','110','125','111','113','117','175','176','177','193','194','205','191','192','195','196','197','198','199','201','202','203','') ORDER BY sort desc  [ RunTime:0.0000s ]
NOTIC: [8] Undefined index: roleUrls D:\wamp\www\appollo\Application\Admin\Controller\BaseController.class.php 第 81 行.
NOTIC: [8] Undefined index: roleUrls D:\wamp\www\appollo\Application\Admin\Controller\BaseController.class.php 第 78 行.
SQL: SELECT * FROM `cies_nav_left` WHERE `status` = 1 AND `father_id` = 111 AND `nav_left_id` IN ('','20','37','200','171','172','173','183','184','185','186','174','181','182','165','166','187','204','160','161','162','168','169','170','179','180','88','118','110','125','111','113','117','175','176','177','193','194','205','191','192','195','196','197','198','199','201','202','203','') ORDER BY sort desc  [ RunTime:0.0010s ]
NOTIC: [8] Undefined index: roleUrls D:\wamp\www\appollo\Application\Admin\Controller\BaseController.class.php 第 81 行.
NOTIC: [8] Undefined index: roleUrls D:\wamp\www\appollo\Application\Admin\Controller\BaseController.class.php 第 78 行.
SQL: SELECT * FROM `cies_nav_left` WHERE `status` = 1 AND `father_id` = 113 AND `nav_left_id` IN ('','20','37','200','171','172','173','183','184','185','186','174','181','182','165','166','187','204','160','161','162','168','169','170','179','180','88','118','110','125','111','113','117','175','176','177','193','194','205','191','192','195','196','197','198','199','201','202','203','') ORDER BY sort desc  [ RunTime:0.0000s ]
NOTIC: [8] Undefined index: roleUrls D:\wamp\www\appollo\Application\Admin\Controller\BaseController.class.php 第 81 行.
NOTIC: [8] Undefined index: roleUrls D:\wamp\www\appollo\Application\Admin\Controller\BaseController.class.php 第 78 行.
SQL: SELECT * FROM `cies_nav_left` WHERE `status` = 1 AND `father_id` = 117 AND `nav_left_id` IN ('','20','37','200','171','172','173','183','184','185','186','174','181','182','165','166','187','204','160','161','162','168','169','170','179','180','88','118','110','125','111','113','117','175','176','177','193','194','205','191','192','195','196','197','198','199','201','202','203','') ORDER BY sort desc  [ RunTime:0.0010s ]
NOTIC: [8] Undefined index: roleUrls D:\wamp\www\appollo\Application\Admin\Controller\BaseController.class.php 第 81 行.
NOTIC: [8] Undefined index: roleUrls D:\wamp\www\appollo\Application\Admin\Controller\BaseController.class.php 第 78 行.
SQL: SELECT * FROM `cies_nav_left` WHERE `status` = 1 AND `father_id` = 175 AND `nav_left_id` IN ('','20','37','200','171','172','173','183','184','185','186','174','181','182','165','166','187','204','160','161','162','168','169','170','179','180','88','118','110','125','111','113','117','175','176','177','193','194','205','191','192','195','196','197','198','199','201','202','203','') ORDER BY sort desc  [ RunTime:0.0010s ]
NOTIC: [8] Undefined index: roleUrls D:\wamp\www\appollo\Application\Admin\Controller\BaseController.class.php 第 81 行.
NOTIC: [8] Undefined index: roleUrls D:\wamp\www\appollo\Application\Admin\Controller\BaseController.class.php 第 78 行.
SQL: SELECT * FROM `cies_nav_left` WHERE `status` = 1 AND `father_id` = 176 AND `nav_left_id` IN ('','20','37','200','171','172','173','183','184','185','186','174','181','182','165','166','187','204','160','161','162','168','169','170','179','180','88','118','110','125','111','113','117','175','176','177','193','194','205','191','192','195','196','197','198','199','201','202','203','') ORDER BY sort desc  [ RunTime:0.0000s ]
NOTIC: [8] Undefined index: roleUrls D:\wamp\www\appollo\Application\Admin\Controller\BaseController.class.php 第 81 行.
NOTIC: [8] Undefined index: roleUrls D:\wamp\www\appollo\Application\Admin\Controller\BaseController.class.php 第 78 行.
SQL: SELECT * FROM `cies_nav_left` WHERE `status` = 1 AND `father_id` = 177 AND `nav_left_id` IN ('','20','37','200','171','172','173','183','184','185','186','174','181','182','165','166','187','204','160','161','162','168','169','170','179','180','88','118','110','125','111','113','117','175','176','177','193','194','205','191','192','195','196','197','198','199','201','202','203','') ORDER BY sort desc  [ RunTime:0.0000s ]
NOTIC: [8] Undefined index: roleUrls D:\wamp\www\appollo\Application\Admin\Controller\BaseController.class.php 第 81 行.
NOTIC: [8] Undefined index: roleUrls D:\wamp\www\appollo\Application\Admin\Controller\BaseController.class.php 第 78 行.
SQL: SELECT * FROM `cies_nav_left` WHERE `status` = 1 AND `father_id` = 193 AND `nav_left_id` IN ('','20','37','200','171','172','173','183','184','185','186','174','181','182','165','166','187','204','160','161','162','168','169','170','179','180','88','118','110','125','111','113','117','175','176','177','193','194','205','191','192','195','196','197','198','199','201','202','203','') ORDER BY sort desc  [ RunTime:0.0000s ]
NOTIC: [8] Undefined index: roleUrls D:\wamp\www\appollo\Application\Admin\Controller\BaseController.class.php 第 81 行.
NOTIC: [8] Undefined index: roleUrls D:\wamp\www\appollo\Application\Admin\Controller\BaseController.class.php 第 78 行.
SQL: SELECT * FROM `cies_nav_left` WHERE `status` = 1 AND `father_id` = 194 AND `nav_left_id` IN ('','20','37','200','171','172','173','183','184','185','186','174','181','182','165','166','187','204','160','161','162','168','169','170','179','180','88','118','110','125','111','113','117','175','176','177','193','194','205','191','192','195','196','197','198','199','201','202','203','') ORDER BY sort desc  [ RunTime:0.0010s ]
NOTIC: [8] Undefined index: roleUrls D:\wamp\www\appollo\Application\Admin\Controller\BaseController.class.php 第 81 行.
NOTIC: [8] Undefined index: roleUrls D:\wamp\www\appollo\Application\Admin\Controller\BaseController.class.php 第 78 行.
SQL: SELECT * FROM `cies_nav_left` WHERE `status` = 1 AND `father_id` = 205 AND `nav_left_id` IN ('','20','37','200','171','172','173','183','184','185','186','174','181','182','165','166','187','204','160','161','162','168','169','170','179','180','88','118','110','125','111','113','117','175','176','177','193','194','205','191','192','195','196','197','198','199','201','202','203','') ORDER BY sort desc  [ RunTime:0.0000s ]
NOTIC: [8] Undefined index: roleUrls D:\wamp\www\appollo\Application\Admin\Controller\BaseController.class.php 第 81 行.
SQL: SELECT * FROM `cies_nav_left` WHERE `status` = 1 AND `father_id` = 191 AND `nav_left_id` IN ('','20','37','200','171','172','173','183','184','185','186','174','181','182','165','166','187','204','160','161','162','168','169','170','179','180','88','118','110','125','111','113','117','175','176','177','193','194','205','191','192','195','196','197','198','199','201','202','203','') ORDER BY sort desc  [ RunTime:0.0010s ]
NOTIC: [8] Undefined index: roleUrls D:\wamp\www\appollo\Application\Admin\Controller\BaseController.class.php 第 78 行.
SQL: SELECT * FROM `cies_nav_left` WHERE `status` = 1 AND `father_id` = 192 AND `nav_left_id` IN ('','20','37','200','171','172','173','183','184','185','186','174','181','182','165','166','187','204','160','161','162','168','169','170','179','180','88','118','110','125','111','113','117','175','176','177','193','194','205','191','192','195','196','197','198','199','201','202','203','') ORDER BY sort desc  [ RunTime:0.0010s ]
NOTIC: [8] Undefined index: roleUrls D:\wamp\www\appollo\Application\Admin\Controller\BaseController.class.php 第 81 行.
SQL: SELECT * FROM `cies_nav_left` WHERE `status` = 1 AND `father_id` = 195 AND `nav_left_id` IN ('','20','37','200','171','172','173','183','184','185','186','174','181','182','165','166','187','204','160','161','162','168','169','170','179','180','88','118','110','125','111','113','117','175','176','177','193','194','205','191','192','195','196','197','198','199','201','202','203','') ORDER BY sort desc  [ RunTime:0.0010s ]
NOTIC: [8] Undefined index: roleUrls D:\wamp\www\appollo\Application\Admin\Controller\BaseController.class.php 第 78 行.
SQL: SELECT * FROM `cies_nav_left` WHERE `status` = 1 AND `father_id` = 196 AND `nav_left_id` IN ('','20','37','200','171','172','173','183','184','185','186','174','181','182','165','166','187','204','160','161','162','168','169','170','179','180','88','118','110','125','111','113','117','175','176','177','193','194','205','191','192','195','196','197','198','199','201','202','203','') ORDER BY sort desc  [ RunTime:0.0000s ]
NOTIC: [8] Undefined index: roleUrls D:\wamp\www\appollo\Application\Admin\Controller\BaseController.class.php 第 81 行.
NOTIC: [8] Undefined index: roleUrls D:\wamp\www\appollo\Application\Admin\Controller\BaseController.class.php 第 78 行.
SQL: SELECT * FROM `cies_nav_left` WHERE `status` = 1 AND `father_id` = 197 AND `nav_left_id` IN ('','20','37','200','171','172','173','183','184','185','186','174','181','182','165','166','187','204','160','161','162','168','169','170','179','180','88','118','110','125','111','113','117','175','176','177','193','194','205','191','192','195','196','197','198','199','201','202','203','') ORDER BY sort desc  [ RunTime:0.0000s ]
NOTIC: [8] Undefined index: roleUrls D:\wamp\www\appollo\Application\Admin\Controller\BaseController.class.php 第 81 行.
NOTIC: [8] Undefined index: roleUrls D:\wamp\www\appollo\Application\Admin\Controller\BaseController.class.php 第 78 行.
SQL: SELECT * FROM `cies_nav_left` WHERE `status` = 1 AND `father_id` = 198 AND `nav_left_id` IN ('','20','37','200','171','172','173','183','184','185','186','174','181','182','165','166','187','204','160','161','162','168','169','170','179','180','88','118','110','125','111','113','117','175','176','177','193','194','205','191','192','195','196','197','198','199','201','202','203','') ORDER BY sort desc  [ RunTime:0.0010s ]
NOTIC: [8] Undefined index: roleUrls D:\wamp\www\appollo\Application\Admin\Controller\BaseController.class.php 第 81 行.
NOTIC: [8] Undefined index: roleUrls D:\wamp\www\appollo\Application\Admin\Controller\BaseController.class.php 第 78 行.
SQL: SELECT * FROM `cies_nav_left` WHERE `status` = 1 AND `father_id` = 199 AND `nav_left_id` IN ('','20','37','200','171','172','173','183','184','185','186','174','181','182','165','166','187','204','160','161','162','168','169','170','179','180','88','118','110','125','111','113','117','175','176','177','193','194','205','191','192','195','196','197','198','199','201','202','203','') ORDER BY sort desc  [ RunTime:0.0000s ]
NOTIC: [8] Undefined index: roleUrls D:\wamp\www\appollo\Application\Admin\Controller\BaseController.class.php 第 81 行.
SQL: SELECT * FROM `cies_nav_left` WHERE `status` = 1 AND `father_id` = 201 AND `nav_left_id` IN ('','20','37','200','171','172','173','183','184','185','186','174','181','182','165','166','187','204','160','161','162','168','169','170','179','180','88','118','110','125','111','113','117','175','176','177','193','194','205','191','192','195','196','197','198','199','201','202','203','') ORDER BY sort desc  [ RunTime:0.0000s ]
NOTIC: [8] Undefined index: roleUrls D:\wamp\www\appollo\Application\Admin\Controller\BaseController.class.php 第 78 行.
SQL: SELECT * FROM `cies_nav_left` WHERE `status` = 1 AND `father_id` = 202 AND `nav_left_id` IN ('','20','37','200','171','172','173','183','184','185','186','174','181','182','165','166','187','204','160','161','162','168','169','170','179','180','88','118','110','125','111','113','117','175','176','177','193','194','205','191','192','195','196','197','198','199','201','202','203','') ORDER BY sort desc  [ RunTime:0.0010s ]
NOTIC: [8] Undefined index: roleUrls D:\wamp\www\appollo\Application\Admin\Controller\BaseController.class.php 第 81 行.
NOTIC: [8] Undefined index: roleUrls D:\wamp\www\appollo\Application\Admin\Controller\BaseController.class.php 第 78 行.
SQL: SELECT * FROM `cies_nav_left` WHERE `status` = 1 AND `father_id` = 203 AND `nav_left_id` IN ('','20','37','200','171','172','173','183','184','185','186','174','181','182','165','166','187','204','160','161','162','168','169','170','179','180','88','118','110','125','111','113','117','175','176','177','193','194','205','191','192','195','196','197','198','199','201','202','203','') ORDER BY sort desc  [ RunTime:0.0000s ]
NOTIC: [8] Undefined index: roleUrls D:\wamp\www\appollo\Application\Admin\Controller\BaseController.class.php 第 81 行.
NOTIC: [8] Undefined index: roleUrls D:\wamp\www\appollo\Application\Admin\Controller\BaseController.class.php 第 90 行.
INFO: [ view_parse ] --START--
INFO: [ template_filter ] --START--
INFO: Run Behavior\ContentReplaceBehavior [ RunTime:0.000000s ]
INFO: [ template_filter ] --END-- [ RunTime:0.000000s ]
NOTIC: [8] Undefined variable: aaa D:\wamp\www\appollo\Application\Runtime\Cache\Admin\b595b808c2ebeeeb0478ffc30bb4e87a.php 第 200 行.
NOTIC: [8] Undefined variable: aaa D:\wamp\www\appollo\Application\Runtime\Cache\Admin\b595b808c2ebeeeb0478ffc30bb4e87a.php 第 200 行.
NOTIC: [8] Undefined variable: aaa D:\wamp\www\appollo\Application\Runtime\Cache\Admin\b595b808c2ebeeeb0478ffc30bb4e87a.php 第 200 行.
NOTIC: [8] Undefined variable: aaa D:\wamp\www\appollo\Application\Runtime\Cache\Admin\b595b808c2ebeeeb0478ffc30bb4e87a.php 第 200 行.
NOTIC: [8] Undefined variable: aaa D:\wamp\www\appollo\Application\Runtime\Cache\Admin\b595b808c2ebeeeb0478ffc30bb4e87a.php 第 200 行.
NOTIC: [8] Undefined variable: aaa D:\wamp\www\appollo\Application\Runtime\Cache\Admin\b595b808c2ebeeeb0478ffc30bb4e87a.php 第 200 行.
NOTIC: [8] Undefined variable: aaa D:\wamp\www\appollo\Application\Runtime\Cache\Admin\b595b808c2ebeeeb0478ffc30bb4e87a.php 第 200 行.
NOTIC: [8] Undefined variable: aaa D:\wamp\www\appollo\Application\Runtime\Cache\Admin\b595b808c2ebeeeb0478ffc30bb4e87a.php 第 200 行.
NOTIC: [8] Undefined variable: aaa D:\wamp\www\appollo\Application\Runtime\Cache\Admin\b595b808c2ebeeeb0478ffc30bb4e87a.php 第 200 行.
NOTIC: [8] Undefined variable: aaa D:\wamp\www\appollo\Application\Runtime\Cache\Admin\b595b808c2ebeeeb0478ffc30bb4e87a.php 第 200 行.
NOTIC: [8] Undefined variable: aaa D:\wamp\www\appollo\Application\Runtime\Cache\Admin\b595b808c2ebeeeb0478ffc30bb4e87a.php 第 200 行.
INFO: Run Behavior\ParseTemplateBehavior [ RunTime:0.039002s ]
INFO: [ view_parse ] --END-- [ RunTime:0.040002s ]
INFO: [ view_filter ] --START--
INFO: Run Behavior\WriteHtmlCacheBehavior [ RunTime:0.000000s ]
INFO: [ view_filter ] --END-- [ RunTime:0.000000s ]
INFO: [ app_end ] --START--
INFO: Run Behavior\ShowPageTraceBehavior [ RunTime:0.000000s ]
INFO: [ app_end ] --END-- [ RunTime:0.000000s ]

